-- The C compiler identification is GNU 11.4.0
-- The CXX compiler identification is GNU 11.4.0
-- Detecting C compiler ABI info
-- Detecting C compiler ABI info - done
-- Check for working C compiler: /usr/bin/cc - skipped
-- Detecting C compile features
-- Detecting C compile features - done
-- Detecting CXX compiler ABI info
-- Detecting CXX compiler ABI info - done
-- Check for working CXX compiler: /usr/bin/c++ - skipped
-- Detecting CXX compile features
-- Detecting CXX compile features - done
-- Found ament_cmake: 1.3.11 (/opt/ros/humble/share/ament_cmake/cmake)
-- Found Python3: /usr/bin/python3 (found version "3.10.12") found components: Interpreter 
-- Found rclcpp: 16.0.11 (/opt/ros/humble/share/rclcpp/cmake)
-- Found rosidl_generator_c: 3.1.6 (/opt/ros/humble/share/rosidl_generator_c/cmake)
-- Found rosidl_adapter: 3.1.6 (/opt/ros/humble/share/rosidl_adapter/cmake)
-- Found rosidl_generator_cpp: 3.1.6 (/opt/ros/humble/share/rosidl_generator_cpp/cmake)
-- Using all available rosidl_typesupport_c: rosidl_typesupport_fastrtps_c;rosidl_typesupport_introspection_c
-- Using all available rosidl_typesupport_cpp: rosidl_typesupport_fastrtps_cpp;rosidl_typesupport_introspection_cpp
-- Found rmw_implementation_cmake: 6.1.2 (/opt/ros/humble/share/rmw_implementation_cmake/cmake)
-- Found rmw_fastrtps_cpp: 6.2.7 (/opt/ros/humble/share/rmw_fastrtps_cpp/cmake)
-- Found OpenSSL: /usr/lib/x86_64-linux-gnu/libcrypto.so (found version "3.0.2")  
-- Found FastRTPS: /opt/ros/humble/include  
-- Using RMW implementation 'rmw_fastrtps_cpp' as default
-- Looking for pthread.h
-- Looking for pthread.h - found
-- Performing Test CMAKE_HAVE_LIBC_PTHREAD
-- Performing Test CMAKE_HAVE_LIBC_PTHREAD - Success
-- Found Threads: TRUE  
-- Found geometry_msgs: 4.2.4 (/opt/ros/humble/share/geometry_msgs/cmake)
-- Found pluginlib: 5.1.0 (/opt/ros/humble/share/pluginlib/cmake)
-- Found ompl: /usr/include/ompl-1.5;/usr/include;/usr/include/eigen3  
-- Found OpenCV: /usr (found version "4.5.4") 
-- Found Boost: /usr/lib/x86_64-linux-gnu/cmake/Boost-1.74.0/BoostConfig.cmake (found version "1.74.0") found components: program_options system filesystem 
-- Found ament_lint_auto: 0.12.11 (/opt/ros/humble/share/ament_lint_auto/cmake)
-- Added test 'cppcheck' to perform static code analysis on C / C++ code
-- Configured cppcheck include dirs: /home/arbaaz/decision_module/src/o5/include;$<BUILD_INTERFACE:/home/arbaaz/decision_module/src/o5/include>
-- Configured cppcheck exclude dirs and/or files: 
-- Added test 'lint_cmake' to check CMake code style
-- Added test 'uncrustify' to check C / C++ code style
-- Configured uncrustify additional arguments: 
-- Added test 'xmllint' to check XML markup files
-- Configuring done
-- Generating done
-- Build files have been written to: /home/arbaaz/decision_module/build/o5
[ 20%] [32mBuilding CXX object CMakeFiles/controller5.dir/src/controller5.cpp.o[0m
[ 40%] [32mBuilding CXX object CMakeFiles/main5.dir/src/Visualize.cpp.o[0m
[ 60%] [32mBuilding CXX object CMakeFiles/main5.dir/src/main5.cpp.o[0m
[ 80%] [32m[1mLinking CXX executable controller5[0m
[ 80%] Built target controller5
[100%] [32m[1mLinking CXX executable main5[0m
[100%] Built target main5
-- Install configuration: ""
-- Installing: /home/arbaaz/decision_module/install/o5/lib/o5/main5
-- Set runtime path of "/home/arbaaz/decision_module/install/o5/lib/o5/main5" to ""
-- Installing: /home/arbaaz/decision_module/install/o5/lib/o5/controller5
-- Set runtime path of "/home/arbaaz/decision_module/install/o5/lib/o5/controller5" to ""
-- Installing: /home/arbaaz/decision_module/install/o5/share/ament_index/resource_index/package_run_dependencies/o5
-- Installing: /home/arbaaz/decision_module/install/o5/share/ament_index/resource_index/parent_prefix_path/o5
-- Installing: /home/arbaaz/decision_module/install/o5/share/o5/environment/ament_prefix_path.sh
-- Installing: /home/arbaaz/decision_module/install/o5/share/o5/environment/ament_prefix_path.dsv
-- Installing: /home/arbaaz/decision_module/install/o5/share/o5/environment/path.sh
-- Installing: /home/arbaaz/decision_module/install/o5/share/o5/environment/path.dsv
-- Installing: /home/arbaaz/decision_module/install/o5/share/o5/local_setup.bash
-- Installing: /home/arbaaz/decision_module/install/o5/share/o5/local_setup.sh
-- Installing: /home/arbaaz/decision_module/install/o5/share/o5/local_setup.zsh
-- Installing: /home/arbaaz/decision_module/install/o5/share/o5/local_setup.dsv
-- Installing: /home/arbaaz/decision_module/install/o5/share/o5/package.dsv
-- Installing: /home/arbaaz/decision_module/install/o5/share/ament_index/resource_index/packages/o5
-- Installing: /home/arbaaz/decision_module/install/o5/share/o5/cmake/o5Config.cmake
-- Installing: /home/arbaaz/decision_module/install/o5/share/o5/cmake/o5Config-version.cmake
-- Installing: /home/arbaaz/decision_module/install/o5/share/o5/package.xml
