[35m[1mConsolidate compiler generated dependencies of target main3[0m
[35m[1mConsolidate compiler generated dependencies of target controller3[0m
[ 40%] Built target controller3
[100%] Built target main3
-- Install configuration: ""
-- Up-to-date: /home/arbaaz/decision_module/install/o3/lib/o3/main3
-- Up-to-date: /home/arbaaz/decision_module/install/o3/lib/o3/controller3
-- Up-to-date: /home/arbaaz/decision_module/install/o3/share/ament_index/resource_index/package_run_dependencies/o3
-- Up-to-date: /home/arbaaz/decision_module/install/o3/share/ament_index/resource_index/parent_prefix_path/o3
-- Up-to-date: /home/arbaaz/decision_module/install/o3/share/o3/environment/ament_prefix_path.sh
-- Up-to-date: /home/arbaaz/decision_module/install/o3/share/o3/environment/ament_prefix_path.dsv
-- Up-to-date: /home/arbaaz/decision_module/install/o3/share/o3/environment/path.sh
-- Up-to-date: /home/arbaaz/decision_module/install/o3/share/o3/environment/path.dsv
-- Up-to-date: /home/arbaaz/decision_module/install/o3/share/o3/local_setup.bash
-- Up-to-date: /home/arbaaz/decision_module/install/o3/share/o3/local_setup.sh
-- Up-to-date: /home/arbaaz/decision_module/install/o3/share/o3/local_setup.zsh
-- Up-to-date: /home/arbaaz/decision_module/install/o3/share/o3/local_setup.dsv
-- Installing: /home/arbaaz/decision_module/install/o3/share/o3/package.dsv
-- Up-to-date: /home/arbaaz/decision_module/install/o3/share/ament_index/resource_index/packages/o3
-- Up-to-date: /home/arbaaz/decision_module/install/o3/share/o3/cmake/o3Config.cmake
-- Up-to-date: /home/arbaaz/decision_module/install/o3/share/o3/cmake/o3Config-version.cmake
-- Up-to-date: /home/arbaaz/decision_module/install/o3/share/o3/package.xml
