[0.010s] Invoking command in '/home/arbaaz/decision_module/build/o3': CMAKE_PREFIX_PATH=${CMAKE_PREFIX_PATH}:/home/arbaaz/decision_module/install/simulation_pkg:/opt/ros/humble /usr/bin/cmake --build /home/arbaaz/decision_module/build/o3 -- -j12 -l12
[0.071s] [35m[1mConsolidate compiler generated dependencies of target main3[0m
[0.071s] [35m[1mConsolidate compiler generated dependencies of target controller3[0m
[0.101s] [ 40%] Built target controller3
[0.115s] [100%] Built target main3
[0.131s] Invoked command in '/home/arbaaz/decision_module/build/o3' returned '0': CMAKE_PREFIX_PATH=${CMAKE_PREFIX_PATH}:/home/arbaaz/decision_module/install/simulation_pkg:/opt/ros/humble /usr/bin/cmake --build /home/arbaaz/decision_module/build/o3 -- -j12 -l12
[0.133s] Invoking command in '/home/arbaaz/decision_module/build/o3': CMAKE_PREFIX_PATH=${CMAKE_PREFIX_PATH}:/home/arbaaz/decision_module/install/simulation_pkg:/opt/ros/humble /usr/bin/cmake --install /home/arbaaz/decision_module/build/o3
[0.143s] -- Install configuration: ""
[0.144s] -- Up-to-date: /home/arbaaz/decision_module/install/o3/lib/o3/main3
[0.145s] -- Up-to-date: /home/arbaaz/decision_module/install/o3/lib/o3/controller3
[0.145s] -- Up-to-date: /home/arbaaz/decision_module/install/o3/share/ament_index/resource_index/package_run_dependencies/o3
[0.145s] -- Up-to-date: /home/arbaaz/decision_module/install/o3/share/ament_index/resource_index/parent_prefix_path/o3
[0.146s] -- Up-to-date: /home/arbaaz/decision_module/install/o3/share/o3/environment/ament_prefix_path.sh
[0.146s] -- Up-to-date: /home/arbaaz/decision_module/install/o3/share/o3/environment/ament_prefix_path.dsv
[0.146s] -- Up-to-date: /home/arbaaz/decision_module/install/o3/share/o3/environment/path.sh
[0.146s] -- Up-to-date: /home/arbaaz/decision_module/install/o3/share/o3/environment/path.dsv
[0.146s] -- Up-to-date: /home/arbaaz/decision_module/install/o3/share/o3/local_setup.bash
[0.146s] -- Up-to-date: /home/arbaaz/decision_module/install/o3/share/o3/local_setup.sh
[0.146s] -- Up-to-date: /home/arbaaz/decision_module/install/o3/share/o3/local_setup.zsh
[0.146s] -- Up-to-date: /home/arbaaz/decision_module/install/o3/share/o3/local_setup.dsv
[0.146s] -- Installing: /home/arbaaz/decision_module/install/o3/share/o3/package.dsv
[0.146s] -- Up-to-date: /home/arbaaz/decision_module/install/o3/share/ament_index/resource_index/packages/o3
[0.146s] -- Up-to-date: /home/arbaaz/decision_module/install/o3/share/o3/cmake/o3Config.cmake
[0.147s] -- Up-to-date: /home/arbaaz/decision_module/install/o3/share/o3/cmake/o3Config-version.cmake
[0.147s] -- Up-to-date: /home/arbaaz/decision_module/install/o3/share/o3/package.xml
[0.151s] Invoked command in '/home/arbaaz/decision_module/build/o3' returned '0': CMAKE_PREFIX_PATH=${CMAKE_PREFIX_PATH}:/home/arbaaz/decision_module/install/simulation_pkg:/opt/ros/humble /usr/bin/cmake --install /home/arbaaz/decision_module/build/o3
