[0.103s] DEBUG:colcon:Command line arguments: ['/usr/bin/colcon', 'build', '--executor', 'sequential']
[0.103s] DEBUG:colcon:Parsed command line arguments: Namespace(log_base=None, log_level=None, verb_name='build', build_base='build', install_base='install', merge_install=False, symlink_install=False, test_result_base=None, continue_on_error=False, executor='sequential', parallel_workers=12, event_handlers=None, ignore_user_meta=False, metas=['./colcon.meta'], base_paths=['.'], packages_ignore=None, packages_ignore_regex=None, paths=None, packages_up_to=None, packages_up_to_regex=None, packages_above=None, packages_above_and_dependencies=None, packages_above_depth=None, packages_select_by_dep=None, packages_skip_by_dep=None, packages_skip_up_to=None, packages_select_build_failed=False, packages_skip_build_finished=False, packages_select_test_failures=False, packages_skip_test_passed=False, packages_select=None, packages_skip=None, packages_select_regex=None, packages_skip_regex=None, packages_start=None, packages_end=None, allow_overriding=[], cmake_args=None, cmake_target=None, cmake_target_skip_unavailable=False, cmake_clean_cache=False, cmake_clean_first=False, cmake_force_configure=False, ament_cmake_args=None, catkin_cmake_args=None, catkin_skip_building_tests=False, mixin_files=None, mixin=None, verb_parser=<colcon_mixin.mixin.mixin_argument.MixinArgumentDecorator object at 0x7cb557b3fdf0>, verb_extension=<colcon_core.verb.build.BuildVerb object at 0x7cb557b3f940>, main=<bound method BuildVerb.main of <colcon_core.verb.build.BuildVerb object at 0x7cb557b3f940>>, mixin_verb=('build',))
[0.269s] Level 1:colcon.colcon_core.package_discovery:discover_packages(colcon_meta) check parameters
[0.270s] Level 1:colcon.colcon_core.package_discovery:discover_packages(recursive) check parameters
[0.270s] Level 1:colcon.colcon_core.package_discovery:discover_packages(ignore) check parameters
[0.270s] Level 1:colcon.colcon_core.package_discovery:discover_packages(path) check parameters
[0.270s] Level 1:colcon.colcon_core.package_discovery:discover_packages(colcon_meta) discover
[0.270s] Level 1:colcon.colcon_core.package_discovery:discover_packages(recursive) discover
[0.270s] INFO:colcon.colcon_core.package_discovery:Crawling recursively for packages in '/home/arbaaz/decision_module'
[0.270s] Level 1:colcon.colcon_core.package_identification:_identify(.) by extensions ['ignore', 'ignore_ament_install']
[0.270s] Level 1:colcon.colcon_core.package_identification:_identify(.) by extension 'ignore'
[0.270s] Level 1:colcon.colcon_core.package_identification:_identify(.) by extension 'ignore_ament_install'
[0.270s] Level 1:colcon.colcon_core.package_identification:_identify(.) by extensions ['colcon_pkg']
[0.270s] Level 1:colcon.colcon_core.package_identification:_identify(.) by extension 'colcon_pkg'
[0.270s] Level 1:colcon.colcon_core.package_identification:_identify(.) by extensions ['colcon_meta']
[0.270s] Level 1:colcon.colcon_core.package_identification:_identify(.) by extension 'colcon_meta'
[0.270s] Level 1:colcon.colcon_core.package_identification:_identify(.) by extensions ['ros']
[0.270s] Level 1:colcon.colcon_core.package_identification:_identify(.) by extension 'ros'
[0.280s] Level 1:colcon.colcon_core.package_identification:_identify(.) by extensions ['cmake', 'python']
[0.280s] Level 1:colcon.colcon_core.package_identification:_identify(.) by extension 'cmake'
[0.280s] Level 1:colcon.colcon_core.package_identification:_identify(.) by extension 'python'
[0.280s] Level 1:colcon.colcon_core.package_identification:_identify(.) by extensions ['python_setup_py']
[0.280s] Level 1:colcon.colcon_core.package_identification:_identify(.) by extension 'python_setup_py'
[0.280s] Level 1:colcon.colcon_core.package_identification:_identify(build) by extensions ['ignore', 'ignore_ament_install']
[0.281s] Level 1:colcon.colcon_core.package_identification:_identify(build) by extension 'ignore'
[0.281s] Level 1:colcon.colcon_core.package_identification:_identify(build) ignored
[0.281s] Level 1:colcon.colcon_core.package_identification:_identify(install) by extensions ['ignore', 'ignore_ament_install']
[0.281s] Level 1:colcon.colcon_core.package_identification:_identify(install) by extension 'ignore'
[0.281s] Level 1:colcon.colcon_core.package_identification:_identify(install) ignored
[0.281s] Level 1:colcon.colcon_core.package_identification:_identify(log) by extensions ['ignore', 'ignore_ament_install']
[0.281s] Level 1:colcon.colcon_core.package_identification:_identify(log) by extension 'ignore'
[0.281s] Level 1:colcon.colcon_core.package_identification:_identify(log) ignored
[0.281s] Level 1:colcon.colcon_core.package_identification:_identify(src) by extensions ['ignore', 'ignore_ament_install']
[0.281s] Level 1:colcon.colcon_core.package_identification:_identify(src) by extension 'ignore'
[0.281s] Level 1:colcon.colcon_core.package_identification:_identify(src) by extension 'ignore_ament_install'
[0.281s] Level 1:colcon.colcon_core.package_identification:_identify(src) by extensions ['colcon_pkg']
[0.281s] Level 1:colcon.colcon_core.package_identification:_identify(src) by extension 'colcon_pkg'
[0.281s] Level 1:colcon.colcon_core.package_identification:_identify(src) by extensions ['colcon_meta']
[0.281s] Level 1:colcon.colcon_core.package_identification:_identify(src) by extension 'colcon_meta'
[0.281s] Level 1:colcon.colcon_core.package_identification:_identify(src) by extensions ['ros']
[0.281s] Level 1:colcon.colcon_core.package_identification:_identify(src) by extension 'ros'
[0.281s] Level 1:colcon.colcon_core.package_identification:_identify(src) by extensions ['cmake', 'python']
[0.281s] Level 1:colcon.colcon_core.package_identification:_identify(src) by extension 'cmake'
[0.281s] Level 1:colcon.colcon_core.package_identification:_identify(src) by extension 'python'
[0.282s] Level 1:colcon.colcon_core.package_identification:_identify(src) by extensions ['python_setup_py']
[0.282s] Level 1:colcon.colcon_core.package_identification:_identify(src) by extension 'python_setup_py'
[0.282s] Level 1:colcon.colcon_core.package_identification:_identify(src/o1) by extensions ['ignore', 'ignore_ament_install']
[0.282s] Level 1:colcon.colcon_core.package_identification:_identify(src/o1) by extension 'ignore'
[0.282s] Level 1:colcon.colcon_core.package_identification:_identify(src/o1) by extension 'ignore_ament_install'
[0.282s] Level 1:colcon.colcon_core.package_identification:_identify(src/o1) by extensions ['colcon_pkg']
[0.282s] Level 1:colcon.colcon_core.package_identification:_identify(src/o1) by extension 'colcon_pkg'
[0.282s] Level 1:colcon.colcon_core.package_identification:_identify(src/o1) by extensions ['colcon_meta']
[0.282s] Level 1:colcon.colcon_core.package_identification:_identify(src/o1) by extension 'colcon_meta'
[0.282s] Level 1:colcon.colcon_core.package_identification:_identify(src/o1) by extensions ['ros']
[0.282s] Level 1:colcon.colcon_core.package_identification:_identify(src/o1) by extension 'ros'
[0.284s] DEBUG:colcon.colcon_core.package_identification:Package 'src/o1' with type 'ros.ament_cmake' and name 'o1'
[0.285s] Level 1:colcon.colcon_core.package_identification:_identify(src/o2) by extensions ['ignore', 'ignore_ament_install']
[0.285s] Level 1:colcon.colcon_core.package_identification:_identify(src/o2) by extension 'ignore'
[0.285s] Level 1:colcon.colcon_core.package_identification:_identify(src/o2) by extension 'ignore_ament_install'
[0.285s] Level 1:colcon.colcon_core.package_identification:_identify(src/o2) by extensions ['colcon_pkg']
[0.285s] Level 1:colcon.colcon_core.package_identification:_identify(src/o2) by extension 'colcon_pkg'
[0.285s] Level 1:colcon.colcon_core.package_identification:_identify(src/o2) by extensions ['colcon_meta']
[0.285s] Level 1:colcon.colcon_core.package_identification:_identify(src/o2) by extension 'colcon_meta'
[0.285s] Level 1:colcon.colcon_core.package_identification:_identify(src/o2) by extensions ['ros']
[0.285s] Level 1:colcon.colcon_core.package_identification:_identify(src/o2) by extension 'ros'
[0.285s] DEBUG:colcon.colcon_core.package_identification:Package 'src/o2' with type 'ros.ament_cmake' and name 'o2'
[0.286s] Level 1:colcon.colcon_core.package_identification:_identify(src/o3) by extensions ['ignore', 'ignore_ament_install']
[0.286s] Level 1:colcon.colcon_core.package_identification:_identify(src/o3) by extension 'ignore'
[0.286s] Level 1:colcon.colcon_core.package_identification:_identify(src/o3) by extension 'ignore_ament_install'
[0.286s] Level 1:colcon.colcon_core.package_identification:_identify(src/o3) by extensions ['colcon_pkg']
[0.286s] Level 1:colcon.colcon_core.package_identification:_identify(src/o3) by extension 'colcon_pkg'
[0.286s] Level 1:colcon.colcon_core.package_identification:_identify(src/o3) by extensions ['colcon_meta']
[0.286s] Level 1:colcon.colcon_core.package_identification:_identify(src/o3) by extension 'colcon_meta'
[0.286s] Level 1:colcon.colcon_core.package_identification:_identify(src/o3) by extensions ['ros']
[0.286s] Level 1:colcon.colcon_core.package_identification:_identify(src/o3) by extension 'ros'
[0.286s] DEBUG:colcon.colcon_core.package_identification:Package 'src/o3' with type 'ros.ament_cmake' and name 'o3'
[0.286s] Level 1:colcon.colcon_core.package_identification:_identify(src/o4) by extensions ['ignore', 'ignore_ament_install']
[0.286s] Level 1:colcon.colcon_core.package_identification:_identify(src/o4) by extension 'ignore'
[0.287s] Level 1:colcon.colcon_core.package_identification:_identify(src/o4) by extension 'ignore_ament_install'
[0.287s] Level 1:colcon.colcon_core.package_identification:_identify(src/o4) by extensions ['colcon_pkg']
[0.287s] Level 1:colcon.colcon_core.package_identification:_identify(src/o4) by extension 'colcon_pkg'
[0.287s] Level 1:colcon.colcon_core.package_identification:_identify(src/o4) by extensions ['colcon_meta']
[0.287s] Level 1:colcon.colcon_core.package_identification:_identify(src/o4) by extension 'colcon_meta'
[0.287s] Level 1:colcon.colcon_core.package_identification:_identify(src/o4) by extensions ['ros']
[0.287s] Level 1:colcon.colcon_core.package_identification:_identify(src/o4) by extension 'ros'
[0.288s] DEBUG:colcon.colcon_core.package_identification:Package 'src/o4' with type 'ros.ament_cmake' and name 'o4'
[0.288s] Level 1:colcon.colcon_core.package_identification:_identify(src/o5) by extensions ['ignore', 'ignore_ament_install']
[0.288s] Level 1:colcon.colcon_core.package_identification:_identify(src/o5) by extension 'ignore'
[0.288s] Level 1:colcon.colcon_core.package_identification:_identify(src/o5) by extension 'ignore_ament_install'
[0.288s] Level 1:colcon.colcon_core.package_identification:_identify(src/o5) by extensions ['colcon_pkg']
[0.288s] Level 1:colcon.colcon_core.package_identification:_identify(src/o5) by extension 'colcon_pkg'
[0.288s] Level 1:colcon.colcon_core.package_identification:_identify(src/o5) by extensions ['colcon_meta']
[0.288s] Level 1:colcon.colcon_core.package_identification:_identify(src/o5) by extension 'colcon_meta'
[0.288s] Level 1:colcon.colcon_core.package_identification:_identify(src/o5) by extensions ['ros']
[0.288s] Level 1:colcon.colcon_core.package_identification:_identify(src/o5) by extension 'ros'
[0.289s] DEBUG:colcon.colcon_core.package_identification:Package 'src/o5' with type 'ros.ament_cmake' and name 'o5'
[0.289s] Level 1:colcon.colcon_core.package_identification:_identify(src/simulation_pkg) by extensions ['ignore', 'ignore_ament_install']
[0.289s] Level 1:colcon.colcon_core.package_identification:_identify(src/simulation_pkg) by extension 'ignore'
[0.289s] Level 1:colcon.colcon_core.package_identification:_identify(src/simulation_pkg) by extension 'ignore_ament_install'
[0.289s] Level 1:colcon.colcon_core.package_identification:_identify(src/simulation_pkg) by extensions ['colcon_pkg']
[0.289s] Level 1:colcon.colcon_core.package_identification:_identify(src/simulation_pkg) by extension 'colcon_pkg'
[0.289s] Level 1:colcon.colcon_core.package_identification:_identify(src/simulation_pkg) by extensions ['colcon_meta']
[0.289s] Level 1:colcon.colcon_core.package_identification:_identify(src/simulation_pkg) by extension 'colcon_meta'
[0.289s] Level 1:colcon.colcon_core.package_identification:_identify(src/simulation_pkg) by extensions ['ros']
[0.289s] Level 1:colcon.colcon_core.package_identification:_identify(src/simulation_pkg) by extension 'ros'
[0.289s] DEBUG:colcon.colcon_core.package_identification:Package 'src/simulation_pkg' with type 'ros.ament_python' and name 'simulation_pkg'
[0.289s] Level 1:colcon.colcon_core.package_discovery:discover_packages(recursive) using defaults
[0.289s] Level 1:colcon.colcon_core.package_discovery:discover_packages(ignore) discover
[0.290s] Level 1:colcon.colcon_core.package_discovery:discover_packages(ignore) using defaults
[0.290s] Level 1:colcon.colcon_core.package_discovery:discover_packages(path) discover
[0.290s] Level 1:colcon.colcon_core.package_discovery:discover_packages(path) using defaults
[0.339s] Level 1:colcon.colcon_core.package_discovery:discover_packages(prefix_path) check parameters
[0.339s] Level 1:colcon.colcon_core.package_discovery:discover_packages(prefix_path) discover
[0.340s] WARNING:colcon.colcon_ros.prefix_path.ament:The path '/home/arbaaz/decision_module/install/simulation_pkg' in the environment variable AMENT_PREFIX_PATH doesn't exist
[0.340s] WARNING:colcon.colcon_ros.prefix_path.ament:The path '/home/arbaaz/decision_module/install/o5' in the environment variable AMENT_PREFIX_PATH doesn't exist
[0.340s] WARNING:colcon.colcon_ros.prefix_path.ament:The path '/home/arbaaz/decision_module/install/o4' in the environment variable AMENT_PREFIX_PATH doesn't exist
[0.340s] WARNING:colcon.colcon_ros.prefix_path.ament:The path '/home/arbaaz/decision_module/install/o3' in the environment variable AMENT_PREFIX_PATH doesn't exist
[0.340s] WARNING:colcon.colcon_ros.prefix_path.ament:The path '/home/arbaaz/decision_module/install/o2' in the environment variable AMENT_PREFIX_PATH doesn't exist
[0.340s] WARNING:colcon.colcon_ros.prefix_path.ament:The path '/home/arbaaz/decision_module/install/o1' in the environment variable AMENT_PREFIX_PATH doesn't exist
[0.341s] WARNING:colcon.colcon_ros.prefix_path.catkin:The path '/home/arbaaz/decision_module/install/o5' in the environment variable CMAKE_PREFIX_PATH doesn't exist
[0.341s] WARNING:colcon.colcon_ros.prefix_path.catkin:The path '/home/arbaaz/decision_module/install/o4' in the environment variable CMAKE_PREFIX_PATH doesn't exist
[0.341s] WARNING:colcon.colcon_ros.prefix_path.catkin:The path '/home/arbaaz/decision_module/install/o3' in the environment variable CMAKE_PREFIX_PATH doesn't exist
[0.341s] WARNING:colcon.colcon_ros.prefix_path.catkin:The path '/home/arbaaz/decision_module/install/o2' in the environment variable CMAKE_PREFIX_PATH doesn't exist
[0.341s] WARNING:colcon.colcon_ros.prefix_path.catkin:The path '/home/arbaaz/decision_module/install/o1' in the environment variable CMAKE_PREFIX_PATH doesn't exist
[0.341s] DEBUG:colcon.colcon_installed_package_information.package_discovery:Found 0 installed packages in /home/arbaaz/decision_module/install
[0.343s] DEBUG:colcon.colcon_installed_package_information.package_discovery:Found 327 installed packages in /opt/ros/humble
[0.344s] Level 1:colcon.colcon_core.package_discovery:discover_packages(prefix_path) using defaults
[0.381s] Level 5:colcon.colcon_core.verb:set package 'o1' build argument 'cmake_args' from command line to 'None'
[0.381s] Level 5:colcon.colcon_core.verb:set package 'o1' build argument 'cmake_target' from command line to 'None'
[0.381s] Level 5:colcon.colcon_core.verb:set package 'o1' build argument 'cmake_target_skip_unavailable' from command line to 'False'
[0.381s] Level 5:colcon.colcon_core.verb:set package 'o1' build argument 'cmake_clean_cache' from command line to 'False'
[0.381s] Level 5:colcon.colcon_core.verb:set package 'o1' build argument 'cmake_clean_first' from command line to 'False'
[0.381s] Level 5:colcon.colcon_core.verb:set package 'o1' build argument 'cmake_force_configure' from command line to 'False'
[0.381s] Level 5:colcon.colcon_core.verb:set package 'o1' build argument 'ament_cmake_args' from command line to 'None'
[0.381s] Level 5:colcon.colcon_core.verb:set package 'o1' build argument 'catkin_cmake_args' from command line to 'None'
[0.381s] Level 5:colcon.colcon_core.verb:set package 'o1' build argument 'catkin_skip_building_tests' from command line to 'False'
[0.381s] DEBUG:colcon.colcon_core.verb:Building package 'o1' with the following arguments: {'ament_cmake_args': None, 'build_base': '/home/arbaaz/decision_module/build/o1', 'catkin_cmake_args': None, 'catkin_skip_building_tests': False, 'cmake_args': None, 'cmake_clean_cache': False, 'cmake_clean_first': False, 'cmake_force_configure': False, 'cmake_target': None, 'cmake_target_skip_unavailable': False, 'install_base': '/home/arbaaz/decision_module/install/o1', 'merge_install': False, 'path': '/home/arbaaz/decision_module/src/o1', 'symlink_install': False, 'test_result_base': None}
[0.381s] Level 5:colcon.colcon_core.verb:set package 'o2' build argument 'cmake_args' from command line to 'None'
[0.381s] Level 5:colcon.colcon_core.verb:set package 'o2' build argument 'cmake_target' from command line to 'None'
[0.381s] Level 5:colcon.colcon_core.verb:set package 'o2' build argument 'cmake_target_skip_unavailable' from command line to 'False'
[0.381s] Level 5:colcon.colcon_core.verb:set package 'o2' build argument 'cmake_clean_cache' from command line to 'False'
[0.381s] Level 5:colcon.colcon_core.verb:set package 'o2' build argument 'cmake_clean_first' from command line to 'False'
[0.381s] Level 5:colcon.colcon_core.verb:set package 'o2' build argument 'cmake_force_configure' from command line to 'False'
[0.381s] Level 5:colcon.colcon_core.verb:set package 'o2' build argument 'ament_cmake_args' from command line to 'None'
[0.381s] Level 5:colcon.colcon_core.verb:set package 'o2' build argument 'catkin_cmake_args' from command line to 'None'
[0.381s] Level 5:colcon.colcon_core.verb:set package 'o2' build argument 'catkin_skip_building_tests' from command line to 'False'
[0.381s] DEBUG:colcon.colcon_core.verb:Building package 'o2' with the following arguments: {'ament_cmake_args': None, 'build_base': '/home/arbaaz/decision_module/build/o2', 'catkin_cmake_args': None, 'catkin_skip_building_tests': False, 'cmake_args': None, 'cmake_clean_cache': False, 'cmake_clean_first': False, 'cmake_force_configure': False, 'cmake_target': None, 'cmake_target_skip_unavailable': False, 'install_base': '/home/arbaaz/decision_module/install/o2', 'merge_install': False, 'path': '/home/arbaaz/decision_module/src/o2', 'symlink_install': False, 'test_result_base': None}
[0.382s] Level 5:colcon.colcon_core.verb:set package 'o3' build argument 'cmake_args' from command line to 'None'
[0.382s] Level 5:colcon.colcon_core.verb:set package 'o3' build argument 'cmake_target' from command line to 'None'
[0.382s] Level 5:colcon.colcon_core.verb:set package 'o3' build argument 'cmake_target_skip_unavailable' from command line to 'False'
[0.382s] Level 5:colcon.colcon_core.verb:set package 'o3' build argument 'cmake_clean_cache' from command line to 'False'
[0.382s] Level 5:colcon.colcon_core.verb:set package 'o3' build argument 'cmake_clean_first' from command line to 'False'
[0.382s] Level 5:colcon.colcon_core.verb:set package 'o3' build argument 'cmake_force_configure' from command line to 'False'
[0.382s] Level 5:colcon.colcon_core.verb:set package 'o3' build argument 'ament_cmake_args' from command line to 'None'
[0.382s] Level 5:colcon.colcon_core.verb:set package 'o3' build argument 'catkin_cmake_args' from command line to 'None'
[0.382s] Level 5:colcon.colcon_core.verb:set package 'o3' build argument 'catkin_skip_building_tests' from command line to 'False'
[0.382s] DEBUG:colcon.colcon_core.verb:Building package 'o3' with the following arguments: {'ament_cmake_args': None, 'build_base': '/home/arbaaz/decision_module/build/o3', 'catkin_cmake_args': None, 'catkin_skip_building_tests': False, 'cmake_args': None, 'cmake_clean_cache': False, 'cmake_clean_first': False, 'cmake_force_configure': False, 'cmake_target': None, 'cmake_target_skip_unavailable': False, 'install_base': '/home/arbaaz/decision_module/install/o3', 'merge_install': False, 'path': '/home/arbaaz/decision_module/src/o3', 'symlink_install': False, 'test_result_base': None}
[0.382s] Level 5:colcon.colcon_core.verb:set package 'o4' build argument 'cmake_args' from command line to 'None'
[0.382s] Level 5:colcon.colcon_core.verb:set package 'o4' build argument 'cmake_target' from command line to 'None'
[0.382s] Level 5:colcon.colcon_core.verb:set package 'o4' build argument 'cmake_target_skip_unavailable' from command line to 'False'
[0.382s] Level 5:colcon.colcon_core.verb:set package 'o4' build argument 'cmake_clean_cache' from command line to 'False'
[0.382s] Level 5:colcon.colcon_core.verb:set package 'o4' build argument 'cmake_clean_first' from command line to 'False'
[0.382s] Level 5:colcon.colcon_core.verb:set package 'o4' build argument 'cmake_force_configure' from command line to 'False'
[0.382s] Level 5:colcon.colcon_core.verb:set package 'o4' build argument 'ament_cmake_args' from command line to 'None'
[0.382s] Level 5:colcon.colcon_core.verb:set package 'o4' build argument 'catkin_cmake_args' from command line to 'None'
[0.382s] Level 5:colcon.colcon_core.verb:set package 'o4' build argument 'catkin_skip_building_tests' from command line to 'False'
[0.382s] DEBUG:colcon.colcon_core.verb:Building package 'o4' with the following arguments: {'ament_cmake_args': None, 'build_base': '/home/arbaaz/decision_module/build/o4', 'catkin_cmake_args': None, 'catkin_skip_building_tests': False, 'cmake_args': None, 'cmake_clean_cache': False, 'cmake_clean_first': False, 'cmake_force_configure': False, 'cmake_target': None, 'cmake_target_skip_unavailable': False, 'install_base': '/home/arbaaz/decision_module/install/o4', 'merge_install': False, 'path': '/home/arbaaz/decision_module/src/o4', 'symlink_install': False, 'test_result_base': None}
[0.383s] Level 5:colcon.colcon_core.verb:set package 'o5' build argument 'cmake_args' from command line to 'None'
[0.383s] Level 5:colcon.colcon_core.verb:set package 'o5' build argument 'cmake_target' from command line to 'None'
[0.383s] Level 5:colcon.colcon_core.verb:set package 'o5' build argument 'cmake_target_skip_unavailable' from command line to 'False'
[0.383s] Level 5:colcon.colcon_core.verb:set package 'o5' build argument 'cmake_clean_cache' from command line to 'False'
[0.383s] Level 5:colcon.colcon_core.verb:set package 'o5' build argument 'cmake_clean_first' from command line to 'False'
[0.383s] Level 5:colcon.colcon_core.verb:set package 'o5' build argument 'cmake_force_configure' from command line to 'False'
[0.383s] Level 5:colcon.colcon_core.verb:set package 'o5' build argument 'ament_cmake_args' from command line to 'None'
[0.383s] Level 5:colcon.colcon_core.verb:set package 'o5' build argument 'catkin_cmake_args' from command line to 'None'
[0.383s] Level 5:colcon.colcon_core.verb:set package 'o5' build argument 'catkin_skip_building_tests' from command line to 'False'
[0.383s] DEBUG:colcon.colcon_core.verb:Building package 'o5' with the following arguments: {'ament_cmake_args': None, 'build_base': '/home/arbaaz/decision_module/build/o5', 'catkin_cmake_args': None, 'catkin_skip_building_tests': False, 'cmake_args': None, 'cmake_clean_cache': False, 'cmake_clean_first': False, 'cmake_force_configure': False, 'cmake_target': None, 'cmake_target_skip_unavailable': False, 'install_base': '/home/arbaaz/decision_module/install/o5', 'merge_install': False, 'path': '/home/arbaaz/decision_module/src/o5', 'symlink_install': False, 'test_result_base': None}
[0.383s] Level 5:colcon.colcon_core.verb:set package 'simulation_pkg' build argument 'cmake_args' from command line to 'None'
[0.383s] Level 5:colcon.colcon_core.verb:set package 'simulation_pkg' build argument 'cmake_target' from command line to 'None'
[0.383s] Level 5:colcon.colcon_core.verb:set package 'simulation_pkg' build argument 'cmake_target_skip_unavailable' from command line to 'False'
[0.383s] Level 5:colcon.colcon_core.verb:set package 'simulation_pkg' build argument 'cmake_clean_cache' from command line to 'False'
[0.383s] Level 5:colcon.colcon_core.verb:set package 'simulation_pkg' build argument 'cmake_clean_first' from command line to 'False'
[0.383s] Level 5:colcon.colcon_core.verb:set package 'simulation_pkg' build argument 'cmake_force_configure' from command line to 'False'
[0.383s] Level 5:colcon.colcon_core.verb:set package 'simulation_pkg' build argument 'ament_cmake_args' from command line to 'None'
[0.383s] Level 5:colcon.colcon_core.verb:set package 'simulation_pkg' build argument 'catkin_cmake_args' from command line to 'None'
[0.383s] Level 5:colcon.colcon_core.verb:set package 'simulation_pkg' build argument 'catkin_skip_building_tests' from command line to 'False'
[0.383s] DEBUG:colcon.colcon_core.verb:Building package 'simulation_pkg' with the following arguments: {'ament_cmake_args': None, 'build_base': '/home/arbaaz/decision_module/build/simulation_pkg', 'catkin_cmake_args': None, 'catkin_skip_building_tests': False, 'cmake_args': None, 'cmake_clean_cache': False, 'cmake_clean_first': False, 'cmake_force_configure': False, 'cmake_target': None, 'cmake_target_skip_unavailable': False, 'install_base': '/home/arbaaz/decision_module/install/simulation_pkg', 'merge_install': False, 'path': '/home/arbaaz/decision_module/src/simulation_pkg', 'symlink_install': False, 'test_result_base': None}
[0.383s] INFO:colcon.colcon_core.executor:Executing jobs using 'sequential' executor
[0.385s] DEBUG:colcon.colcon_core.executor.sequential:run_until_complete 'o1'
[0.385s] INFO:colcon.colcon_ros.task.ament_cmake.build:Building ROS package in '/home/arbaaz/decision_module/src/o1' with build type 'ament_cmake'
[0.385s] INFO:colcon.colcon_cmake.task.cmake.build:Building CMake package in '/home/arbaaz/decision_module/src/o1'
[0.387s] INFO:colcon.colcon_core.plugin_system:Skipping extension 'colcon_core.shell.bat': Not used on non-Windows systems
[0.387s] INFO:colcon.colcon_core.shell:Skip shell extension 'powershell' for command environment: Not usable outside of PowerShell
[0.387s] DEBUG:colcon.colcon_core.shell:Skip shell extension 'dsv' for command environment
[0.400s] DEBUG:colcon.colcon_core.event_handler.log_command:Invoking command in '/home/arbaaz/decision_module/build/o1': CMAKE_PREFIX_PATH=${CMAKE_PREFIX_PATH}:/home/arbaaz/decision_module/install/simulation_pkg:/opt/ros/humble /usr/bin/cmake /home/arbaaz/decision_module/src/o1 -DCMAKE_INSTALL_PREFIX=/home/arbaaz/decision_module/install/o1
[2.206s] DEBUG:colcon.colcon_core.event_handler.log_command:Invoked command in '/home/arbaaz/decision_module/build/o1' returned '0': CMAKE_PREFIX_PATH=${CMAKE_PREFIX_PATH}:/home/arbaaz/decision_module/install/simulation_pkg:/opt/ros/humble /usr/bin/cmake /home/arbaaz/decision_module/src/o1 -DCMAKE_INSTALL_PREFIX=/home/arbaaz/decision_module/install/o1
[2.209s] DEBUG:colcon.colcon_core.event_handler.log_command:Invoking command in '/home/arbaaz/decision_module/build/o1': CMAKE_PREFIX_PATH=${CMAKE_PREFIX_PATH}:/home/arbaaz/decision_module/install/simulation_pkg:/opt/ros/humble /usr/bin/cmake --build /home/arbaaz/decision_module/build/o1 -- -j12 -l12
[17.815s] DEBUG:colcon.colcon_core.event_handler.log_command:Invoked command in '/home/arbaaz/decision_module/build/o1' returned '0': CMAKE_PREFIX_PATH=${CMAKE_PREFIX_PATH}:/home/arbaaz/decision_module/install/simulation_pkg:/opt/ros/humble /usr/bin/cmake --build /home/arbaaz/decision_module/build/o1 -- -j12 -l12
[17.830s] DEBUG:colcon.colcon_core.event_handler.log_command:Invoking command in '/home/arbaaz/decision_module/build/o1': CMAKE_PREFIX_PATH=${CMAKE_PREFIX_PATH}:/home/arbaaz/decision_module/install/simulation_pkg:/opt/ros/humble /usr/bin/cmake --install /home/arbaaz/decision_module/build/o1
[17.858s] Level 1:colcon.colcon_core.environment:create_environment_scripts_only(o1)
[17.859s] DEBUG:colcon.colcon_core.event_handler.log_command:Invoked command in '/home/arbaaz/decision_module/build/o1' returned '0': CMAKE_PREFIX_PATH=${CMAKE_PREFIX_PATH}:/home/arbaaz/decision_module/install/simulation_pkg:/opt/ros/humble /usr/bin/cmake --install /home/arbaaz/decision_module/build/o1
[17.870s] Level 1:colcon.colcon_core.environment:checking '/home/arbaaz/decision_module/install/o1' for CMake module files
[17.871s] Level 1:colcon.colcon_core.environment:checking '/home/arbaaz/decision_module/install/o1' for CMake config files
[17.871s] Level 1:colcon.colcon_core.shell:create_environment_hook('o1', 'cmake_prefix_path')
[17.871s] INFO:colcon.colcon_core.shell:Creating environment hook '/home/arbaaz/decision_module/install/o1/share/o1/hook/cmake_prefix_path.ps1'
[17.873s] INFO:colcon.colcon_core.shell:Creating environment descriptor '/home/arbaaz/decision_module/install/o1/share/o1/hook/cmake_prefix_path.dsv'
[17.874s] INFO:colcon.colcon_core.shell:Creating environment hook '/home/arbaaz/decision_module/install/o1/share/o1/hook/cmake_prefix_path.sh'
[17.875s] Level 1:colcon.colcon_core.environment:checking '/home/arbaaz/decision_module/install/o1/lib'
[17.875s] Level 1:colcon.colcon_core.environment:checking '/home/arbaaz/decision_module/install/o1/bin'
[17.875s] Level 1:colcon.colcon_core.environment:checking '/home/arbaaz/decision_module/install/o1/lib/pkgconfig/o1.pc'
[17.876s] Level 1:colcon.colcon_core.environment:checking '/home/arbaaz/decision_module/install/o1/lib/python3.10/site-packages'
[17.876s] Level 1:colcon.colcon_core.environment:checking '/home/arbaaz/decision_module/install/o1/bin'
[17.876s] INFO:colcon.colcon_core.shell:Creating package script '/home/arbaaz/decision_module/install/o1/share/o1/package.ps1'
[17.877s] INFO:colcon.colcon_core.shell:Creating package descriptor '/home/arbaaz/decision_module/install/o1/share/o1/package.dsv'
[17.878s] INFO:colcon.colcon_core.shell:Creating package script '/home/arbaaz/decision_module/install/o1/share/o1/package.sh'
[17.879s] INFO:colcon.colcon_core.shell:Creating package script '/home/arbaaz/decision_module/install/o1/share/o1/package.bash'
[17.880s] INFO:colcon.colcon_core.shell:Creating package script '/home/arbaaz/decision_module/install/o1/share/o1/package.zsh'
[17.882s] Level 1:colcon.colcon_core.environment:create_file_with_runtime_dependencies(/home/arbaaz/decision_module/install/o1/share/colcon-core/packages/o1)
[17.882s] Level 1:colcon.colcon_core.environment:create_environment_scripts_only(o1)
[17.883s] Level 1:colcon.colcon_core.environment:checking '/home/arbaaz/decision_module/install/o1' for CMake module files
[17.883s] Level 1:colcon.colcon_core.environment:checking '/home/arbaaz/decision_module/install/o1' for CMake config files
[17.883s] Level 1:colcon.colcon_core.shell:create_environment_hook('o1', 'cmake_prefix_path')
[17.883s] INFO:colcon.colcon_core.shell:Creating environment hook '/home/arbaaz/decision_module/install/o1/share/o1/hook/cmake_prefix_path.ps1'
[17.884s] INFO:colcon.colcon_core.shell:Creating environment descriptor '/home/arbaaz/decision_module/install/o1/share/o1/hook/cmake_prefix_path.dsv'
[17.884s] INFO:colcon.colcon_core.shell:Creating environment hook '/home/arbaaz/decision_module/install/o1/share/o1/hook/cmake_prefix_path.sh'
[17.885s] Level 1:colcon.colcon_core.environment:checking '/home/arbaaz/decision_module/install/o1/lib'
[17.885s] Level 1:colcon.colcon_core.environment:checking '/home/arbaaz/decision_module/install/o1/bin'
[17.885s] Level 1:colcon.colcon_core.environment:checking '/home/arbaaz/decision_module/install/o1/lib/pkgconfig/o1.pc'
[17.885s] Level 1:colcon.colcon_core.environment:checking '/home/arbaaz/decision_module/install/o1/lib/python3.10/site-packages'
[17.885s] Level 1:colcon.colcon_core.environment:checking '/home/arbaaz/decision_module/install/o1/bin'
[17.886s] INFO:colcon.colcon_core.shell:Creating package script '/home/arbaaz/decision_module/install/o1/share/o1/package.ps1'
[17.887s] INFO:colcon.colcon_core.shell:Creating package descriptor '/home/arbaaz/decision_module/install/o1/share/o1/package.dsv'
[17.887s] INFO:colcon.colcon_core.shell:Creating package script '/home/arbaaz/decision_module/install/o1/share/o1/package.sh'
[17.887s] INFO:colcon.colcon_core.shell:Creating package script '/home/arbaaz/decision_module/install/o1/share/o1/package.bash'
[17.888s] INFO:colcon.colcon_core.shell:Creating package script '/home/arbaaz/decision_module/install/o1/share/o1/package.zsh'
[17.889s] Level 1:colcon.colcon_core.environment:create_file_with_runtime_dependencies(/home/arbaaz/decision_module/install/o1/share/colcon-core/packages/o1)
[17.889s] DEBUG:colcon.colcon_core.executor.sequential:run_until_complete 'o1' finished with '0'
[17.889s] DEBUG:colcon.colcon_core.executor.sequential:run_until_complete 'o2'
[17.889s] INFO:colcon.colcon_ros.task.ament_cmake.build:Building ROS package in '/home/arbaaz/decision_module/src/o2' with build type 'ament_cmake'
[17.889s] INFO:colcon.colcon_cmake.task.cmake.build:Building CMake package in '/home/arbaaz/decision_module/src/o2'
[17.889s] INFO:colcon.colcon_core.shell:Skip shell extension 'powershell' for command environment: Not usable outside of PowerShell
[17.889s] DEBUG:colcon.colcon_core.shell:Skip shell extension 'dsv' for command environment
[17.902s] DEBUG:colcon.colcon_core.event_handler.log_command:Invoking command in '/home/arbaaz/decision_module/build/o2': CMAKE_PREFIX_PATH=${CMAKE_PREFIX_PATH}:/home/arbaaz/decision_module/install/simulation_pkg:/opt/ros/humble /usr/bin/cmake /home/arbaaz/decision_module/src/o2 -DCMAKE_INSTALL_PREFIX=/home/arbaaz/decision_module/install/o2
[19.538s] DEBUG:colcon.colcon_core.event_handler.log_command:Invoked command in '/home/arbaaz/decision_module/build/o2' returned '0': CMAKE_PREFIX_PATH=${CMAKE_PREFIX_PATH}:/home/arbaaz/decision_module/install/simulation_pkg:/opt/ros/humble /usr/bin/cmake /home/arbaaz/decision_module/src/o2 -DCMAKE_INSTALL_PREFIX=/home/arbaaz/decision_module/install/o2
[19.540s] DEBUG:colcon.colcon_core.event_handler.log_command:Invoking command in '/home/arbaaz/decision_module/build/o2': CMAKE_PREFIX_PATH=${CMAKE_PREFIX_PATH}:/home/arbaaz/decision_module/install/simulation_pkg:/opt/ros/humble /usr/bin/cmake --build /home/arbaaz/decision_module/build/o2 -- -j12 -l12
[35.256s] DEBUG:colcon.colcon_core.event_handler.log_command:Invoked command in '/home/arbaaz/decision_module/build/o2' returned '0': CMAKE_PREFIX_PATH=${CMAKE_PREFIX_PATH}:/home/arbaaz/decision_module/install/simulation_pkg:/opt/ros/humble /usr/bin/cmake --build /home/arbaaz/decision_module/build/o2 -- -j12 -l12
[35.258s] DEBUG:colcon.colcon_core.event_handler.log_command:Invoking command in '/home/arbaaz/decision_module/build/o2': CMAKE_PREFIX_PATH=${CMAKE_PREFIX_PATH}:/home/arbaaz/decision_module/install/simulation_pkg:/opt/ros/humble /usr/bin/cmake --install /home/arbaaz/decision_module/build/o2
[35.290s] Level 1:colcon.colcon_core.environment:create_environment_scripts_only(o2)
[35.291s] Level 1:colcon.colcon_core.environment:checking '/home/arbaaz/decision_module/install/o2' for CMake module files
[35.291s] DEBUG:colcon.colcon_core.event_handler.log_command:Invoked command in '/home/arbaaz/decision_module/build/o2' returned '0': CMAKE_PREFIX_PATH=${CMAKE_PREFIX_PATH}:/home/arbaaz/decision_module/install/simulation_pkg:/opt/ros/humble /usr/bin/cmake --install /home/arbaaz/decision_module/build/o2
[35.292s] Level 1:colcon.colcon_core.environment:checking '/home/arbaaz/decision_module/install/o2' for CMake config files
[35.292s] Level 1:colcon.colcon_core.shell:create_environment_hook('o2', 'cmake_prefix_path')
[35.292s] INFO:colcon.colcon_core.shell:Creating environment hook '/home/arbaaz/decision_module/install/o2/share/o2/hook/cmake_prefix_path.ps1'
[35.295s] INFO:colcon.colcon_core.shell:Creating environment descriptor '/home/arbaaz/decision_module/install/o2/share/o2/hook/cmake_prefix_path.dsv'
[35.296s] INFO:colcon.colcon_core.shell:Creating environment hook '/home/arbaaz/decision_module/install/o2/share/o2/hook/cmake_prefix_path.sh'
[35.297s] Level 1:colcon.colcon_core.environment:checking '/home/arbaaz/decision_module/install/o2/lib'
[35.297s] Level 1:colcon.colcon_core.environment:checking '/home/arbaaz/decision_module/install/o2/bin'
[35.297s] Level 1:colcon.colcon_core.environment:checking '/home/arbaaz/decision_module/install/o2/lib/pkgconfig/o2.pc'
[35.297s] Level 1:colcon.colcon_core.environment:checking '/home/arbaaz/decision_module/install/o2/lib/python3.10/site-packages'
[35.298s] Level 1:colcon.colcon_core.environment:checking '/home/arbaaz/decision_module/install/o2/bin'
[35.298s] INFO:colcon.colcon_core.shell:Creating package script '/home/arbaaz/decision_module/install/o2/share/o2/package.ps1'
[35.298s] INFO:colcon.colcon_core.shell:Creating package descriptor '/home/arbaaz/decision_module/install/o2/share/o2/package.dsv'
[35.299s] INFO:colcon.colcon_core.shell:Creating package script '/home/arbaaz/decision_module/install/o2/share/o2/package.sh'
[35.300s] INFO:colcon.colcon_core.shell:Creating package script '/home/arbaaz/decision_module/install/o2/share/o2/package.bash'
[35.301s] INFO:colcon.colcon_core.shell:Creating package script '/home/arbaaz/decision_module/install/o2/share/o2/package.zsh'
[35.302s] Level 1:colcon.colcon_core.environment:create_file_with_runtime_dependencies(/home/arbaaz/decision_module/install/o2/share/colcon-core/packages/o2)
[35.303s] Level 1:colcon.colcon_core.environment:create_environment_scripts_only(o2)
[35.303s] Level 1:colcon.colcon_core.environment:checking '/home/arbaaz/decision_module/install/o2' for CMake module files
[35.303s] Level 1:colcon.colcon_core.environment:checking '/home/arbaaz/decision_module/install/o2' for CMake config files
[35.304s] Level 1:colcon.colcon_core.shell:create_environment_hook('o2', 'cmake_prefix_path')
[35.304s] INFO:colcon.colcon_core.shell:Creating environment hook '/home/arbaaz/decision_module/install/o2/share/o2/hook/cmake_prefix_path.ps1'
[35.304s] INFO:colcon.colcon_core.shell:Creating environment descriptor '/home/arbaaz/decision_module/install/o2/share/o2/hook/cmake_prefix_path.dsv'
[35.304s] INFO:colcon.colcon_core.shell:Creating environment hook '/home/arbaaz/decision_module/install/o2/share/o2/hook/cmake_prefix_path.sh'
[35.305s] Level 1:colcon.colcon_core.environment:checking '/home/arbaaz/decision_module/install/o2/lib'
[35.305s] Level 1:colcon.colcon_core.environment:checking '/home/arbaaz/decision_module/install/o2/bin'
[35.305s] Level 1:colcon.colcon_core.environment:checking '/home/arbaaz/decision_module/install/o2/lib/pkgconfig/o2.pc'
[35.305s] Level 1:colcon.colcon_core.environment:checking '/home/arbaaz/decision_module/install/o2/lib/python3.10/site-packages'
[35.305s] Level 1:colcon.colcon_core.environment:checking '/home/arbaaz/decision_module/install/o2/bin'
[35.305s] INFO:colcon.colcon_core.shell:Creating package script '/home/arbaaz/decision_module/install/o2/share/o2/package.ps1'
[35.306s] INFO:colcon.colcon_core.shell:Creating package descriptor '/home/arbaaz/decision_module/install/o2/share/o2/package.dsv'
[35.306s] INFO:colcon.colcon_core.shell:Creating package script '/home/arbaaz/decision_module/install/o2/share/o2/package.sh'
[35.307s] INFO:colcon.colcon_core.shell:Creating package script '/home/arbaaz/decision_module/install/o2/share/o2/package.bash'
[35.307s] INFO:colcon.colcon_core.shell:Creating package script '/home/arbaaz/decision_module/install/o2/share/o2/package.zsh'
[35.307s] Level 1:colcon.colcon_core.environment:create_file_with_runtime_dependencies(/home/arbaaz/decision_module/install/o2/share/colcon-core/packages/o2)
[35.307s] DEBUG:colcon.colcon_core.executor.sequential:run_until_complete 'o2' finished with '0'
[35.307s] DEBUG:colcon.colcon_core.executor.sequential:run_until_complete 'o3'
[35.307s] INFO:colcon.colcon_ros.task.ament_cmake.build:Building ROS package in '/home/arbaaz/decision_module/src/o3' with build type 'ament_cmake'
[35.308s] INFO:colcon.colcon_cmake.task.cmake.build:Building CMake package in '/home/arbaaz/decision_module/src/o3'
[35.308s] INFO:colcon.colcon_core.shell:Skip shell extension 'powershell' for command environment: Not usable outside of PowerShell
[35.308s] DEBUG:colcon.colcon_core.shell:Skip shell extension 'dsv' for command environment
[35.321s] DEBUG:colcon.colcon_core.event_handler.log_command:Invoking command in '/home/arbaaz/decision_module/build/o3': CMAKE_PREFIX_PATH=${CMAKE_PREFIX_PATH}:/home/arbaaz/decision_module/install/simulation_pkg:/opt/ros/humble /usr/bin/cmake /home/arbaaz/decision_module/src/o3 -DCMAKE_INSTALL_PREFIX=/home/arbaaz/decision_module/install/o3
[37.001s] DEBUG:colcon.colcon_core.event_handler.log_command:Invoked command in '/home/arbaaz/decision_module/build/o3' returned '0': CMAKE_PREFIX_PATH=${CMAKE_PREFIX_PATH}:/home/arbaaz/decision_module/install/simulation_pkg:/opt/ros/humble /usr/bin/cmake /home/arbaaz/decision_module/src/o3 -DCMAKE_INSTALL_PREFIX=/home/arbaaz/decision_module/install/o3
[37.003s] DEBUG:colcon.colcon_core.event_handler.log_command:Invoking command in '/home/arbaaz/decision_module/build/o3': CMAKE_PREFIX_PATH=${CMAKE_PREFIX_PATH}:/home/arbaaz/decision_module/install/simulation_pkg:/opt/ros/humble /usr/bin/cmake --build /home/arbaaz/decision_module/build/o3 -- -j12 -l12
[52.361s] DEBUG:colcon.colcon_core.event_handler.log_command:Invoked command in '/home/arbaaz/decision_module/build/o3' returned '0': CMAKE_PREFIX_PATH=${CMAKE_PREFIX_PATH}:/home/arbaaz/decision_module/install/simulation_pkg:/opt/ros/humble /usr/bin/cmake --build /home/arbaaz/decision_module/build/o3 -- -j12 -l12
[52.364s] DEBUG:colcon.colcon_core.event_handler.log_command:Invoking command in '/home/arbaaz/decision_module/build/o3': CMAKE_PREFIX_PATH=${CMAKE_PREFIX_PATH}:/home/arbaaz/decision_module/install/simulation_pkg:/opt/ros/humble /usr/bin/cmake --install /home/arbaaz/decision_module/build/o3
[52.389s] Level 1:colcon.colcon_core.environment:create_environment_scripts_only(o3)
[52.390s] DEBUG:colcon.colcon_core.event_handler.log_command:Invoked command in '/home/arbaaz/decision_module/build/o3' returned '0': CMAKE_PREFIX_PATH=${CMAKE_PREFIX_PATH}:/home/arbaaz/decision_module/install/simulation_pkg:/opt/ros/humble /usr/bin/cmake --install /home/arbaaz/decision_module/build/o3
[52.390s] Level 1:colcon.colcon_core.environment:checking '/home/arbaaz/decision_module/install/o3' for CMake module files
[52.391s] Level 1:colcon.colcon_core.environment:checking '/home/arbaaz/decision_module/install/o3' for CMake config files
[52.392s] Level 1:colcon.colcon_core.shell:create_environment_hook('o3', 'cmake_prefix_path')
[52.392s] INFO:colcon.colcon_core.shell:Creating environment hook '/home/arbaaz/decision_module/install/o3/share/o3/hook/cmake_prefix_path.ps1'
[52.393s] INFO:colcon.colcon_core.shell:Creating environment descriptor '/home/arbaaz/decision_module/install/o3/share/o3/hook/cmake_prefix_path.dsv'
[52.393s] INFO:colcon.colcon_core.shell:Creating environment hook '/home/arbaaz/decision_module/install/o3/share/o3/hook/cmake_prefix_path.sh'
[52.394s] Level 1:colcon.colcon_core.environment:checking '/home/arbaaz/decision_module/install/o3/lib'
[52.394s] Level 1:colcon.colcon_core.environment:checking '/home/arbaaz/decision_module/install/o3/bin'
[52.394s] Level 1:colcon.colcon_core.environment:checking '/home/arbaaz/decision_module/install/o3/lib/pkgconfig/o3.pc'
[52.394s] Level 1:colcon.colcon_core.environment:checking '/home/arbaaz/decision_module/install/o3/lib/python3.10/site-packages'
[52.394s] Level 1:colcon.colcon_core.environment:checking '/home/arbaaz/decision_module/install/o3/bin'
[52.394s] INFO:colcon.colcon_core.shell:Creating package script '/home/arbaaz/decision_module/install/o3/share/o3/package.ps1'
[52.395s] INFO:colcon.colcon_core.shell:Creating package descriptor '/home/arbaaz/decision_module/install/o3/share/o3/package.dsv'
[52.396s] INFO:colcon.colcon_core.shell:Creating package script '/home/arbaaz/decision_module/install/o3/share/o3/package.sh'
[52.396s] INFO:colcon.colcon_core.shell:Creating package script '/home/arbaaz/decision_module/install/o3/share/o3/package.bash'
[52.397s] INFO:colcon.colcon_core.shell:Creating package script '/home/arbaaz/decision_module/install/o3/share/o3/package.zsh'
[52.397s] Level 1:colcon.colcon_core.environment:create_file_with_runtime_dependencies(/home/arbaaz/decision_module/install/o3/share/colcon-core/packages/o3)
[52.398s] Level 1:colcon.colcon_core.environment:create_environment_scripts_only(o3)
[52.398s] Level 1:colcon.colcon_core.environment:checking '/home/arbaaz/decision_module/install/o3' for CMake module files
[52.398s] Level 1:colcon.colcon_core.environment:checking '/home/arbaaz/decision_module/install/o3' for CMake config files
[52.398s] Level 1:colcon.colcon_core.shell:create_environment_hook('o3', 'cmake_prefix_path')
[52.399s] INFO:colcon.colcon_core.shell:Creating environment hook '/home/arbaaz/decision_module/install/o3/share/o3/hook/cmake_prefix_path.ps1'
[52.399s] INFO:colcon.colcon_core.shell:Creating environment descriptor '/home/arbaaz/decision_module/install/o3/share/o3/hook/cmake_prefix_path.dsv'
[52.399s] INFO:colcon.colcon_core.shell:Creating environment hook '/home/arbaaz/decision_module/install/o3/share/o3/hook/cmake_prefix_path.sh'
[52.400s] Level 1:colcon.colcon_core.environment:checking '/home/arbaaz/decision_module/install/o3/lib'
[52.400s] Level 1:colcon.colcon_core.environment:checking '/home/arbaaz/decision_module/install/o3/bin'
[52.400s] Level 1:colcon.colcon_core.environment:checking '/home/arbaaz/decision_module/install/o3/lib/pkgconfig/o3.pc'
[52.400s] Level 1:colcon.colcon_core.environment:checking '/home/arbaaz/decision_module/install/o3/lib/python3.10/site-packages'
[52.400s] Level 1:colcon.colcon_core.environment:checking '/home/arbaaz/decision_module/install/o3/bin'
[52.400s] INFO:colcon.colcon_core.shell:Creating package script '/home/arbaaz/decision_module/install/o3/share/o3/package.ps1'
[52.401s] INFO:colcon.colcon_core.shell:Creating package descriptor '/home/arbaaz/decision_module/install/o3/share/o3/package.dsv'
[52.401s] INFO:colcon.colcon_core.shell:Creating package script '/home/arbaaz/decision_module/install/o3/share/o3/package.sh'
[52.402s] INFO:colcon.colcon_core.shell:Creating package script '/home/arbaaz/decision_module/install/o3/share/o3/package.bash'
[52.402s] INFO:colcon.colcon_core.shell:Creating package script '/home/arbaaz/decision_module/install/o3/share/o3/package.zsh'
[52.402s] Level 1:colcon.colcon_core.environment:create_file_with_runtime_dependencies(/home/arbaaz/decision_module/install/o3/share/colcon-core/packages/o3)
[52.403s] DEBUG:colcon.colcon_core.executor.sequential:run_until_complete 'o3' finished with '0'
[52.403s] DEBUG:colcon.colcon_core.executor.sequential:run_until_complete 'o4'
[52.403s] INFO:colcon.colcon_ros.task.ament_cmake.build:Building ROS package in '/home/arbaaz/decision_module/src/o4' with build type 'ament_cmake'
[52.403s] INFO:colcon.colcon_cmake.task.cmake.build:Building CMake package in '/home/arbaaz/decision_module/src/o4'
[52.403s] INFO:colcon.colcon_core.shell:Skip shell extension 'powershell' for command environment: Not usable outside of PowerShell
[52.403s] DEBUG:colcon.colcon_core.shell:Skip shell extension 'dsv' for command environment
[52.416s] DEBUG:colcon.colcon_core.event_handler.log_command:Invoking command in '/home/arbaaz/decision_module/build/o4': CMAKE_PREFIX_PATH=${CMAKE_PREFIX_PATH}:/home/arbaaz/decision_module/install/simulation_pkg:/opt/ros/humble /usr/bin/cmake /home/arbaaz/decision_module/src/o4 -DCMAKE_INSTALL_PREFIX=/home/arbaaz/decision_module/install/o4
[53.986s] DEBUG:colcon.colcon_core.event_handler.log_command:Invoked command in '/home/arbaaz/decision_module/build/o4' returned '0': CMAKE_PREFIX_PATH=${CMAKE_PREFIX_PATH}:/home/arbaaz/decision_module/install/simulation_pkg:/opt/ros/humble /usr/bin/cmake /home/arbaaz/decision_module/src/o4 -DCMAKE_INSTALL_PREFIX=/home/arbaaz/decision_module/install/o4
[53.988s] DEBUG:colcon.colcon_core.event_handler.log_command:Invoking command in '/home/arbaaz/decision_module/build/o4': CMAKE_PREFIX_PATH=${CMAKE_PREFIX_PATH}:/home/arbaaz/decision_module/install/simulation_pkg:/opt/ros/humble /usr/bin/cmake --build /home/arbaaz/decision_module/build/o4 -- -j12 -l12
[69.305s] DEBUG:colcon.colcon_core.event_handler.log_command:Invoked command in '/home/arbaaz/decision_module/build/o4' returned '0': CMAKE_PREFIX_PATH=${CMAKE_PREFIX_PATH}:/home/arbaaz/decision_module/install/simulation_pkg:/opt/ros/humble /usr/bin/cmake --build /home/arbaaz/decision_module/build/o4 -- -j12 -l12
[69.308s] DEBUG:colcon.colcon_core.event_handler.log_command:Invoking command in '/home/arbaaz/decision_module/build/o4': CMAKE_PREFIX_PATH=${CMAKE_PREFIX_PATH}:/home/arbaaz/decision_module/install/simulation_pkg:/opt/ros/humble /usr/bin/cmake --install /home/arbaaz/decision_module/build/o4
[69.335s] Level 1:colcon.colcon_core.environment:create_environment_scripts_only(o4)
[69.335s] Level 1:colcon.colcon_core.environment:checking '/home/arbaaz/decision_module/install/o4' for CMake module files
[69.336s] DEBUG:colcon.colcon_core.event_handler.log_command:Invoked command in '/home/arbaaz/decision_module/build/o4' returned '0': CMAKE_PREFIX_PATH=${CMAKE_PREFIX_PATH}:/home/arbaaz/decision_module/install/simulation_pkg:/opt/ros/humble /usr/bin/cmake --install /home/arbaaz/decision_module/build/o4
[69.337s] Level 1:colcon.colcon_core.environment:checking '/home/arbaaz/decision_module/install/o4' for CMake config files
[69.337s] Level 1:colcon.colcon_core.shell:create_environment_hook('o4', 'cmake_prefix_path')
[69.337s] INFO:colcon.colcon_core.shell:Creating environment hook '/home/arbaaz/decision_module/install/o4/share/o4/hook/cmake_prefix_path.ps1'
[69.339s] INFO:colcon.colcon_core.shell:Creating environment descriptor '/home/arbaaz/decision_module/install/o4/share/o4/hook/cmake_prefix_path.dsv'
[69.341s] INFO:colcon.colcon_core.shell:Creating environment hook '/home/arbaaz/decision_module/install/o4/share/o4/hook/cmake_prefix_path.sh'
[69.341s] Level 1:colcon.colcon_core.environment:checking '/home/arbaaz/decision_module/install/o4/lib'
[69.342s] Level 1:colcon.colcon_core.environment:checking '/home/arbaaz/decision_module/install/o4/bin'
[69.342s] Level 1:colcon.colcon_core.environment:checking '/home/arbaaz/decision_module/install/o4/lib/pkgconfig/o4.pc'
[69.342s] Level 1:colcon.colcon_core.environment:checking '/home/arbaaz/decision_module/install/o4/lib/python3.10/site-packages'
[69.342s] Level 1:colcon.colcon_core.environment:checking '/home/arbaaz/decision_module/install/o4/bin'
[69.342s] INFO:colcon.colcon_core.shell:Creating package script '/home/arbaaz/decision_module/install/o4/share/o4/package.ps1'
[69.343s] INFO:colcon.colcon_core.shell:Creating package descriptor '/home/arbaaz/decision_module/install/o4/share/o4/package.dsv'
[69.343s] INFO:colcon.colcon_core.shell:Creating package script '/home/arbaaz/decision_module/install/o4/share/o4/package.sh'
[69.344s] INFO:colcon.colcon_core.shell:Creating package script '/home/arbaaz/decision_module/install/o4/share/o4/package.bash'
[69.345s] INFO:colcon.colcon_core.shell:Creating package script '/home/arbaaz/decision_module/install/o4/share/o4/package.zsh'
[69.346s] Level 1:colcon.colcon_core.environment:create_file_with_runtime_dependencies(/home/arbaaz/decision_module/install/o4/share/colcon-core/packages/o4)
[69.347s] Level 1:colcon.colcon_core.environment:create_environment_scripts_only(o4)
[69.347s] Level 1:colcon.colcon_core.environment:checking '/home/arbaaz/decision_module/install/o4' for CMake module files
[69.347s] Level 1:colcon.colcon_core.environment:checking '/home/arbaaz/decision_module/install/o4' for CMake config files
[69.348s] Level 1:colcon.colcon_core.shell:create_environment_hook('o4', 'cmake_prefix_path')
[69.348s] INFO:colcon.colcon_core.shell:Creating environment hook '/home/arbaaz/decision_module/install/o4/share/o4/hook/cmake_prefix_path.ps1'
[69.348s] INFO:colcon.colcon_core.shell:Creating environment descriptor '/home/arbaaz/decision_module/install/o4/share/o4/hook/cmake_prefix_path.dsv'
[69.348s] INFO:colcon.colcon_core.shell:Creating environment hook '/home/arbaaz/decision_module/install/o4/share/o4/hook/cmake_prefix_path.sh'
[69.349s] Level 1:colcon.colcon_core.environment:checking '/home/arbaaz/decision_module/install/o4/lib'
[69.349s] Level 1:colcon.colcon_core.environment:checking '/home/arbaaz/decision_module/install/o4/bin'
[69.349s] Level 1:colcon.colcon_core.environment:checking '/home/arbaaz/decision_module/install/o4/lib/pkgconfig/o4.pc'
[69.349s] Level 1:colcon.colcon_core.environment:checking '/home/arbaaz/decision_module/install/o4/lib/python3.10/site-packages'
[69.349s] Level 1:colcon.colcon_core.environment:checking '/home/arbaaz/decision_module/install/o4/bin'
[69.350s] INFO:colcon.colcon_core.shell:Creating package script '/home/arbaaz/decision_module/install/o4/share/o4/package.ps1'
[69.350s] INFO:colcon.colcon_core.shell:Creating package descriptor '/home/arbaaz/decision_module/install/o4/share/o4/package.dsv'
[69.350s] INFO:colcon.colcon_core.shell:Creating package script '/home/arbaaz/decision_module/install/o4/share/o4/package.sh'
[69.351s] INFO:colcon.colcon_core.shell:Creating package script '/home/arbaaz/decision_module/install/o4/share/o4/package.bash'
[69.351s] INFO:colcon.colcon_core.shell:Creating package script '/home/arbaaz/decision_module/install/o4/share/o4/package.zsh'
[69.351s] Level 1:colcon.colcon_core.environment:create_file_with_runtime_dependencies(/home/arbaaz/decision_module/install/o4/share/colcon-core/packages/o4)
[69.352s] DEBUG:colcon.colcon_core.executor.sequential:run_until_complete 'o4' finished with '0'
[69.352s] DEBUG:colcon.colcon_core.executor.sequential:run_until_complete 'o5'
[69.352s] INFO:colcon.colcon_ros.task.ament_cmake.build:Building ROS package in '/home/arbaaz/decision_module/src/o5' with build type 'ament_cmake'
[69.352s] INFO:colcon.colcon_cmake.task.cmake.build:Building CMake package in '/home/arbaaz/decision_module/src/o5'
[69.352s] INFO:colcon.colcon_core.shell:Skip shell extension 'powershell' for command environment: Not usable outside of PowerShell
[69.352s] DEBUG:colcon.colcon_core.shell:Skip shell extension 'dsv' for command environment
[69.366s] DEBUG:colcon.colcon_core.event_handler.log_command:Invoking command in '/home/arbaaz/decision_module/build/o5': CMAKE_PREFIX_PATH=${CMAKE_PREFIX_PATH}:/home/arbaaz/decision_module/install/simulation_pkg:/opt/ros/humble /usr/bin/cmake /home/arbaaz/decision_module/src/o5 -DCMAKE_INSTALL_PREFIX=/home/arbaaz/decision_module/install/o5
[71.026s] DEBUG:colcon.colcon_core.event_handler.log_command:Invoked command in '/home/arbaaz/decision_module/build/o5' returned '0': CMAKE_PREFIX_PATH=${CMAKE_PREFIX_PATH}:/home/arbaaz/decision_module/install/simulation_pkg:/opt/ros/humble /usr/bin/cmake /home/arbaaz/decision_module/src/o5 -DCMAKE_INSTALL_PREFIX=/home/arbaaz/decision_module/install/o5
[71.028s] DEBUG:colcon.colcon_core.event_handler.log_command:Invoking command in '/home/arbaaz/decision_module/build/o5': CMAKE_PREFIX_PATH=${CMAKE_PREFIX_PATH}:/home/arbaaz/decision_module/install/simulation_pkg:/opt/ros/humble /usr/bin/cmake --build /home/arbaaz/decision_module/build/o5 -- -j12 -l12
[86.522s] DEBUG:colcon.colcon_core.event_handler.log_command:Invoked command in '/home/arbaaz/decision_module/build/o5' returned '0': CMAKE_PREFIX_PATH=${CMAKE_PREFIX_PATH}:/home/arbaaz/decision_module/install/simulation_pkg:/opt/ros/humble /usr/bin/cmake --build /home/arbaaz/decision_module/build/o5 -- -j12 -l12
[86.525s] DEBUG:colcon.colcon_core.event_handler.log_command:Invoking command in '/home/arbaaz/decision_module/build/o5': CMAKE_PREFIX_PATH=${CMAKE_PREFIX_PATH}:/home/arbaaz/decision_module/install/simulation_pkg:/opt/ros/humble /usr/bin/cmake --install /home/arbaaz/decision_module/build/o5
[86.551s] Level 1:colcon.colcon_core.environment:create_environment_scripts_only(o5)
[86.552s] Level 1:colcon.colcon_core.environment:checking '/home/arbaaz/decision_module/install/o5' for CMake module files
[86.553s] DEBUG:colcon.colcon_core.event_handler.log_command:Invoked command in '/home/arbaaz/decision_module/build/o5' returned '0': CMAKE_PREFIX_PATH=${CMAKE_PREFIX_PATH}:/home/arbaaz/decision_module/install/simulation_pkg:/opt/ros/humble /usr/bin/cmake --install /home/arbaaz/decision_module/build/o5
[86.553s] Level 1:colcon.colcon_core.environment:checking '/home/arbaaz/decision_module/install/o5' for CMake config files
[86.553s] Level 1:colcon.colcon_core.shell:create_environment_hook('o5', 'cmake_prefix_path')
[86.553s] INFO:colcon.colcon_core.shell:Creating environment hook '/home/arbaaz/decision_module/install/o5/share/o5/hook/cmake_prefix_path.ps1'
[86.554s] INFO:colcon.colcon_core.shell:Creating environment descriptor '/home/arbaaz/decision_module/install/o5/share/o5/hook/cmake_prefix_path.dsv'
[86.555s] INFO:colcon.colcon_core.shell:Creating environment hook '/home/arbaaz/decision_module/install/o5/share/o5/hook/cmake_prefix_path.sh'
[86.556s] Level 1:colcon.colcon_core.environment:checking '/home/arbaaz/decision_module/install/o5/lib'
[86.556s] Level 1:colcon.colcon_core.environment:checking '/home/arbaaz/decision_module/install/o5/bin'
[86.556s] Level 1:colcon.colcon_core.environment:checking '/home/arbaaz/decision_module/install/o5/lib/pkgconfig/o5.pc'
[86.556s] Level 1:colcon.colcon_core.environment:checking '/home/arbaaz/decision_module/install/o5/lib/python3.10/site-packages'
[86.556s] Level 1:colcon.colcon_core.environment:checking '/home/arbaaz/decision_module/install/o5/bin'
[86.557s] INFO:colcon.colcon_core.shell:Creating package script '/home/arbaaz/decision_module/install/o5/share/o5/package.ps1'
[86.557s] INFO:colcon.colcon_core.shell:Creating package descriptor '/home/arbaaz/decision_module/install/o5/share/o5/package.dsv'
[86.558s] INFO:colcon.colcon_core.shell:Creating package script '/home/arbaaz/decision_module/install/o5/share/o5/package.sh'
[86.558s] INFO:colcon.colcon_core.shell:Creating package script '/home/arbaaz/decision_module/install/o5/share/o5/package.bash'
[86.559s] INFO:colcon.colcon_core.shell:Creating package script '/home/arbaaz/decision_module/install/o5/share/o5/package.zsh'
[86.560s] Level 1:colcon.colcon_core.environment:create_file_with_runtime_dependencies(/home/arbaaz/decision_module/install/o5/share/colcon-core/packages/o5)
[86.561s] Level 1:colcon.colcon_core.environment:create_environment_scripts_only(o5)
[86.561s] Level 1:colcon.colcon_core.environment:checking '/home/arbaaz/decision_module/install/o5' for CMake module files
[86.561s] Level 1:colcon.colcon_core.environment:checking '/home/arbaaz/decision_module/install/o5' for CMake config files
[86.561s] Level 1:colcon.colcon_core.shell:create_environment_hook('o5', 'cmake_prefix_path')
[86.562s] INFO:colcon.colcon_core.shell:Creating environment hook '/home/arbaaz/decision_module/install/o5/share/o5/hook/cmake_prefix_path.ps1'
[86.562s] INFO:colcon.colcon_core.shell:Creating environment descriptor '/home/arbaaz/decision_module/install/o5/share/o5/hook/cmake_prefix_path.dsv'
[86.562s] INFO:colcon.colcon_core.shell:Creating environment hook '/home/arbaaz/decision_module/install/o5/share/o5/hook/cmake_prefix_path.sh'
[86.563s] Level 1:colcon.colcon_core.environment:checking '/home/arbaaz/decision_module/install/o5/lib'
[86.563s] Level 1:colcon.colcon_core.environment:checking '/home/arbaaz/decision_module/install/o5/bin'
[86.563s] Level 1:colcon.colcon_core.environment:checking '/home/arbaaz/decision_module/install/o5/lib/pkgconfig/o5.pc'
[86.563s] Level 1:colcon.colcon_core.environment:checking '/home/arbaaz/decision_module/install/o5/lib/python3.10/site-packages'
[86.563s] Level 1:colcon.colcon_core.environment:checking '/home/arbaaz/decision_module/install/o5/bin'
[86.563s] INFO:colcon.colcon_core.shell:Creating package script '/home/arbaaz/decision_module/install/o5/share/o5/package.ps1'
[86.564s] INFO:colcon.colcon_core.shell:Creating package descriptor '/home/arbaaz/decision_module/install/o5/share/o5/package.dsv'
[86.564s] INFO:colcon.colcon_core.shell:Creating package script '/home/arbaaz/decision_module/install/o5/share/o5/package.sh'
[86.564s] INFO:colcon.colcon_core.shell:Creating package script '/home/arbaaz/decision_module/install/o5/share/o5/package.bash'
[86.565s] INFO:colcon.colcon_core.shell:Creating package script '/home/arbaaz/decision_module/install/o5/share/o5/package.zsh'
[86.565s] Level 1:colcon.colcon_core.environment:create_file_with_runtime_dependencies(/home/arbaaz/decision_module/install/o5/share/colcon-core/packages/o5)
[86.565s] DEBUG:colcon.colcon_core.executor.sequential:run_until_complete 'o5' finished with '0'
[86.565s] DEBUG:colcon.colcon_core.executor.sequential:run_until_complete 'simulation_pkg'
[86.565s] INFO:colcon.colcon_ros.task.ament_python.build:Building ROS package in '/home/arbaaz/decision_module/src/simulation_pkg' with build type 'ament_python'
[86.565s] Level 1:colcon.colcon_core.shell:create_environment_hook('simulation_pkg', 'ament_prefix_path')
[86.566s] INFO:colcon.colcon_core.shell:Creating environment hook '/home/arbaaz/decision_module/install/simulation_pkg/share/simulation_pkg/hook/ament_prefix_path.ps1'
[86.567s] INFO:colcon.colcon_core.shell:Creating environment descriptor '/home/arbaaz/decision_module/install/simulation_pkg/share/simulation_pkg/hook/ament_prefix_path.dsv'
[86.567s] INFO:colcon.colcon_core.shell:Creating environment hook '/home/arbaaz/decision_module/install/simulation_pkg/share/simulation_pkg/hook/ament_prefix_path.sh'
[86.567s] INFO:colcon.colcon_core.shell:Skip shell extension 'powershell' for command environment: Not usable outside of PowerShell
[86.567s] DEBUG:colcon.colcon_core.shell:Skip shell extension 'dsv' for command environment
[87.088s] INFO:colcon.colcon_core.task.python.build:Building Python package in '/home/arbaaz/decision_module/src/simulation_pkg'
[87.088s] INFO:colcon.colcon_core.shell:Skip shell extension 'powershell' for command environment: Not usable outside of PowerShell
[87.088s] DEBUG:colcon.colcon_core.shell:Skip shell extension 'dsv' for command environment
[87.512s] DEBUG:colcon.colcon_core.event_handler.log_command:Invoking command in '/home/arbaaz/decision_module/src/simulation_pkg': PYTHONPATH=/home/arbaaz/decision_module/build/simulation_pkg/prefix_override:/usr/lib/python3/dist-packages/colcon_core/task/python/colcon_distutils_commands:/home/arbaaz/decision_module/install/simulation_pkg/lib/python3.10/site-packages:${PYTHONPATH} /usr/bin/python3 -W ignore:setup.py install is deprecated -W ignore:easy_install command is deprecated setup.py egg_info --egg-base ../../build/simulation_pkg build --build-base /home/arbaaz/decision_module/build/simulation_pkg/build install --record /home/arbaaz/decision_module/build/simulation_pkg/install.log --single-version-externally-managed install_data
[87.804s] Level 1:colcon.colcon_core.environment:checking '/home/arbaaz/decision_module/install/simulation_pkg' for CMake module files
[87.805s] DEBUG:colcon.colcon_core.event_handler.log_command:Invoked command in '/home/arbaaz/decision_module/src/simulation_pkg' returned '0': PYTHONPATH=/home/arbaaz/decision_module/build/simulation_pkg/prefix_override:/usr/lib/python3/dist-packages/colcon_core/task/python/colcon_distutils_commands:/home/arbaaz/decision_module/install/simulation_pkg/lib/python3.10/site-packages:${PYTHONPATH} /usr/bin/python3 -W ignore:setup.py install is deprecated -W ignore:easy_install command is deprecated setup.py egg_info --egg-base ../../build/simulation_pkg build --build-base /home/arbaaz/decision_module/build/simulation_pkg/build install --record /home/arbaaz/decision_module/build/simulation_pkg/install.log --single-version-externally-managed install_data
[87.806s] Level 1:colcon.colcon_core.environment:checking '/home/arbaaz/decision_module/install/simulation_pkg' for CMake config files
[87.806s] Level 1:colcon.colcon_core.environment:checking '/home/arbaaz/decision_module/install/simulation_pkg/lib'
[87.807s] Level 1:colcon.colcon_core.environment:checking '/home/arbaaz/decision_module/install/simulation_pkg/bin'
[87.807s] Level 1:colcon.colcon_core.environment:checking '/home/arbaaz/decision_module/install/simulation_pkg/lib/pkgconfig/simulation_pkg.pc'
[87.807s] Level 1:colcon.colcon_core.environment:checking '/home/arbaaz/decision_module/install/simulation_pkg/lib/python3.10/site-packages'
[87.807s] Level 1:colcon.colcon_core.shell:create_environment_hook('simulation_pkg', 'pythonpath')
[87.807s] INFO:colcon.colcon_core.shell:Creating environment hook '/home/arbaaz/decision_module/install/simulation_pkg/share/simulation_pkg/hook/pythonpath.ps1'
[87.808s] INFO:colcon.colcon_core.shell:Creating environment descriptor '/home/arbaaz/decision_module/install/simulation_pkg/share/simulation_pkg/hook/pythonpath.dsv'
[87.808s] INFO:colcon.colcon_core.shell:Creating environment hook '/home/arbaaz/decision_module/install/simulation_pkg/share/simulation_pkg/hook/pythonpath.sh'
[87.808s] Level 1:colcon.colcon_core.environment:checking '/home/arbaaz/decision_module/install/simulation_pkg/bin'
[87.808s] Level 1:colcon.colcon_core.environment:create_environment_scripts_only(simulation_pkg)
[87.809s] INFO:colcon.colcon_core.shell:Creating package script '/home/arbaaz/decision_module/install/simulation_pkg/share/simulation_pkg/package.ps1'
[87.809s] INFO:colcon.colcon_core.shell:Creating package descriptor '/home/arbaaz/decision_module/install/simulation_pkg/share/simulation_pkg/package.dsv'
[87.809s] INFO:colcon.colcon_core.shell:Creating package script '/home/arbaaz/decision_module/install/simulation_pkg/share/simulation_pkg/package.sh'
[87.810s] INFO:colcon.colcon_core.shell:Creating package script '/home/arbaaz/decision_module/install/simulation_pkg/share/simulation_pkg/package.bash'
[87.810s] INFO:colcon.colcon_core.shell:Creating package script '/home/arbaaz/decision_module/install/simulation_pkg/share/simulation_pkg/package.zsh'
[87.810s] Level 1:colcon.colcon_core.environment:create_file_with_runtime_dependencies(/home/arbaaz/decision_module/install/simulation_pkg/share/colcon-core/packages/simulation_pkg)
[87.810s] DEBUG:colcon.colcon_core.executor.sequential:run_until_complete 'simulation_pkg' finished with '0'
[87.810s] DEBUG:colcon.colcon_core.executor.sequential:closing loop
[87.811s] DEBUG:colcon.colcon_core.executor.sequential:loop closed
[87.811s] DEBUG:colcon.colcon_core.event_reactor:joining thread
[87.825s] INFO:colcon.colcon_core.plugin_system:Skipping extension 'colcon_notification.desktop_notification.terminal_notifier': Not used on non-Darwin systems
[87.825s] INFO:colcon.colcon_core.plugin_system:Skipping extension 'colcon_notification.desktop_notification.win32': Not used on non-Windows systems
[87.825s] INFO:colcon.colcon_notification.desktop_notification:Sending desktop notification using 'notify2'
[87.851s] DEBUG:colcon.colcon_core.event_reactor:joined thread
[87.851s] INFO:colcon.colcon_core.shell:Creating prefix script '/home/arbaaz/decision_module/install/local_setup.ps1'
[87.853s] INFO:colcon.colcon_core.shell:Creating prefix util module '/home/arbaaz/decision_module/install/_local_setup_util_ps1.py'
[87.855s] INFO:colcon.colcon_core.shell:Creating prefix chain script '/home/arbaaz/decision_module/install/setup.ps1'
[87.858s] INFO:colcon.colcon_core.shell:Creating prefix script '/home/arbaaz/decision_module/install/local_setup.sh'
[87.859s] INFO:colcon.colcon_core.shell:Creating prefix util module '/home/arbaaz/decision_module/install/_local_setup_util_sh.py'
[87.860s] INFO:colcon.colcon_core.shell:Creating prefix chain script '/home/arbaaz/decision_module/install/setup.sh'
[87.862s] INFO:colcon.colcon_core.shell:Creating prefix script '/home/arbaaz/decision_module/install/local_setup.bash'
[87.863s] INFO:colcon.colcon_core.shell:Creating prefix chain script '/home/arbaaz/decision_module/install/setup.bash'
[87.864s] INFO:colcon.colcon_core.shell:Creating prefix script '/home/arbaaz/decision_module/install/local_setup.zsh'
[87.865s] INFO:colcon.colcon_core.shell:Creating prefix chain script '/home/arbaaz/decision_module/install/setup.zsh'
