[0.672s] Invoking command in '/home/arbaaz/decision_module/src/simulation_pkg': PYTHONPATH=/home/arbaaz/decision_module/build/simulation_pkg/prefix_override:/usr/lib/python3/dist-packages/colcon_core/task/python/colcon_distutils_commands:/home/arbaaz/decision_module/install/simulation_pkg/lib/python3.10/site-packages:${PYTHONPATH} /usr/bin/python3 -W ignore:setup.py install is deprecated -W ignore:easy_install command is deprecated setup.py egg_info --egg-base ../../build/simulation_pkg build --build-base /home/arbaaz/decision_module/build/simulation_pkg/build install --record /home/arbaaz/decision_module/build/simulation_pkg/install.log --single-version-externally-managed install_data
[0.903s] running egg_info
[0.904s] writing ../../build/simulation_pkg/simulation_pkg.egg-info/PKG-INFO
[0.904s] writing dependency_links to ../../build/simulation_pkg/simulation_pkg.egg-info/dependency_links.txt
[0.905s] writing entry points to ../../build/simulation_pkg/simulation_pkg.egg-info/entry_points.txt
[0.905s] writing requirements to ../../build/simulation_pkg/simulation_pkg.egg-info/requires.txt
[0.905s] writing top-level names to ../../build/simulation_pkg/simulation_pkg.egg-info/top_level.txt
[0.907s] reading manifest file '../../build/simulation_pkg/simulation_pkg.egg-info/SOURCES.txt'
[0.908s] writing manifest file '../../build/simulation_pkg/simulation_pkg.egg-info/SOURCES.txt'
[0.908s] running build
[0.908s] running build_py
[0.908s] copying simulation_pkg/decision_making.py -> /home/arbaaz/decision_module/build/simulation_pkg/build/lib/simulation_pkg
[0.909s] running install
[0.909s] running install_lib
[0.910s] copying /home/arbaaz/decision_module/build/simulation_pkg/build/lib/simulation_pkg/decision_making.py -> /home/arbaaz/decision_module/install/simulation_pkg/lib/python3.10/site-packages/simulation_pkg
[0.911s] byte-compiling /home/arbaaz/decision_module/install/simulation_pkg/lib/python3.10/site-packages/simulation_pkg/decision_making.py to decision_making.cpython-310.pyc
[0.916s] running install_data
[0.916s] running install_egg_info
[0.918s] removing '/home/arbaaz/decision_module/install/simulation_pkg/lib/python3.10/site-packages/simulation_pkg-0.0.1-py3.10.egg-info' (and everything under it)
[0.919s] Copying ../../build/simulation_pkg/simulation_pkg.egg-info to /home/arbaaz/decision_module/install/simulation_pkg/lib/python3.10/site-packages/simulation_pkg-0.0.1-py3.10.egg-info
[0.920s] running install_scripts
[0.941s] Installing bot_simulation script to /home/arbaaz/decision_module/install/simulation_pkg/lib/simulation_pkg
[0.942s] Installing decision script to /home/arbaaz/decision_module/install/simulation_pkg/lib/simulation_pkg
[0.942s] Installing joystick_controller script to /home/arbaaz/decision_module/install/simulation_pkg/lib/simulation_pkg
[0.942s] Installing linear_controller script to /home/arbaaz/decision_module/install/simulation_pkg/lib/simulation_pkg
[0.942s] writing list of installed files to '/home/arbaaz/decision_module/build/simulation_pkg/install.log'
[1.001s] Invoked command in '/home/arbaaz/decision_module/src/simulation_pkg' returned '0': PYTHONPATH=/home/arbaaz/decision_module/build/simulation_pkg/prefix_override:/usr/lib/python3/dist-packages/colcon_core/task/python/colcon_distutils_commands:/home/arbaaz/decision_module/install/simulation_pkg/lib/python3.10/site-packages:${PYTHONPATH} /usr/bin/python3 -W ignore:setup.py install is deprecated -W ignore:easy_install command is deprecated setup.py egg_info --egg-base ../../build/simulation_pkg build --build-base /home/arbaaz/decision_module/build/simulation_pkg/build install --record /home/arbaaz/decision_module/build/simulation_pkg/install.log --single-version-externally-managed install_data
