[0.008s] Invoking command in '/home/arbaaz/decision_module/build/o2': CMAKE_PREFIX_PATH=${CMAKE_PREFIX_PATH}:/home/arbaaz/decision_module/install/simulation_pkg:/opt/ros/humble /usr/bin/cmake --build /home/arbaaz/decision_module/build/o2 -- -j12 -l12
[0.067s] [35m[1mConsolidate compiler generated dependencies of target main2[0m
[0.107s] [ 60%] Built target main2
[0.126s] [35m[1mConsolidate compiler generated dependencies of target controller2[0m
[0.153s] [100%] Built target controller2
[0.169s] Invoked command in '/home/arbaaz/decision_module/build/o2' returned '0': CMAKE_PREFIX_PATH=${CMAKE_PREFIX_PATH}:/home/arbaaz/decision_module/install/simulation_pkg:/opt/ros/humble /usr/bin/cmake --build /home/arbaaz/decision_module/build/o2 -- -j12 -l12
[0.172s] Invoking command in '/home/arbaaz/decision_module/build/o2': CMAKE_PREFIX_PATH=${CMAKE_PREFIX_PATH}:/home/arbaaz/decision_module/install/simulation_pkg:/opt/ros/humble /usr/bin/cmake --install /home/arbaaz/decision_module/build/o2
[0.181s] -- Install configuration: ""
[0.182s] -- Up-to-date: /home/arbaaz/decision_module/install/o2/lib/o2/main2
[0.183s] -- Up-to-date: /home/arbaaz/decision_module/install/o2/lib/o2/controller2
[0.183s] -- Up-to-date: /home/arbaaz/decision_module/install/o2/share/ament_index/resource_index/package_run_dependencies/o2
[0.183s] -- Up-to-date: /home/arbaaz/decision_module/install/o2/share/ament_index/resource_index/parent_prefix_path/o2
[0.184s] -- Up-to-date: /home/arbaaz/decision_module/install/o2/share/o2/environment/ament_prefix_path.sh
[0.184s] -- Up-to-date: /home/arbaaz/decision_module/install/o2/share/o2/environment/ament_prefix_path.dsv
[0.184s] -- Up-to-date: /home/arbaaz/decision_module/install/o2/share/o2/environment/path.sh
[0.184s] -- Up-to-date: /home/arbaaz/decision_module/install/o2/share/o2/environment/path.dsv
[0.184s] -- Up-to-date: /home/arbaaz/decision_module/install/o2/share/o2/local_setup.bash
[0.184s] -- Up-to-date: /home/arbaaz/decision_module/install/o2/share/o2/local_setup.sh
[0.184s] -- Up-to-date: /home/arbaaz/decision_module/install/o2/share/o2/local_setup.zsh
[0.184s] -- Up-to-date: /home/arbaaz/decision_module/install/o2/share/o2/local_setup.dsv
[0.184s] -- Installing: /home/arbaaz/decision_module/install/o2/share/o2/package.dsv
[0.184s] -- Up-to-date: /home/arbaaz/decision_module/install/o2/share/ament_index/resource_index/packages/o2
[0.185s] -- Up-to-date: /home/arbaaz/decision_module/install/o2/share/o2/cmake/o2Config.cmake
[0.185s] -- Up-to-date: /home/arbaaz/decision_module/install/o2/share/o2/cmake/o2Config-version.cmake
[0.185s] -- Up-to-date: /home/arbaaz/decision_module/install/o2/share/o2/package.xml
[0.188s] Invoked command in '/home/arbaaz/decision_module/build/o2' returned '0': CMAKE_PREFIX_PATH=${CMAKE_PREFIX_PATH}:/home/arbaaz/decision_module/install/simulation_pkg:/opt/ros/humble /usr/bin/cmake --install /home/arbaaz/decision_module/build/o2
