/home/arbaaz/decision_module/install/simulation_pkg/lib/python3.10/site-packages/simulation_pkg/linear_controller.py
/home/arbaaz/decision_module/install/simulation_pkg/lib/python3.10/site-packages/simulation_pkg/decision_making.py
/home/arbaaz/decision_module/install/simulation_pkg/lib/python3.10/site-packages/simulation_pkg/heat_maps.py
/home/arbaaz/decision_module/install/simulation_pkg/lib/python3.10/site-packages/simulation_pkg/joystick_controller.py
/home/arbaaz/decision_module/install/simulation_pkg/lib/python3.10/site-packages/simulation_pkg/robot_sim.py
/home/arbaaz/decision_module/install/simulation_pkg/lib/python3.10/site-packages/simulation_pkg/__init__.py
/home/arbaaz/decision_module/install/simulation_pkg/lib/python3.10/site-packages/simulation_pkg/__pycache__/linear_controller.cpython-310.pyc
/home/arbaaz/decision_module/install/simulation_pkg/lib/python3.10/site-packages/simulation_pkg/__pycache__/decision_making.cpython-310.pyc
/home/arbaaz/decision_module/install/simulation_pkg/lib/python3.10/site-packages/simulation_pkg/__pycache__/heat_maps.cpython-310.pyc
/home/arbaaz/decision_module/install/simulation_pkg/lib/python3.10/site-packages/simulation_pkg/__pycache__/joystick_controller.cpython-310.pyc
/home/arbaaz/decision_module/install/simulation_pkg/lib/python3.10/site-packages/simulation_pkg/__pycache__/robot_sim.cpython-310.pyc
/home/arbaaz/decision_module/install/simulation_pkg/lib/python3.10/site-packages/simulation_pkg/__pycache__/__init__.cpython-310.pyc
/home/arbaaz/decision_module/install/simulation_pkg/share/ament_index/resource_index/packages/simulation_pkg
/home/arbaaz/decision_module/install/simulation_pkg/share/simulation_pkg/package.xml
/home/arbaaz/decision_module/install/simulation_pkg/share/simulation_pkg/launch/decision.launch.py
/home/arbaaz/decision_module/install/simulation_pkg/lib/python3.10/site-packages/simulation_pkg-0.0.1-py3.10.egg-info/PKG-INFO
/home/arbaaz/decision_module/install/simulation_pkg/lib/python3.10/site-packages/simulation_pkg-0.0.1-py3.10.egg-info/SOURCES.txt
/home/arbaaz/decision_module/install/simulation_pkg/lib/python3.10/site-packages/simulation_pkg-0.0.1-py3.10.egg-info/dependency_links.txt
/home/arbaaz/decision_module/install/simulation_pkg/lib/python3.10/site-packages/simulation_pkg-0.0.1-py3.10.egg-info/top_level.txt
/home/arbaaz/decision_module/install/simulation_pkg/lib/python3.10/site-packages/simulation_pkg-0.0.1-py3.10.egg-info/requires.txt
/home/arbaaz/decision_module/install/simulation_pkg/lib/python3.10/site-packages/simulation_pkg-0.0.1-py3.10.egg-info/entry_points.txt
/home/arbaaz/decision_module/install/simulation_pkg/lib/python3.10/site-packages/simulation_pkg-0.0.1-py3.10.egg-info/zip-safe
/home/arbaaz/decision_module/install/simulation_pkg/lib/simulation_pkg/bot_simulation
/home/arbaaz/decision_module/install/simulation_pkg/lib/simulation_pkg/decision
/home/arbaaz/decision_module/install/simulation_pkg/lib/simulation_pkg/joystick_controller
/home/arbaaz/decision_module/install/simulation_pkg/lib/simulation_pkg/linear_controller
