[ 20%] [32mBuilding CXX object CMakeFiles/main4.dir/src/main4.cpp.o[0m
[ 40%] [32mBuilding CXX object CMakeFiles/main4.dir/src/Visualize.cpp.o[0m
[ 60%] [32m[1mLinking CXX executable main4[0m
[ 60%] Built target main4
[ 80%] [32mBuilding CXX object CMakeFiles/controller4.dir/src/controller4.cpp.o[0m
[100%] [32m[1mLinking CXX executable controller4[0m
[100%] Built target controller4
-- Install configuration: ""
-- Installing: /home/arbaaz/decision_module/install/o4/lib/o4/main4
-- Set runtime path of "/home/arbaaz/decision_module/install/o4/lib/o4/main4" to ""
-- Installing: /home/arbaaz/decision_module/install/o4/lib/o4/controller4
-- Set runtime path of "/home/arbaaz/decision_module/install/o4/lib/o4/controller4" to ""
-- Up-to-date: /home/arbaaz/decision_module/install/o4/share/ament_index/resource_index/package_run_dependencies/o4
-- Up-to-date: /home/arbaaz/decision_module/install/o4/share/ament_index/resource_index/parent_prefix_path/o4
-- Up-to-date: /home/arbaaz/decision_module/install/o4/share/o4/environment/ament_prefix_path.sh
-- Up-to-date: /home/arbaaz/decision_module/install/o4/share/o4/environment/ament_prefix_path.dsv
-- Up-to-date: /home/arbaaz/decision_module/install/o4/share/o4/environment/path.sh
-- Up-to-date: /home/arbaaz/decision_module/install/o4/share/o4/environment/path.dsv
-- Up-to-date: /home/arbaaz/decision_module/install/o4/share/o4/local_setup.bash
-- Up-to-date: /home/arbaaz/decision_module/install/o4/share/o4/local_setup.sh
-- Up-to-date: /home/arbaaz/decision_module/install/o4/share/o4/local_setup.zsh
-- Up-to-date: /home/arbaaz/decision_module/install/o4/share/o4/local_setup.dsv
-- Installing: /home/arbaaz/decision_module/install/o4/share/o4/package.dsv
-- Up-to-date: /home/arbaaz/decision_module/install/o4/share/ament_index/resource_index/packages/o4
-- Up-to-date: /home/arbaaz/decision_module/install/o4/share/o4/cmake/o4Config.cmake
-- Up-to-date: /home/arbaaz/decision_module/install/o4/share/o4/cmake/o4Config-version.cmake
-- Up-to-date: /home/arbaaz/decision_module/install/o4/share/o4/package.xml
