[0.007s] Invoking command in '/home/arbaaz/decision_module/build/o4': CMAKE_PREFIX_PATH=${CMAKE_PREFIX_PATH}:/home/arbaaz/decision_module/install/simulation_pkg:/opt/ros/humble /usr/bin/cmake --build /home/arbaaz/decision_module/build/o4 -- -j12 -l12
[0.074s] [ 40%] Built target controller4
[0.080s] [100%] Built target main4
[0.095s] Invoked command in '/home/arbaaz/decision_module/build/o4' returned '0': CMAKE_PREFIX_PATH=${CMAKE_PREFIX_PATH}:/home/arbaaz/decision_module/install/simulation_pkg:/opt/ros/humble /usr/bin/cmake --build /home/arbaaz/decision_module/build/o4 -- -j12 -l12
[0.097s] Invoking command in '/home/arbaaz/decision_module/build/o4': CMAKE_PREFIX_PATH=${CMAKE_PREFIX_PATH}:/home/arbaaz/decision_module/install/simulation_pkg:/opt/ros/humble /usr/bin/cmake --install /home/arbaaz/decision_module/build/o4
[0.105s] -- Install configuration: ""
[0.105s] -- Up-to-date: /home/arbaaz/decision_module/install/o4/lib/o4/main4
[0.105s] -- Up-to-date: /home/arbaaz/decision_module/install/o4/lib/o4/controller4
[0.105s] -- Up-to-date: /home/arbaaz/decision_module/install/o4/share/ament_index/resource_index/package_run_dependencies/o4
[0.105s] -- Up-to-date: /home/arbaaz/decision_module/install/o4/share/ament_index/resource_index/parent_prefix_path/o4
[0.106s] -- Up-to-date: /home/arbaaz/decision_module/install/o4/share/o4/environment/ament_prefix_path.sh
[0.106s] -- Up-to-date: /home/arbaaz/decision_module/install/o4/share/o4/environment/ament_prefix_path.dsv
[0.106s] -- Up-to-date: /home/arbaaz/decision_module/install/o4/share/o4/environment/path.sh
[0.106s] -- Up-to-date: /home/arbaaz/decision_module/install/o4/share/o4/environment/path.dsv
[0.106s] -- Up-to-date: /home/arbaaz/decision_module/install/o4/share/o4/local_setup.bash
[0.106s] -- Up-to-date: /home/arbaaz/decision_module/install/o4/share/o4/local_setup.sh
[0.106s] -- Up-to-date: /home/arbaaz/decision_module/install/o4/share/o4/local_setup.zsh
[0.106s] -- Up-to-date: /home/arbaaz/decision_module/install/o4/share/o4/local_setup.dsv
[0.106s] -- Installing: /home/arbaaz/decision_module/install/o4/share/o4/package.dsv
[0.106s] -- Up-to-date: /home/arbaaz/decision_module/install/o4/share/ament_index/resource_index/packages/o4
[0.106s] -- Up-to-date: /home/arbaaz/decision_module/install/o4/share/o4/cmake/o4Config.cmake
[0.106s] -- Up-to-date: /home/arbaaz/decision_module/install/o4/share/o4/cmake/o4Config-version.cmake
[0.106s] -- Up-to-date: /home/arbaaz/decision_module/install/o4/share/o4/package.xml
[0.109s] Invoked command in '/home/arbaaz/decision_module/build/o4' returned '0': CMAKE_PREFIX_PATH=${CMAKE_PREFIX_PATH}:/home/arbaaz/decision_module/install/simulation_pkg:/opt/ros/humble /usr/bin/cmake --install /home/arbaaz/decision_module/build/o4
