[0.013s] Invoking command in '/home/arbaaz/decision_module/build/o1': CMAKE_PREFIX_PATH=${CMAKE_PREFIX_PATH}:/home/arbaaz/decision_module/install/simulation_pkg:/opt/ros/humble /usr/bin/cmake --build /home/arbaaz/decision_module/build/o1 -- -j12 -l12
[0.089s] [ 40%] Built target controller1
[0.096s] [100%] Built target main1
[0.110s] Invoked command in '/home/arbaaz/decision_module/build/o1' returned '0': CMAKE_PREFIX_PATH=${CMAKE_PREFIX_PATH}:/home/arbaaz/decision_module/install/simulation_pkg:/opt/ros/humble /usr/bin/cmake --build /home/arbaaz/decision_module/build/o1 -- -j12 -l12
[0.124s] Invoking command in '/home/arbaaz/decision_module/build/o1': CMAKE_PREFIX_PATH=${CMAKE_PREFIX_PATH}:/home/arbaaz/decision_module/install/simulation_pkg:/opt/ros/humble /usr/bin/cmake --install /home/arbaaz/decision_module/build/o1
[0.131s] -- Install configuration: ""
[0.131s] -- Up-to-date: /home/arbaaz/decision_module/install/o1/lib/o1/main1
[0.132s] -- Up-to-date: /home/arbaaz/decision_module/install/o1/lib/o1/controller1
[0.132s] -- Up-to-date: /home/arbaaz/decision_module/install/o1/share/ament_index/resource_index/package_run_dependencies/o1
[0.132s] -- Up-to-date: /home/arbaaz/decision_module/install/o1/share/ament_index/resource_index/parent_prefix_path/o1
[0.133s] -- Up-to-date: /home/arbaaz/decision_module/install/o1/share/o1/environment/ament_prefix_path.sh
[0.133s] -- Up-to-date: /home/arbaaz/decision_module/install/o1/share/o1/environment/ament_prefix_path.dsv
[0.133s] -- Up-to-date: /home/arbaaz/decision_module/install/o1/share/o1/environment/path.sh
[0.133s] -- Up-to-date: /home/arbaaz/decision_module/install/o1/share/o1/environment/path.dsv
[0.133s] -- Up-to-date: /home/arbaaz/decision_module/install/o1/share/o1/local_setup.bash
[0.133s] -- Up-to-date: /home/arbaaz/decision_module/install/o1/share/o1/local_setup.sh
[0.133s] -- Up-to-date: /home/arbaaz/decision_module/install/o1/share/o1/local_setup.zsh
[0.133s] -- Up-to-date: /home/arbaaz/decision_module/install/o1/share/o1/local_setup.dsv
[0.133s] -- Installing: /home/arbaaz/decision_module/install/o1/share/o1/package.dsv
[0.133s] -- Up-to-date: /home/arbaaz/decision_module/install/o1/share/ament_index/resource_index/packages/o1
[0.133s] -- Up-to-date: /home/arbaaz/decision_module/install/o1/share/o1/cmake/o1Config.cmake
[0.133s] -- Up-to-date: /home/arbaaz/decision_module/install/o1/share/o1/cmake/o1Config-version.cmake
[0.133s] -- Up-to-date: /home/arbaaz/decision_module/install/o1/share/o1/package.xml
[0.136s] Invoked command in '/home/arbaaz/decision_module/build/o1' returned '0': CMAKE_PREFIX_PATH=${CMAKE_PREFIX_PATH}:/home/arbaaz/decision_module/install/simulation_pkg:/opt/ros/humble /usr/bin/cmake --install /home/arbaaz/decision_module/build/o1
