[0.010s] Invoking command in '/home/arbaaz/decision_module/build/o2': CMAKE_PREFIX_PATH=${CMAKE_PREFIX_PATH}:/home/arbaaz/decision_module/install/simulation_pkg:/opt/ros/humble /usr/bin/cmake --build /home/arbaaz/decision_module/build/o2 -- -j12 -l12
[0.091s] [ 40%] Built target controller2
[0.096s] [100%] Built target main2
[0.120s] Invoked command in '/home/arbaaz/decision_module/build/o2' returned '0': CMAKE_PREFIX_PATH=${CMAKE_PREFIX_PATH}:/home/arbaaz/decision_module/install/simulation_pkg:/opt/ros/humble /usr/bin/cmake --build /home/arbaaz/decision_module/build/o2 -- -j12 -l12
[0.124s] Invoking command in '/home/arbaaz/decision_module/build/o2': CMAKE_PREFIX_PATH=${CMAKE_PREFIX_PATH}:/home/arbaaz/decision_module/install/simulation_pkg:/opt/ros/humble /usr/bin/cmake --install /home/arbaaz/decision_module/build/o2
[0.139s] -- Install configuration: ""
[0.140s] -- Up-to-date: /home/arbaaz/decision_module/install/o2/lib/o2/main2
[0.140s] -- Up-to-date: /home/arbaaz/decision_module/install/o2/lib/o2/controller2
[0.140s] -- Up-to-date: /home/arbaaz/decision_module/install/o2/share/ament_index/resource_index/package_run_dependencies/o2
[0.140s] -- Up-to-date: /home/arbaaz/decision_module/install/o2/share/ament_index/resource_index/parent_prefix_path/o2
[0.140s] -- Up-to-date: /home/arbaaz/decision_module/install/o2/share/o2/environment/ament_prefix_path.sh
[0.140s] -- Up-to-date: /home/arbaaz/decision_module/install/o2/share/o2/environment/ament_prefix_path.dsv
[0.140s] -- Up-to-date: /home/arbaaz/decision_module/install/o2/share/o2/environment/path.sh
[0.140s] -- Up-to-date: /home/arbaaz/decision_module/install/o2/share/o2/environment/path.dsv
[0.141s] -- Up-to-date: /home/arbaaz/decision_module/install/o2/share/o2/local_setup.bash
[0.141s] -- Up-to-date: /home/arbaaz/decision_module/install/o2/share/o2/local_setup.sh
[0.141s] -- Up-to-date: /home/arbaaz/decision_module/install/o2/share/o2/local_setup.zsh
[0.141s] -- Up-to-date: /home/arbaaz/decision_module/install/o2/share/o2/local_setup.dsv
[0.141s] -- Installing: /home/arbaaz/decision_module/install/o2/share/o2/package.dsv
[0.141s] -- Up-to-date: /home/arbaaz/decision_module/install/o2/share/ament_index/resource_index/packages/o2
[0.141s] -- Up-to-date: /home/arbaaz/decision_module/install/o2/share/o2/cmake/o2Config.cmake
[0.141s] -- Up-to-date: /home/arbaaz/decision_module/install/o2/share/o2/cmake/o2Config-version.cmake
[0.141s] -- Up-to-date: /home/arbaaz/decision_module/install/o2/share/o2/package.xml
[0.145s] Invoked command in '/home/arbaaz/decision_module/build/o2' returned '0': CMAKE_PREFIX_PATH=${CMAKE_PREFIX_PATH}:/home/arbaaz/decision_module/install/simulation_pkg:/opt/ros/humble /usr/bin/cmake --install /home/arbaaz/decision_module/build/o2
