[0.012s] Invoking command in '/home/arbaaz/decision_module/build/o5': CMAKE_PREFIX_PATH=${CMAKE_PREFIX_PATH}:/home/arbaaz/decision_module/install/simulation_pkg:/opt/ros/humble /usr/bin/cmake --build /home/arbaaz/decision_module/build/o5 -- -j12 -l12
[0.092s] [ 40%] Built target controller5
[0.100s] [100%] Built target main5
[0.118s] Invoked command in '/home/arbaaz/decision_module/build/o5' returned '0': CMAKE_PREFIX_PATH=${CMAKE_PREFIX_PATH}:/home/arbaaz/decision_module/install/simulation_pkg:/opt/ros/humble /usr/bin/cmake --build /home/arbaaz/decision_module/build/o5 -- -j12 -l12
[0.120s] Invoking command in '/home/arbaaz/decision_module/build/o5': CMAKE_PREFIX_PATH=${CMAKE_PREFIX_PATH}:/home/arbaaz/decision_module/install/simulation_pkg:/opt/ros/humble /usr/bin/cmake --install /home/arbaaz/decision_module/build/o5
[0.132s] -- Install configuration: ""
[0.132s] -- Up-to-date: /home/arbaaz/decision_module/install/o5/lib/o5/main5
[0.132s] -- Up-to-date: /home/arbaaz/decision_module/install/o5/lib/o5/controller5
[0.132s] -- Up-to-date: /home/arbaaz/decision_module/install/o5/share/ament_index/resource_index/package_run_dependencies/o5
[0.132s] -- Up-to-date: /home/arbaaz/decision_module/install/o5/share/ament_index/resource_index/parent_prefix_path/o5
[0.132s] -- Up-to-date: /home/arbaaz/decision_module/install/o5/share/o5/environment/ament_prefix_path.sh
[0.132s] -- Up-to-date: /home/arbaaz/decision_module/install/o5/share/o5/environment/ament_prefix_path.dsv
[0.133s] -- Up-to-date: /home/arbaaz/decision_module/install/o5/share/o5/environment/path.sh
[0.133s] -- Up-to-date: /home/arbaaz/decision_module/install/o5/share/o5/environment/path.dsv
[0.133s] -- Up-to-date: /home/arbaaz/decision_module/install/o5/share/o5/local_setup.bash
[0.133s] -- Up-to-date: /home/arbaaz/decision_module/install/o5/share/o5/local_setup.sh
[0.133s] -- Up-to-date: /home/arbaaz/decision_module/install/o5/share/o5/local_setup.zsh
[0.133s] -- Up-to-date: /home/arbaaz/decision_module/install/o5/share/o5/local_setup.dsv
[0.134s] -- Installing: /home/arbaaz/decision_module/install/o5/share/o5/package.dsv
[0.134s] -- Up-to-date: /home/arbaaz/decision_module/install/o5/share/ament_index/resource_index/packages/o5
[0.134s] -- Up-to-date: /home/arbaaz/decision_module/install/o5/share/o5/cmake/o5Config.cmake
[0.134s] -- Up-to-date: /home/arbaaz/decision_module/install/o5/share/o5/cmake/o5Config-version.cmake
[0.134s] -- Up-to-date: /home/arbaaz/decision_module/install/o5/share/o5/package.xml
[0.137s] Invoked command in '/home/arbaaz/decision_module/build/o5' returned '0': CMAKE_PREFIX_PATH=${CMAKE_PREFIX_PATH}:/home/arbaaz/decision_module/install/simulation_pkg:/opt/ros/humble /usr/bin/cmake --install /home/arbaaz/decision_module/build/o5
