[0.009s] Invoking command in '/home/arbaaz/decision_module/build/o5': CMAKE_PREFIX_PATH=${CMAKE_PREFIX_PATH}:/home/arbaaz/decision_module/install/simulation_pkg:/opt/ros/humble /usr/bin/cmake --build /home/arbaaz/decision_module/build/o5 -- -j12 -l12
[0.067s] [35m[1mConsolidate compiler generated dependencies of target controller5[0m
[0.070s] [35m[1mConsolidate compiler generated dependencies of target main5[0m
[0.097s] [ 40%] Built target controller5
[0.108s] [100%] Built target main5
[0.123s] Invoked command in '/home/arbaaz/decision_module/build/o5' returned '0': CMAKE_PREFIX_PATH=${CMAKE_PREFIX_PATH}:/home/arbaaz/decision_module/install/simulation_pkg:/opt/ros/humble /usr/bin/cmake --build /home/arbaaz/decision_module/build/o5 -- -j12 -l12
[0.125s] Invoking command in '/home/arbaaz/decision_module/build/o5': CMAKE_PREFIX_PATH=${CMAKE_PREFIX_PATH}:/home/arbaaz/decision_module/install/simulation_pkg:/opt/ros/humble /usr/bin/cmake --install /home/arbaaz/decision_module/build/o5
[0.134s] -- Install configuration: ""
[0.134s] -- Up-to-date: /home/arbaaz/decision_module/install/o5/lib/o5/main5
[0.134s] -- Up-to-date: /home/arbaaz/decision_module/install/o5/lib/o5/controller5
[0.135s] -- Up-to-date: /home/arbaaz/decision_module/install/o5/share/ament_index/resource_index/package_run_dependencies/o5
[0.135s] -- Up-to-date: /home/arbaaz/decision_module/install/o5/share/ament_index/resource_index/parent_prefix_path/o5
[0.135s] -- Up-to-date: /home/arbaaz/decision_module/install/o5/share/o5/environment/ament_prefix_path.sh
[0.135s] -- Up-to-date: /home/arbaaz/decision_module/install/o5/share/o5/environment/ament_prefix_path.dsv
[0.136s] -- Up-to-date: /home/arbaaz/decision_module/install/o5/share/o5/environment/path.sh
[0.136s] -- Up-to-date: /home/arbaaz/decision_module/install/o5/share/o5/environment/path.dsv
[0.136s] -- Up-to-date: /home/arbaaz/decision_module/install/o5/share/o5/local_setup.bash
[0.136s] -- Up-to-date: /home/arbaaz/decision_module/install/o5/share/o5/local_setup.sh
[0.136s] -- Up-to-date: /home/arbaaz/decision_module/install/o5/share/o5/local_setup.zsh
[0.136s] -- Up-to-date: /home/arbaaz/decision_module/install/o5/share/o5/local_setup.dsv
[0.136s] -- Installing: /home/arbaaz/decision_module/install/o5/share/o5/package.dsv
[0.136s] -- Up-to-date: /home/arbaaz/decision_module/install/o5/share/ament_index/resource_index/packages/o5
[0.136s] -- Up-to-date: /home/arbaaz/decision_module/install/o5/share/o5/cmake/o5Config.cmake
[0.136s] -- Up-to-date: /home/arbaaz/decision_module/install/o5/share/o5/cmake/o5Config-version.cmake
[0.137s] -- Up-to-date: /home/arbaaz/decision_module/install/o5/share/o5/package.xml
[0.140s] Invoked command in '/home/arbaaz/decision_module/build/o5' returned '0': CMAKE_PREFIX_PATH=${CMAKE_PREFIX_PATH}:/home/arbaaz/decision_module/install/simulation_pkg:/opt/ros/humble /usr/bin/cmake --install /home/arbaaz/decision_module/build/o5
