[0.104s] DEBUG:colcon:Command line arguments: ['/usr/bin/colcon', 'build', '--executor', 'sequential']
[0.104s] DEBUG:colcon:Parsed command line arguments: Namespace(log_base=None, log_level=None, verb_name='build', build_base='build', install_base='install', merge_install=False, symlink_install=False, test_result_base=None, continue_on_error=False, executor='sequential', parallel_workers=12, event_handlers=None, ignore_user_meta=False, metas=['./colcon.meta'], base_paths=['.'], packages_ignore=None, packages_ignore_regex=None, paths=None, packages_up_to=None, packages_up_to_regex=None, packages_above=None, packages_above_and_dependencies=None, packages_above_depth=None, packages_select_by_dep=None, packages_skip_by_dep=None, packages_skip_up_to=None, packages_select_build_failed=False, packages_skip_build_finished=False, packages_select_test_failures=False, packages_skip_test_passed=False, packages_select=None, packages_skip=None, packages_select_regex=None, packages_skip_regex=None, packages_start=None, packages_end=None, allow_overriding=[], cmake_args=None, cmake_target=None, cmake_target_skip_unavailable=False, cmake_clean_cache=False, cmake_clean_first=False, cmake_force_configure=False, ament_cmake_args=None, catkin_cmake_args=None, catkin_skip_building_tests=False, mixin_files=None, mixin=None, verb_parser=<colcon_mixin.mixin.mixin_argument.MixinArgumentDecorator object at 0x779a5e343e20>, verb_extension=<colcon_core.verb.build.BuildVerb object at 0x779a5e343970>, main=<bound method BuildVerb.main of <colcon_core.verb.build.BuildVerb object at 0x779a5e343970>>, mixin_verb=('build',))
[0.375s] Level 1:colcon.colcon_core.package_discovery:discover_packages(colcon_meta) check parameters
[0.375s] Level 1:colcon.colcon_core.package_discovery:discover_packages(recursive) check parameters
[0.376s] Level 1:colcon.colcon_core.package_discovery:discover_packages(ignore) check parameters
[0.376s] Level 1:colcon.colcon_core.package_discovery:discover_packages(path) check parameters
[0.376s] Level 1:colcon.colcon_core.package_discovery:discover_packages(colcon_meta) discover
[0.376s] Level 1:colcon.colcon_core.package_discovery:discover_packages(recursive) discover
[0.376s] INFO:colcon.colcon_core.package_discovery:Crawling recursively for packages in '/home/arbaaz/decision_module'
[0.376s] Level 1:colcon.colcon_core.package_identification:_identify(.) by extensions ['ignore', 'ignore_ament_install']
[0.376s] Level 1:colcon.colcon_core.package_identification:_identify(.) by extension 'ignore'
[0.376s] Level 1:colcon.colcon_core.package_identification:_identify(.) by extension 'ignore_ament_install'
[0.376s] Level 1:colcon.colcon_core.package_identification:_identify(.) by extensions ['colcon_pkg']
[0.376s] Level 1:colcon.colcon_core.package_identification:_identify(.) by extension 'colcon_pkg'
[0.376s] Level 1:colcon.colcon_core.package_identification:_identify(.) by extensions ['colcon_meta']
[0.376s] Level 1:colcon.colcon_core.package_identification:_identify(.) by extension 'colcon_meta'
[0.376s] Level 1:colcon.colcon_core.package_identification:_identify(.) by extensions ['ros']
[0.376s] Level 1:colcon.colcon_core.package_identification:_identify(.) by extension 'ros'
[0.389s] Level 1:colcon.colcon_core.package_identification:_identify(.) by extensions ['cmake', 'python']
[0.389s] Level 1:colcon.colcon_core.package_identification:_identify(.) by extension 'cmake'
[0.389s] Level 1:colcon.colcon_core.package_identification:_identify(.) by extension 'python'
[0.389s] Level 1:colcon.colcon_core.package_identification:_identify(.) by extensions ['python_setup_py']
[0.389s] Level 1:colcon.colcon_core.package_identification:_identify(.) by extension 'python_setup_py'
[0.389s] Level 1:colcon.colcon_core.package_identification:_identify(build) by extensions ['ignore', 'ignore_ament_install']
[0.389s] Level 1:colcon.colcon_core.package_identification:_identify(build) by extension 'ignore'
[0.389s] Level 1:colcon.colcon_core.package_identification:_identify(build) ignored
[0.390s] Level 1:colcon.colcon_core.package_identification:_identify(install) by extensions ['ignore', 'ignore_ament_install']
[0.390s] Level 1:colcon.colcon_core.package_identification:_identify(install) by extension 'ignore'
[0.390s] Level 1:colcon.colcon_core.package_identification:_identify(install) ignored
[0.390s] Level 1:colcon.colcon_core.package_identification:_identify(log) by extensions ['ignore', 'ignore_ament_install']
[0.390s] Level 1:colcon.colcon_core.package_identification:_identify(log) by extension 'ignore'
[0.390s] Level 1:colcon.colcon_core.package_identification:_identify(log) ignored
[0.390s] Level 1:colcon.colcon_core.package_identification:_identify(src) by extensions ['ignore', 'ignore_ament_install']
[0.390s] Level 1:colcon.colcon_core.package_identification:_identify(src) by extension 'ignore'
[0.390s] Level 1:colcon.colcon_core.package_identification:_identify(src) by extension 'ignore_ament_install'
[0.390s] Level 1:colcon.colcon_core.package_identification:_identify(src) by extensions ['colcon_pkg']
[0.390s] Level 1:colcon.colcon_core.package_identification:_identify(src) by extension 'colcon_pkg'
[0.390s] Level 1:colcon.colcon_core.package_identification:_identify(src) by extensions ['colcon_meta']
[0.390s] Level 1:colcon.colcon_core.package_identification:_identify(src) by extension 'colcon_meta'
[0.390s] Level 1:colcon.colcon_core.package_identification:_identify(src) by extensions ['ros']
[0.390s] Level 1:colcon.colcon_core.package_identification:_identify(src) by extension 'ros'
[0.390s] Level 1:colcon.colcon_core.package_identification:_identify(src) by extensions ['cmake', 'python']
[0.390s] Level 1:colcon.colcon_core.package_identification:_identify(src) by extension 'cmake'
[0.390s] Level 1:colcon.colcon_core.package_identification:_identify(src) by extension 'python'
[0.390s] Level 1:colcon.colcon_core.package_identification:_identify(src) by extensions ['python_setup_py']
[0.390s] Level 1:colcon.colcon_core.package_identification:_identify(src) by extension 'python_setup_py'
[0.391s] Level 1:colcon.colcon_core.package_identification:_identify(src/o1) by extensions ['ignore', 'ignore_ament_install']
[0.391s] Level 1:colcon.colcon_core.package_identification:_identify(src/o1) by extension 'ignore'
[0.391s] Level 1:colcon.colcon_core.package_identification:_identify(src/o1) by extension 'ignore_ament_install'
[0.391s] Level 1:colcon.colcon_core.package_identification:_identify(src/o1) by extensions ['colcon_pkg']
[0.391s] Level 1:colcon.colcon_core.package_identification:_identify(src/o1) by extension 'colcon_pkg'
[0.391s] Level 1:colcon.colcon_core.package_identification:_identify(src/o1) by extensions ['colcon_meta']
[0.391s] Level 1:colcon.colcon_core.package_identification:_identify(src/o1) by extension 'colcon_meta'
[0.391s] Level 1:colcon.colcon_core.package_identification:_identify(src/o1) by extensions ['ros']
[0.391s] Level 1:colcon.colcon_core.package_identification:_identify(src/o1) by extension 'ros'
[0.394s] DEBUG:colcon.colcon_core.package_identification:Package 'src/o1' with type 'ros.ament_cmake' and name 'o1'
[0.395s] Level 1:colcon.colcon_core.package_identification:_identify(src/o2) by extensions ['ignore', 'ignore_ament_install']
[0.395s] Level 1:colcon.colcon_core.package_identification:_identify(src/o2) by extension 'ignore'
[0.395s] Level 1:colcon.colcon_core.package_identification:_identify(src/o2) by extension 'ignore_ament_install'
[0.395s] Level 1:colcon.colcon_core.package_identification:_identify(src/o2) by extensions ['colcon_pkg']
[0.395s] Level 1:colcon.colcon_core.package_identification:_identify(src/o2) by extension 'colcon_pkg'
[0.395s] Level 1:colcon.colcon_core.package_identification:_identify(src/o2) by extensions ['colcon_meta']
[0.395s] Level 1:colcon.colcon_core.package_identification:_identify(src/o2) by extension 'colcon_meta'
[0.395s] Level 1:colcon.colcon_core.package_identification:_identify(src/o2) by extensions ['ros']
[0.395s] Level 1:colcon.colcon_core.package_identification:_identify(src/o2) by extension 'ros'
[0.396s] DEBUG:colcon.colcon_core.package_identification:Package 'src/o2' with type 'ros.ament_cmake' and name 'o2'
[0.396s] Level 1:colcon.colcon_core.package_identification:_identify(src/o3) by extensions ['ignore', 'ignore_ament_install']
[0.396s] Level 1:colcon.colcon_core.package_identification:_identify(src/o3) by extension 'ignore'
[0.396s] Level 1:colcon.colcon_core.package_identification:_identify(src/o3) by extension 'ignore_ament_install'
[0.396s] Level 1:colcon.colcon_core.package_identification:_identify(src/o3) by extensions ['colcon_pkg']
[0.396s] Level 1:colcon.colcon_core.package_identification:_identify(src/o3) by extension 'colcon_pkg'
[0.396s] Level 1:colcon.colcon_core.package_identification:_identify(src/o3) by extensions ['colcon_meta']
[0.397s] Level 1:colcon.colcon_core.package_identification:_identify(src/o3) by extension 'colcon_meta'
[0.397s] Level 1:colcon.colcon_core.package_identification:_identify(src/o3) by extensions ['ros']
[0.397s] Level 1:colcon.colcon_core.package_identification:_identify(src/o3) by extension 'ros'
[0.397s] DEBUG:colcon.colcon_core.package_identification:Package 'src/o3' with type 'ros.ament_cmake' and name 'o3'
[0.398s] Level 1:colcon.colcon_core.package_identification:_identify(src/o4) by extensions ['ignore', 'ignore_ament_install']
[0.398s] Level 1:colcon.colcon_core.package_identification:_identify(src/o4) by extension 'ignore'
[0.398s] Level 1:colcon.colcon_core.package_identification:_identify(src/o4) by extension 'ignore_ament_install'
[0.398s] Level 1:colcon.colcon_core.package_identification:_identify(src/o4) by extensions ['colcon_pkg']
[0.398s] Level 1:colcon.colcon_core.package_identification:_identify(src/o4) by extension 'colcon_pkg'
[0.398s] Level 1:colcon.colcon_core.package_identification:_identify(src/o4) by extensions ['colcon_meta']
[0.398s] Level 1:colcon.colcon_core.package_identification:_identify(src/o4) by extension 'colcon_meta'
[0.398s] Level 1:colcon.colcon_core.package_identification:_identify(src/o4) by extensions ['ros']
[0.398s] Level 1:colcon.colcon_core.package_identification:_identify(src/o4) by extension 'ros'
[0.399s] DEBUG:colcon.colcon_core.package_identification:Package 'src/o4' with type 'ros.ament_cmake' and name 'o4'
[0.399s] Level 1:colcon.colcon_core.package_identification:_identify(src/o5) by extensions ['ignore', 'ignore_ament_install']
[0.399s] Level 1:colcon.colcon_core.package_identification:_identify(src/o5) by extension 'ignore'
[0.399s] Level 1:colcon.colcon_core.package_identification:_identify(src/o5) by extension 'ignore_ament_install'
[0.399s] Level 1:colcon.colcon_core.package_identification:_identify(src/o5) by extensions ['colcon_pkg']
[0.399s] Level 1:colcon.colcon_core.package_identification:_identify(src/o5) by extension 'colcon_pkg'
[0.399s] Level 1:colcon.colcon_core.package_identification:_identify(src/o5) by extensions ['colcon_meta']
[0.399s] Level 1:colcon.colcon_core.package_identification:_identify(src/o5) by extension 'colcon_meta'
[0.400s] Level 1:colcon.colcon_core.package_identification:_identify(src/o5) by extensions ['ros']
[0.400s] Level 1:colcon.colcon_core.package_identification:_identify(src/o5) by extension 'ros'
[0.401s] DEBUG:colcon.colcon_core.package_identification:Package 'src/o5' with type 'ros.ament_cmake' and name 'o5'
[0.401s] Level 1:colcon.colcon_core.package_identification:_identify(src/simulation_pkg) by extensions ['ignore', 'ignore_ament_install']
[0.401s] Level 1:colcon.colcon_core.package_identification:_identify(src/simulation_pkg) by extension 'ignore'
[0.401s] Level 1:colcon.colcon_core.package_identification:_identify(src/simulation_pkg) by extension 'ignore_ament_install'
[0.401s] Level 1:colcon.colcon_core.package_identification:_identify(src/simulation_pkg) by extensions ['colcon_pkg']
[0.401s] Level 1:colcon.colcon_core.package_identification:_identify(src/simulation_pkg) by extension 'colcon_pkg'
[0.401s] Level 1:colcon.colcon_core.package_identification:_identify(src/simulation_pkg) by extensions ['colcon_meta']
[0.401s] Level 1:colcon.colcon_core.package_identification:_identify(src/simulation_pkg) by extension 'colcon_meta'
[0.401s] Level 1:colcon.colcon_core.package_identification:_identify(src/simulation_pkg) by extensions ['ros']
[0.401s] Level 1:colcon.colcon_core.package_identification:_identify(src/simulation_pkg) by extension 'ros'
[0.402s] DEBUG:colcon.colcon_core.package_identification:Package 'src/simulation_pkg' with type 'ros.ament_python' and name 'simulation_pkg'
[0.402s] Level 1:colcon.colcon_core.package_discovery:discover_packages(recursive) using defaults
[0.402s] Level 1:colcon.colcon_core.package_discovery:discover_packages(ignore) discover
[0.402s] Level 1:colcon.colcon_core.package_discovery:discover_packages(ignore) using defaults
[0.402s] Level 1:colcon.colcon_core.package_discovery:discover_packages(path) discover
[0.402s] Level 1:colcon.colcon_core.package_discovery:discover_packages(path) using defaults
[0.446s] Level 1:colcon.colcon_core.package_discovery:discover_packages(prefix_path) check parameters
[0.446s] Level 1:colcon.colcon_core.package_discovery:discover_packages(prefix_path) discover
[0.454s] DEBUG:colcon.colcon_installed_package_information.package_discovery:Found 6 installed packages in /home/arbaaz/decision_module/install
[0.456s] DEBUG:colcon.colcon_installed_package_information.package_discovery:Found 327 installed packages in /opt/ros/humble
[0.458s] Level 1:colcon.colcon_core.package_discovery:discover_packages(prefix_path) using defaults
[0.539s] Level 5:colcon.colcon_core.verb:set package 'o1' build argument 'cmake_args' from command line to 'None'
[0.539s] Level 5:colcon.colcon_core.verb:set package 'o1' build argument 'cmake_target' from command line to 'None'
[0.539s] Level 5:colcon.colcon_core.verb:set package 'o1' build argument 'cmake_target_skip_unavailable' from command line to 'False'
[0.539s] Level 5:colcon.colcon_core.verb:set package 'o1' build argument 'cmake_clean_cache' from command line to 'False'
[0.539s] Level 5:colcon.colcon_core.verb:set package 'o1' build argument 'cmake_clean_first' from command line to 'False'
[0.539s] Level 5:colcon.colcon_core.verb:set package 'o1' build argument 'cmake_force_configure' from command line to 'False'
[0.539s] Level 5:colcon.colcon_core.verb:set package 'o1' build argument 'ament_cmake_args' from command line to 'None'
[0.539s] Level 5:colcon.colcon_core.verb:set package 'o1' build argument 'catkin_cmake_args' from command line to 'None'
[0.539s] Level 5:colcon.colcon_core.verb:set package 'o1' build argument 'catkin_skip_building_tests' from command line to 'False'
[0.539s] DEBUG:colcon.colcon_core.verb:Building package 'o1' with the following arguments: {'ament_cmake_args': None, 'build_base': '/home/arbaaz/decision_module/build/o1', 'catkin_cmake_args': None, 'catkin_skip_building_tests': False, 'cmake_args': None, 'cmake_clean_cache': False, 'cmake_clean_first': False, 'cmake_force_configure': False, 'cmake_target': None, 'cmake_target_skip_unavailable': False, 'install_base': '/home/arbaaz/decision_module/install/o1', 'merge_install': False, 'path': '/home/arbaaz/decision_module/src/o1', 'symlink_install': False, 'test_result_base': None}
[0.540s] Level 5:colcon.colcon_core.verb:set package 'o2' build argument 'cmake_args' from command line to 'None'
[0.540s] Level 5:colcon.colcon_core.verb:set package 'o2' build argument 'cmake_target' from command line to 'None'
[0.540s] Level 5:colcon.colcon_core.verb:set package 'o2' build argument 'cmake_target_skip_unavailable' from command line to 'False'
[0.540s] Level 5:colcon.colcon_core.verb:set package 'o2' build argument 'cmake_clean_cache' from command line to 'False'
[0.540s] Level 5:colcon.colcon_core.verb:set package 'o2' build argument 'cmake_clean_first' from command line to 'False'
[0.540s] Level 5:colcon.colcon_core.verb:set package 'o2' build argument 'cmake_force_configure' from command line to 'False'
[0.540s] Level 5:colcon.colcon_core.verb:set package 'o2' build argument 'ament_cmake_args' from command line to 'None'
[0.540s] Level 5:colcon.colcon_core.verb:set package 'o2' build argument 'catkin_cmake_args' from command line to 'None'
[0.540s] Level 5:colcon.colcon_core.verb:set package 'o2' build argument 'catkin_skip_building_tests' from command line to 'False'
[0.540s] DEBUG:colcon.colcon_core.verb:Building package 'o2' with the following arguments: {'ament_cmake_args': None, 'build_base': '/home/arbaaz/decision_module/build/o2', 'catkin_cmake_args': None, 'catkin_skip_building_tests': False, 'cmake_args': None, 'cmake_clean_cache': False, 'cmake_clean_first': False, 'cmake_force_configure': False, 'cmake_target': None, 'cmake_target_skip_unavailable': False, 'install_base': '/home/arbaaz/decision_module/install/o2', 'merge_install': False, 'path': '/home/arbaaz/decision_module/src/o2', 'symlink_install': False, 'test_result_base': None}
[0.540s] Level 5:colcon.colcon_core.verb:set package 'o3' build argument 'cmake_args' from command line to 'None'
[0.540s] Level 5:colcon.colcon_core.verb:set package 'o3' build argument 'cmake_target' from command line to 'None'
[0.540s] Level 5:colcon.colcon_core.verb:set package 'o3' build argument 'cmake_target_skip_unavailable' from command line to 'False'
[0.540s] Level 5:colcon.colcon_core.verb:set package 'o3' build argument 'cmake_clean_cache' from command line to 'False'
[0.540s] Level 5:colcon.colcon_core.verb:set package 'o3' build argument 'cmake_clean_first' from command line to 'False'
[0.540s] Level 5:colcon.colcon_core.verb:set package 'o3' build argument 'cmake_force_configure' from command line to 'False'
[0.540s] Level 5:colcon.colcon_core.verb:set package 'o3' build argument 'ament_cmake_args' from command line to 'None'
[0.540s] Level 5:colcon.colcon_core.verb:set package 'o3' build argument 'catkin_cmake_args' from command line to 'None'
[0.540s] Level 5:colcon.colcon_core.verb:set package 'o3' build argument 'catkin_skip_building_tests' from command line to 'False'
[0.540s] DEBUG:colcon.colcon_core.verb:Building package 'o3' with the following arguments: {'ament_cmake_args': None, 'build_base': '/home/arbaaz/decision_module/build/o3', 'catkin_cmake_args': None, 'catkin_skip_building_tests': False, 'cmake_args': None, 'cmake_clean_cache': False, 'cmake_clean_first': False, 'cmake_force_configure': False, 'cmake_target': None, 'cmake_target_skip_unavailable': False, 'install_base': '/home/arbaaz/decision_module/install/o3', 'merge_install': False, 'path': '/home/arbaaz/decision_module/src/o3', 'symlink_install': False, 'test_result_base': None}
[0.540s] Level 5:colcon.colcon_core.verb:set package 'o4' build argument 'cmake_args' from command line to 'None'
[0.540s] Level 5:colcon.colcon_core.verb:set package 'o4' build argument 'cmake_target' from command line to 'None'
[0.540s] Level 5:colcon.colcon_core.verb:set package 'o4' build argument 'cmake_target_skip_unavailable' from command line to 'False'
[0.541s] Level 5:colcon.colcon_core.verb:set package 'o4' build argument 'cmake_clean_cache' from command line to 'False'
[0.541s] Level 5:colcon.colcon_core.verb:set package 'o4' build argument 'cmake_clean_first' from command line to 'False'
[0.541s] Level 5:colcon.colcon_core.verb:set package 'o4' build argument 'cmake_force_configure' from command line to 'False'
[0.541s] Level 5:colcon.colcon_core.verb:set package 'o4' build argument 'ament_cmake_args' from command line to 'None'
[0.541s] Level 5:colcon.colcon_core.verb:set package 'o4' build argument 'catkin_cmake_args' from command line to 'None'
[0.541s] Level 5:colcon.colcon_core.verb:set package 'o4' build argument 'catkin_skip_building_tests' from command line to 'False'
[0.541s] DEBUG:colcon.colcon_core.verb:Building package 'o4' with the following arguments: {'ament_cmake_args': None, 'build_base': '/home/arbaaz/decision_module/build/o4', 'catkin_cmake_args': None, 'catkin_skip_building_tests': False, 'cmake_args': None, 'cmake_clean_cache': False, 'cmake_clean_first': False, 'cmake_force_configure': False, 'cmake_target': None, 'cmake_target_skip_unavailable': False, 'install_base': '/home/arbaaz/decision_module/install/o4', 'merge_install': False, 'path': '/home/arbaaz/decision_module/src/o4', 'symlink_install': False, 'test_result_base': None}
[0.541s] Level 5:colcon.colcon_core.verb:set package 'o5' build argument 'cmake_args' from command line to 'None'
[0.541s] Level 5:colcon.colcon_core.verb:set package 'o5' build argument 'cmake_target' from command line to 'None'
[0.541s] Level 5:colcon.colcon_core.verb:set package 'o5' build argument 'cmake_target_skip_unavailable' from command line to 'False'
[0.541s] Level 5:colcon.colcon_core.verb:set package 'o5' build argument 'cmake_clean_cache' from command line to 'False'
[0.541s] Level 5:colcon.colcon_core.verb:set package 'o5' build argument 'cmake_clean_first' from command line to 'False'
[0.541s] Level 5:colcon.colcon_core.verb:set package 'o5' build argument 'cmake_force_configure' from command line to 'False'
[0.541s] Level 5:colcon.colcon_core.verb:set package 'o5' build argument 'ament_cmake_args' from command line to 'None'
[0.541s] Level 5:colcon.colcon_core.verb:set package 'o5' build argument 'catkin_cmake_args' from command line to 'None'
[0.541s] Level 5:colcon.colcon_core.verb:set package 'o5' build argument 'catkin_skip_building_tests' from command line to 'False'
[0.541s] DEBUG:colcon.colcon_core.verb:Building package 'o5' with the following arguments: {'ament_cmake_args': None, 'build_base': '/home/arbaaz/decision_module/build/o5', 'catkin_cmake_args': None, 'catkin_skip_building_tests': False, 'cmake_args': None, 'cmake_clean_cache': False, 'cmake_clean_first': False, 'cmake_force_configure': False, 'cmake_target': None, 'cmake_target_skip_unavailable': False, 'install_base': '/home/arbaaz/decision_module/install/o5', 'merge_install': False, 'path': '/home/arbaaz/decision_module/src/o5', 'symlink_install': False, 'test_result_base': None}
[0.541s] Level 5:colcon.colcon_core.verb:set package 'simulation_pkg' build argument 'cmake_args' from command line to 'None'
[0.541s] Level 5:colcon.colcon_core.verb:set package 'simulation_pkg' build argument 'cmake_target' from command line to 'None'
[0.541s] Level 5:colcon.colcon_core.verb:set package 'simulation_pkg' build argument 'cmake_target_skip_unavailable' from command line to 'False'
[0.541s] Level 5:colcon.colcon_core.verb:set package 'simulation_pkg' build argument 'cmake_clean_cache' from command line to 'False'
[0.541s] Level 5:colcon.colcon_core.verb:set package 'simulation_pkg' build argument 'cmake_clean_first' from command line to 'False'
[0.541s] Level 5:colcon.colcon_core.verb:set package 'simulation_pkg' build argument 'cmake_force_configure' from command line to 'False'
[0.541s] Level 5:colcon.colcon_core.verb:set package 'simulation_pkg' build argument 'ament_cmake_args' from command line to 'None'
[0.541s] Level 5:colcon.colcon_core.verb:set package 'simulation_pkg' build argument 'catkin_cmake_args' from command line to 'None'
[0.541s] Level 5:colcon.colcon_core.verb:set package 'simulation_pkg' build argument 'catkin_skip_building_tests' from command line to 'False'
[0.542s] DEBUG:colcon.colcon_core.verb:Building package 'simulation_pkg' with the following arguments: {'ament_cmake_args': None, 'build_base': '/home/arbaaz/decision_module/build/simulation_pkg', 'catkin_cmake_args': None, 'catkin_skip_building_tests': False, 'cmake_args': None, 'cmake_clean_cache': False, 'cmake_clean_first': False, 'cmake_force_configure': False, 'cmake_target': None, 'cmake_target_skip_unavailable': False, 'install_base': '/home/arbaaz/decision_module/install/simulation_pkg', 'merge_install': False, 'path': '/home/arbaaz/decision_module/src/simulation_pkg', 'symlink_install': False, 'test_result_base': None}
[0.542s] INFO:colcon.colcon_core.executor:Executing jobs using 'sequential' executor
[0.543s] DEBUG:colcon.colcon_core.executor.sequential:run_until_complete 'o1'
[0.543s] INFO:colcon.colcon_ros.task.ament_cmake.build:Building ROS package in '/home/arbaaz/decision_module/src/o1' with build type 'ament_cmake'
[0.543s] INFO:colcon.colcon_cmake.task.cmake.build:Building CMake package in '/home/arbaaz/decision_module/src/o1'
[0.548s] INFO:colcon.colcon_core.plugin_system:Skipping extension 'colcon_core.shell.bat': Not used on non-Windows systems
[0.548s] INFO:colcon.colcon_core.shell:Skip shell extension 'powershell' for command environment: Not usable outside of PowerShell
[0.548s] DEBUG:colcon.colcon_core.shell:Skip shell extension 'dsv' for command environment
[0.559s] DEBUG:colcon.colcon_core.event_handler.log_command:Invoking command in '/home/arbaaz/decision_module/build/o1': CMAKE_PREFIX_PATH=${CMAKE_PREFIX_PATH}:/home/arbaaz/decision_module/install/simulation_pkg:/opt/ros/humble /usr/bin/cmake --build /home/arbaaz/decision_module/build/o1 -- -j12 -l12
[0.754s] DEBUG:colcon.colcon_core.event_handler.log_command:Invoked command in '/home/arbaaz/decision_module/build/o1' returned '0': CMAKE_PREFIX_PATH=${CMAKE_PREFIX_PATH}:/home/arbaaz/decision_module/install/simulation_pkg:/opt/ros/humble /usr/bin/cmake --build /home/arbaaz/decision_module/build/o1 -- -j12 -l12
[0.767s] DEBUG:colcon.colcon_core.event_handler.log_command:Invoking command in '/home/arbaaz/decision_module/build/o1': CMAKE_PREFIX_PATH=${CMAKE_PREFIX_PATH}:/home/arbaaz/decision_module/install/simulation_pkg:/opt/ros/humble /usr/bin/cmake --install /home/arbaaz/decision_module/build/o1
[0.783s] Level 1:colcon.colcon_core.environment:create_environment_scripts_only(o1)
[0.783s] DEBUG:colcon.colcon_core.event_handler.log_command:Invoked command in '/home/arbaaz/decision_module/build/o1' returned '0': CMAKE_PREFIX_PATH=${CMAKE_PREFIX_PATH}:/home/arbaaz/decision_module/install/simulation_pkg:/opt/ros/humble /usr/bin/cmake --install /home/arbaaz/decision_module/build/o1
[0.789s] Level 1:colcon.colcon_core.environment:checking '/home/arbaaz/decision_module/install/o1' for CMake module files
[0.790s] Level 1:colcon.colcon_core.environment:checking '/home/arbaaz/decision_module/install/o1' for CMake config files
[0.790s] Level 1:colcon.colcon_core.shell:create_environment_hook('o1', 'cmake_prefix_path')
[0.790s] INFO:colcon.colcon_core.shell:Creating environment hook '/home/arbaaz/decision_module/install/o1/share/o1/hook/cmake_prefix_path.ps1'
[0.791s] INFO:colcon.colcon_core.shell:Creating environment descriptor '/home/arbaaz/decision_module/install/o1/share/o1/hook/cmake_prefix_path.dsv'
[0.792s] INFO:colcon.colcon_core.shell:Creating environment hook '/home/arbaaz/decision_module/install/o1/share/o1/hook/cmake_prefix_path.sh'
[0.793s] Level 1:colcon.colcon_core.environment:checking '/home/arbaaz/decision_module/install/o1/lib'
[0.793s] Level 1:colcon.colcon_core.environment:checking '/home/arbaaz/decision_module/install/o1/bin'
[0.793s] Level 1:colcon.colcon_core.environment:checking '/home/arbaaz/decision_module/install/o1/lib/pkgconfig/o1.pc'
[0.793s] Level 1:colcon.colcon_core.environment:checking '/home/arbaaz/decision_module/install/o1/lib/python3.10/site-packages'
[0.793s] Level 1:colcon.colcon_core.environment:checking '/home/arbaaz/decision_module/install/o1/bin'
[0.793s] INFO:colcon.colcon_core.shell:Creating package script '/home/arbaaz/decision_module/install/o1/share/o1/package.ps1'
[0.794s] INFO:colcon.colcon_core.shell:Creating package descriptor '/home/arbaaz/decision_module/install/o1/share/o1/package.dsv'
[0.795s] INFO:colcon.colcon_core.shell:Creating package script '/home/arbaaz/decision_module/install/o1/share/o1/package.sh'
[0.796s] INFO:colcon.colcon_core.shell:Creating package script '/home/arbaaz/decision_module/install/o1/share/o1/package.bash'
[0.796s] INFO:colcon.colcon_core.shell:Creating package script '/home/arbaaz/decision_module/install/o1/share/o1/package.zsh'
[0.797s] Level 1:colcon.colcon_core.environment:create_file_with_runtime_dependencies(/home/arbaaz/decision_module/install/o1/share/colcon-core/packages/o1)
[0.798s] Level 1:colcon.colcon_core.environment:create_environment_scripts_only(o1)
[0.798s] Level 1:colcon.colcon_core.environment:checking '/home/arbaaz/decision_module/install/o1' for CMake module files
[0.798s] Level 1:colcon.colcon_core.environment:checking '/home/arbaaz/decision_module/install/o1' for CMake config files
[0.798s] Level 1:colcon.colcon_core.shell:create_environment_hook('o1', 'cmake_prefix_path')
[0.799s] INFO:colcon.colcon_core.shell:Creating environment hook '/home/arbaaz/decision_module/install/o1/share/o1/hook/cmake_prefix_path.ps1'
[0.799s] INFO:colcon.colcon_core.shell:Creating environment descriptor '/home/arbaaz/decision_module/install/o1/share/o1/hook/cmake_prefix_path.dsv'
[0.799s] INFO:colcon.colcon_core.shell:Creating environment hook '/home/arbaaz/decision_module/install/o1/share/o1/hook/cmake_prefix_path.sh'
[0.800s] Level 1:colcon.colcon_core.environment:checking '/home/arbaaz/decision_module/install/o1/lib'
[0.800s] Level 1:colcon.colcon_core.environment:checking '/home/arbaaz/decision_module/install/o1/bin'
[0.800s] Level 1:colcon.colcon_core.environment:checking '/home/arbaaz/decision_module/install/o1/lib/pkgconfig/o1.pc'
[0.800s] Level 1:colcon.colcon_core.environment:checking '/home/arbaaz/decision_module/install/o1/lib/python3.10/site-packages'
[0.800s] Level 1:colcon.colcon_core.environment:checking '/home/arbaaz/decision_module/install/o1/bin'
[0.800s] INFO:colcon.colcon_core.shell:Creating package script '/home/arbaaz/decision_module/install/o1/share/o1/package.ps1'
[0.801s] INFO:colcon.colcon_core.shell:Creating package descriptor '/home/arbaaz/decision_module/install/o1/share/o1/package.dsv'
[0.801s] INFO:colcon.colcon_core.shell:Creating package script '/home/arbaaz/decision_module/install/o1/share/o1/package.sh'
[0.802s] INFO:colcon.colcon_core.shell:Creating package script '/home/arbaaz/decision_module/install/o1/share/o1/package.bash'
[0.802s] INFO:colcon.colcon_core.shell:Creating package script '/home/arbaaz/decision_module/install/o1/share/o1/package.zsh'
[0.802s] Level 1:colcon.colcon_core.environment:create_file_with_runtime_dependencies(/home/arbaaz/decision_module/install/o1/share/colcon-core/packages/o1)
[0.803s] DEBUG:colcon.colcon_core.executor.sequential:run_until_complete 'o1' finished with '0'
[0.803s] DEBUG:colcon.colcon_core.executor.sequential:run_until_complete 'o2'
[0.803s] INFO:colcon.colcon_ros.task.ament_cmake.build:Building ROS package in '/home/arbaaz/decision_module/src/o2' with build type 'ament_cmake'
[0.803s] INFO:colcon.colcon_cmake.task.cmake.build:Building CMake package in '/home/arbaaz/decision_module/src/o2'
[0.803s] INFO:colcon.colcon_core.shell:Skip shell extension 'powershell' for command environment: Not usable outside of PowerShell
[0.803s] DEBUG:colcon.colcon_core.shell:Skip shell extension 'dsv' for command environment
[0.814s] DEBUG:colcon.colcon_core.event_handler.log_command:Invoking command in '/home/arbaaz/decision_module/build/o2': CMAKE_PREFIX_PATH=${CMAKE_PREFIX_PATH}:/home/arbaaz/decision_module/install/simulation_pkg:/opt/ros/humble /usr/bin/cmake --build /home/arbaaz/decision_module/build/o2 -- -j12 -l12
[0.909s] DEBUG:colcon.colcon_core.event_handler.log_command:Invoked command in '/home/arbaaz/decision_module/build/o2' returned '0': CMAKE_PREFIX_PATH=${CMAKE_PREFIX_PATH}:/home/arbaaz/decision_module/install/simulation_pkg:/opt/ros/humble /usr/bin/cmake --build /home/arbaaz/decision_module/build/o2 -- -j12 -l12
[0.912s] DEBUG:colcon.colcon_core.event_handler.log_command:Invoking command in '/home/arbaaz/decision_module/build/o2': CMAKE_PREFIX_PATH=${CMAKE_PREFIX_PATH}:/home/arbaaz/decision_module/install/simulation_pkg:/opt/ros/humble /usr/bin/cmake --install /home/arbaaz/decision_module/build/o2
[0.927s] Level 1:colcon.colcon_core.environment:create_environment_scripts_only(o2)
[0.927s] Level 1:colcon.colcon_core.environment:checking '/home/arbaaz/decision_module/install/o2' for CMake module files
[0.928s] DEBUG:colcon.colcon_core.event_handler.log_command:Invoked command in '/home/arbaaz/decision_module/build/o2' returned '0': CMAKE_PREFIX_PATH=${CMAKE_PREFIX_PATH}:/home/arbaaz/decision_module/install/simulation_pkg:/opt/ros/humble /usr/bin/cmake --install /home/arbaaz/decision_module/build/o2
[0.928s] Level 1:colcon.colcon_core.environment:checking '/home/arbaaz/decision_module/install/o2' for CMake config files
[0.928s] Level 1:colcon.colcon_core.shell:create_environment_hook('o2', 'cmake_prefix_path')
[0.929s] INFO:colcon.colcon_core.shell:Creating environment hook '/home/arbaaz/decision_module/install/o2/share/o2/hook/cmake_prefix_path.ps1'
[0.929s] INFO:colcon.colcon_core.shell:Creating environment descriptor '/home/arbaaz/decision_module/install/o2/share/o2/hook/cmake_prefix_path.dsv'
[0.929s] INFO:colcon.colcon_core.shell:Creating environment hook '/home/arbaaz/decision_module/install/o2/share/o2/hook/cmake_prefix_path.sh'
[0.930s] Level 1:colcon.colcon_core.environment:checking '/home/arbaaz/decision_module/install/o2/lib'
[0.930s] Level 1:colcon.colcon_core.environment:checking '/home/arbaaz/decision_module/install/o2/bin'
[0.930s] Level 1:colcon.colcon_core.environment:checking '/home/arbaaz/decision_module/install/o2/lib/pkgconfig/o2.pc'
[0.930s] Level 1:colcon.colcon_core.environment:checking '/home/arbaaz/decision_module/install/o2/lib/python3.10/site-packages'
[0.930s] Level 1:colcon.colcon_core.environment:checking '/home/arbaaz/decision_module/install/o2/bin'
[0.931s] INFO:colcon.colcon_core.shell:Creating package script '/home/arbaaz/decision_module/install/o2/share/o2/package.ps1'
[0.931s] INFO:colcon.colcon_core.shell:Creating package descriptor '/home/arbaaz/decision_module/install/o2/share/o2/package.dsv'
[0.931s] INFO:colcon.colcon_core.shell:Creating package script '/home/arbaaz/decision_module/install/o2/share/o2/package.sh'
[0.932s] INFO:colcon.colcon_core.shell:Creating package script '/home/arbaaz/decision_module/install/o2/share/o2/package.bash'
[0.932s] INFO:colcon.colcon_core.shell:Creating package script '/home/arbaaz/decision_module/install/o2/share/o2/package.zsh'
[0.932s] Level 1:colcon.colcon_core.environment:create_file_with_runtime_dependencies(/home/arbaaz/decision_module/install/o2/share/colcon-core/packages/o2)
[0.933s] Level 1:colcon.colcon_core.environment:create_environment_scripts_only(o2)
[0.933s] Level 1:colcon.colcon_core.environment:checking '/home/arbaaz/decision_module/install/o2' for CMake module files
[0.933s] Level 1:colcon.colcon_core.environment:checking '/home/arbaaz/decision_module/install/o2' for CMake config files
[0.934s] Level 1:colcon.colcon_core.shell:create_environment_hook('o2', 'cmake_prefix_path')
[0.934s] INFO:colcon.colcon_core.shell:Creating environment hook '/home/arbaaz/decision_module/install/o2/share/o2/hook/cmake_prefix_path.ps1'
[0.934s] INFO:colcon.colcon_core.shell:Creating environment descriptor '/home/arbaaz/decision_module/install/o2/share/o2/hook/cmake_prefix_path.dsv'
[0.934s] INFO:colcon.colcon_core.shell:Creating environment hook '/home/arbaaz/decision_module/install/o2/share/o2/hook/cmake_prefix_path.sh'
[0.935s] Level 1:colcon.colcon_core.environment:checking '/home/arbaaz/decision_module/install/o2/lib'
[0.935s] Level 1:colcon.colcon_core.environment:checking '/home/arbaaz/decision_module/install/o2/bin'
[0.935s] Level 1:colcon.colcon_core.environment:checking '/home/arbaaz/decision_module/install/o2/lib/pkgconfig/o2.pc'
[0.935s] Level 1:colcon.colcon_core.environment:checking '/home/arbaaz/decision_module/install/o2/lib/python3.10/site-packages'
[0.935s] Level 1:colcon.colcon_core.environment:checking '/home/arbaaz/decision_module/install/o2/bin'
[0.936s] INFO:colcon.colcon_core.shell:Creating package script '/home/arbaaz/decision_module/install/o2/share/o2/package.ps1'
[0.936s] INFO:colcon.colcon_core.shell:Creating package descriptor '/home/arbaaz/decision_module/install/o2/share/o2/package.dsv'
[0.936s] INFO:colcon.colcon_core.shell:Creating package script '/home/arbaaz/decision_module/install/o2/share/o2/package.sh'
[0.937s] INFO:colcon.colcon_core.shell:Creating package script '/home/arbaaz/decision_module/install/o2/share/o2/package.bash'
[0.937s] INFO:colcon.colcon_core.shell:Creating package script '/home/arbaaz/decision_module/install/o2/share/o2/package.zsh'
[0.937s] Level 1:colcon.colcon_core.environment:create_file_with_runtime_dependencies(/home/arbaaz/decision_module/install/o2/share/colcon-core/packages/o2)
[0.938s] DEBUG:colcon.colcon_core.executor.sequential:run_until_complete 'o2' finished with '0'
[0.938s] DEBUG:colcon.colcon_core.executor.sequential:run_until_complete 'o3'
[0.938s] INFO:colcon.colcon_ros.task.ament_cmake.build:Building ROS package in '/home/arbaaz/decision_module/src/o3' with build type 'ament_cmake'
[0.938s] INFO:colcon.colcon_cmake.task.cmake.build:Building CMake package in '/home/arbaaz/decision_module/src/o3'
[0.938s] INFO:colcon.colcon_core.shell:Skip shell extension 'powershell' for command environment: Not usable outside of PowerShell
[0.938s] DEBUG:colcon.colcon_core.shell:Skip shell extension 'dsv' for command environment
[0.948s] DEBUG:colcon.colcon_core.event_handler.log_command:Invoking command in '/home/arbaaz/decision_module/build/o3': CMAKE_PREFIX_PATH=${CMAKE_PREFIX_PATH}:/home/arbaaz/decision_module/install/simulation_pkg:/opt/ros/humble /usr/bin/cmake --build /home/arbaaz/decision_module/build/o3 -- -j12 -l12
[1.048s] DEBUG:colcon.colcon_core.event_handler.log_command:Invoked command in '/home/arbaaz/decision_module/build/o3' returned '0': CMAKE_PREFIX_PATH=${CMAKE_PREFIX_PATH}:/home/arbaaz/decision_module/install/simulation_pkg:/opt/ros/humble /usr/bin/cmake --build /home/arbaaz/decision_module/build/o3 -- -j12 -l12
[1.050s] DEBUG:colcon.colcon_core.event_handler.log_command:Invoking command in '/home/arbaaz/decision_module/build/o3': CMAKE_PREFIX_PATH=${CMAKE_PREFIX_PATH}:/home/arbaaz/decision_module/install/simulation_pkg:/opt/ros/humble /usr/bin/cmake --install /home/arbaaz/decision_module/build/o3
[1.065s] Level 1:colcon.colcon_core.environment:create_environment_scripts_only(o3)
[1.065s] Level 1:colcon.colcon_core.environment:checking '/home/arbaaz/decision_module/install/o3' for CMake module files
[1.066s] DEBUG:colcon.colcon_core.event_handler.log_command:Invoked command in '/home/arbaaz/decision_module/build/o3' returned '0': CMAKE_PREFIX_PATH=${CMAKE_PREFIX_PATH}:/home/arbaaz/decision_module/install/simulation_pkg:/opt/ros/humble /usr/bin/cmake --install /home/arbaaz/decision_module/build/o3
[1.066s] Level 1:colcon.colcon_core.environment:checking '/home/arbaaz/decision_module/install/o3' for CMake config files
[1.067s] Level 1:colcon.colcon_core.shell:create_environment_hook('o3', 'cmake_prefix_path')
[1.067s] INFO:colcon.colcon_core.shell:Creating environment hook '/home/arbaaz/decision_module/install/o3/share/o3/hook/cmake_prefix_path.ps1'
[1.068s] INFO:colcon.colcon_core.shell:Creating environment descriptor '/home/arbaaz/decision_module/install/o3/share/o3/hook/cmake_prefix_path.dsv'
[1.068s] INFO:colcon.colcon_core.shell:Creating environment hook '/home/arbaaz/decision_module/install/o3/share/o3/hook/cmake_prefix_path.sh'
[1.068s] Level 1:colcon.colcon_core.environment:checking '/home/arbaaz/decision_module/install/o3/lib'
[1.069s] Level 1:colcon.colcon_core.environment:checking '/home/arbaaz/decision_module/install/o3/bin'
[1.069s] Level 1:colcon.colcon_core.environment:checking '/home/arbaaz/decision_module/install/o3/lib/pkgconfig/o3.pc'
[1.069s] Level 1:colcon.colcon_core.environment:checking '/home/arbaaz/decision_module/install/o3/lib/python3.10/site-packages'
[1.069s] Level 1:colcon.colcon_core.environment:checking '/home/arbaaz/decision_module/install/o3/bin'
[1.069s] INFO:colcon.colcon_core.shell:Creating package script '/home/arbaaz/decision_module/install/o3/share/o3/package.ps1'
[1.070s] INFO:colcon.colcon_core.shell:Creating package descriptor '/home/arbaaz/decision_module/install/o3/share/o3/package.dsv'
[1.070s] INFO:colcon.colcon_core.shell:Creating package script '/home/arbaaz/decision_module/install/o3/share/o3/package.sh'
[1.071s] INFO:colcon.colcon_core.shell:Creating package script '/home/arbaaz/decision_module/install/o3/share/o3/package.bash'
[1.071s] INFO:colcon.colcon_core.shell:Creating package script '/home/arbaaz/decision_module/install/o3/share/o3/package.zsh'
[1.071s] Level 1:colcon.colcon_core.environment:create_file_with_runtime_dependencies(/home/arbaaz/decision_module/install/o3/share/colcon-core/packages/o3)
[1.072s] Level 1:colcon.colcon_core.environment:create_environment_scripts_only(o3)
[1.072s] Level 1:colcon.colcon_core.environment:checking '/home/arbaaz/decision_module/install/o3' for CMake module files
[1.073s] Level 1:colcon.colcon_core.environment:checking '/home/arbaaz/decision_module/install/o3' for CMake config files
[1.073s] Level 1:colcon.colcon_core.shell:create_environment_hook('o3', 'cmake_prefix_path')
[1.073s] INFO:colcon.colcon_core.shell:Creating environment hook '/home/arbaaz/decision_module/install/o3/share/o3/hook/cmake_prefix_path.ps1'
[1.073s] INFO:colcon.colcon_core.shell:Creating environment descriptor '/home/arbaaz/decision_module/install/o3/share/o3/hook/cmake_prefix_path.dsv'
[1.074s] INFO:colcon.colcon_core.shell:Creating environment hook '/home/arbaaz/decision_module/install/o3/share/o3/hook/cmake_prefix_path.sh'
[1.074s] Level 1:colcon.colcon_core.environment:checking '/home/arbaaz/decision_module/install/o3/lib'
[1.074s] Level 1:colcon.colcon_core.environment:checking '/home/arbaaz/decision_module/install/o3/bin'
[1.074s] Level 1:colcon.colcon_core.environment:checking '/home/arbaaz/decision_module/install/o3/lib/pkgconfig/o3.pc'
[1.075s] Level 1:colcon.colcon_core.environment:checking '/home/arbaaz/decision_module/install/o3/lib/python3.10/site-packages'
[1.075s] Level 1:colcon.colcon_core.environment:checking '/home/arbaaz/decision_module/install/o3/bin'
[1.075s] INFO:colcon.colcon_core.shell:Creating package script '/home/arbaaz/decision_module/install/o3/share/o3/package.ps1'
[1.076s] INFO:colcon.colcon_core.shell:Creating package descriptor '/home/arbaaz/decision_module/install/o3/share/o3/package.dsv'
[1.076s] INFO:colcon.colcon_core.shell:Creating package script '/home/arbaaz/decision_module/install/o3/share/o3/package.sh'
[1.077s] INFO:colcon.colcon_core.shell:Creating package script '/home/arbaaz/decision_module/install/o3/share/o3/package.bash'
[1.077s] INFO:colcon.colcon_core.shell:Creating package script '/home/arbaaz/decision_module/install/o3/share/o3/package.zsh'
[1.077s] Level 1:colcon.colcon_core.environment:create_file_with_runtime_dependencies(/home/arbaaz/decision_module/install/o3/share/colcon-core/packages/o3)
[1.078s] DEBUG:colcon.colcon_core.executor.sequential:run_until_complete 'o3' finished with '0'
[1.078s] DEBUG:colcon.colcon_core.executor.sequential:run_until_complete 'o4'
[1.078s] INFO:colcon.colcon_ros.task.ament_cmake.build:Building ROS package in '/home/arbaaz/decision_module/src/o4' with build type 'ament_cmake'
[1.078s] INFO:colcon.colcon_cmake.task.cmake.build:Building CMake package in '/home/arbaaz/decision_module/src/o4'
[1.078s] INFO:colcon.colcon_core.shell:Skip shell extension 'powershell' for command environment: Not usable outside of PowerShell
[1.078s] DEBUG:colcon.colcon_core.shell:Skip shell extension 'dsv' for command environment
[1.089s] DEBUG:colcon.colcon_core.event_handler.log_command:Invoking command in '/home/arbaaz/decision_module/build/o4': CMAKE_PREFIX_PATH=${CMAKE_PREFIX_PATH}:/home/arbaaz/decision_module/install/simulation_pkg:/opt/ros/humble /usr/bin/cmake --build /home/arbaaz/decision_module/build/o4 -- -j12 -l12
[1.186s] DEBUG:colcon.colcon_core.event_handler.log_command:Invoked command in '/home/arbaaz/decision_module/build/o4' returned '0': CMAKE_PREFIX_PATH=${CMAKE_PREFIX_PATH}:/home/arbaaz/decision_module/install/simulation_pkg:/opt/ros/humble /usr/bin/cmake --build /home/arbaaz/decision_module/build/o4 -- -j12 -l12
[1.188s] DEBUG:colcon.colcon_core.event_handler.log_command:Invoking command in '/home/arbaaz/decision_module/build/o4': CMAKE_PREFIX_PATH=${CMAKE_PREFIX_PATH}:/home/arbaaz/decision_module/install/simulation_pkg:/opt/ros/humble /usr/bin/cmake --install /home/arbaaz/decision_module/build/o4
[1.203s] Level 1:colcon.colcon_core.environment:create_environment_scripts_only(o4)
[1.204s] Level 1:colcon.colcon_core.environment:checking '/home/arbaaz/decision_module/install/o4' for CMake module files
[1.204s] DEBUG:colcon.colcon_core.event_handler.log_command:Invoked command in '/home/arbaaz/decision_module/build/o4' returned '0': CMAKE_PREFIX_PATH=${CMAKE_PREFIX_PATH}:/home/arbaaz/decision_module/install/simulation_pkg:/opt/ros/humble /usr/bin/cmake --install /home/arbaaz/decision_module/build/o4
[1.205s] Level 1:colcon.colcon_core.environment:checking '/home/arbaaz/decision_module/install/o4' for CMake config files
[1.205s] Level 1:colcon.colcon_core.shell:create_environment_hook('o4', 'cmake_prefix_path')
[1.205s] INFO:colcon.colcon_core.shell:Creating environment hook '/home/arbaaz/decision_module/install/o4/share/o4/hook/cmake_prefix_path.ps1'
[1.206s] INFO:colcon.colcon_core.shell:Creating environment descriptor '/home/arbaaz/decision_module/install/o4/share/o4/hook/cmake_prefix_path.dsv'
[1.206s] INFO:colcon.colcon_core.shell:Creating environment hook '/home/arbaaz/decision_module/install/o4/share/o4/hook/cmake_prefix_path.sh'
[1.206s] Level 1:colcon.colcon_core.environment:checking '/home/arbaaz/decision_module/install/o4/lib'
[1.207s] Level 1:colcon.colcon_core.environment:checking '/home/arbaaz/decision_module/install/o4/bin'
[1.207s] Level 1:colcon.colcon_core.environment:checking '/home/arbaaz/decision_module/install/o4/lib/pkgconfig/o4.pc'
[1.207s] Level 1:colcon.colcon_core.environment:checking '/home/arbaaz/decision_module/install/o4/lib/python3.10/site-packages'
[1.207s] Level 1:colcon.colcon_core.environment:checking '/home/arbaaz/decision_module/install/o4/bin'
[1.207s] INFO:colcon.colcon_core.shell:Creating package script '/home/arbaaz/decision_module/install/o4/share/o4/package.ps1'
[1.208s] INFO:colcon.colcon_core.shell:Creating package descriptor '/home/arbaaz/decision_module/install/o4/share/o4/package.dsv'
[1.208s] INFO:colcon.colcon_core.shell:Creating package script '/home/arbaaz/decision_module/install/o4/share/o4/package.sh'
[1.208s] INFO:colcon.colcon_core.shell:Creating package script '/home/arbaaz/decision_module/install/o4/share/o4/package.bash'
[1.209s] INFO:colcon.colcon_core.shell:Creating package script '/home/arbaaz/decision_module/install/o4/share/o4/package.zsh'
[1.209s] Level 1:colcon.colcon_core.environment:create_file_with_runtime_dependencies(/home/arbaaz/decision_module/install/o4/share/colcon-core/packages/o4)
[1.209s] Level 1:colcon.colcon_core.environment:create_environment_scripts_only(o4)
[1.210s] Level 1:colcon.colcon_core.environment:checking '/home/arbaaz/decision_module/install/o4' for CMake module files
[1.210s] Level 1:colcon.colcon_core.environment:checking '/home/arbaaz/decision_module/install/o4' for CMake config files
[1.210s] Level 1:colcon.colcon_core.shell:create_environment_hook('o4', 'cmake_prefix_path')
[1.210s] INFO:colcon.colcon_core.shell:Creating environment hook '/home/arbaaz/decision_module/install/o4/share/o4/hook/cmake_prefix_path.ps1'
[1.211s] INFO:colcon.colcon_core.shell:Creating environment descriptor '/home/arbaaz/decision_module/install/o4/share/o4/hook/cmake_prefix_path.dsv'
[1.211s] INFO:colcon.colcon_core.shell:Creating environment hook '/home/arbaaz/decision_module/install/o4/share/o4/hook/cmake_prefix_path.sh'
[1.212s] Level 1:colcon.colcon_core.environment:checking '/home/arbaaz/decision_module/install/o4/lib'
[1.212s] Level 1:colcon.colcon_core.environment:checking '/home/arbaaz/decision_module/install/o4/bin'
[1.212s] Level 1:colcon.colcon_core.environment:checking '/home/arbaaz/decision_module/install/o4/lib/pkgconfig/o4.pc'
[1.212s] Level 1:colcon.colcon_core.environment:checking '/home/arbaaz/decision_module/install/o4/lib/python3.10/site-packages'
[1.212s] Level 1:colcon.colcon_core.environment:checking '/home/arbaaz/decision_module/install/o4/bin'
[1.212s] INFO:colcon.colcon_core.shell:Creating package script '/home/arbaaz/decision_module/install/o4/share/o4/package.ps1'
[1.213s] INFO:colcon.colcon_core.shell:Creating package descriptor '/home/arbaaz/decision_module/install/o4/share/o4/package.dsv'
[1.213s] INFO:colcon.colcon_core.shell:Creating package script '/home/arbaaz/decision_module/install/o4/share/o4/package.sh'
[1.214s] INFO:colcon.colcon_core.shell:Creating package script '/home/arbaaz/decision_module/install/o4/share/o4/package.bash'
[1.214s] INFO:colcon.colcon_core.shell:Creating package script '/home/arbaaz/decision_module/install/o4/share/o4/package.zsh'
[1.214s] Level 1:colcon.colcon_core.environment:create_file_with_runtime_dependencies(/home/arbaaz/decision_module/install/o4/share/colcon-core/packages/o4)
[1.214s] DEBUG:colcon.colcon_core.executor.sequential:run_until_complete 'o4' finished with '0'
[1.215s] DEBUG:colcon.colcon_core.executor.sequential:run_until_complete 'o5'
[1.215s] INFO:colcon.colcon_ros.task.ament_cmake.build:Building ROS package in '/home/arbaaz/decision_module/src/o5' with build type 'ament_cmake'
[1.215s] INFO:colcon.colcon_cmake.task.cmake.build:Building CMake package in '/home/arbaaz/decision_module/src/o5'
[1.215s] INFO:colcon.colcon_core.shell:Skip shell extension 'powershell' for command environment: Not usable outside of PowerShell
[1.215s] DEBUG:colcon.colcon_core.shell:Skip shell extension 'dsv' for command environment
[1.226s] DEBUG:colcon.colcon_core.event_handler.log_command:Invoking command in '/home/arbaaz/decision_module/build/o5': CMAKE_PREFIX_PATH=${CMAKE_PREFIX_PATH}:/home/arbaaz/decision_module/install/simulation_pkg:/opt/ros/humble /usr/bin/cmake --build /home/arbaaz/decision_module/build/o5 -- -j12 -l12
[11.817s] DEBUG:colcon.colcon_core.event_handler.log_command:Invoked command in '/home/arbaaz/decision_module/build/o5' returned '0': CMAKE_PREFIX_PATH=${CMAKE_PREFIX_PATH}:/home/arbaaz/decision_module/install/simulation_pkg:/opt/ros/humble /usr/bin/cmake --build /home/arbaaz/decision_module/build/o5 -- -j12 -l12
[11.821s] DEBUG:colcon.colcon_core.event_handler.log_command:Invoking command in '/home/arbaaz/decision_module/build/o5': CMAKE_PREFIX_PATH=${CMAKE_PREFIX_PATH}:/home/arbaaz/decision_module/install/simulation_pkg:/opt/ros/humble /usr/bin/cmake --install /home/arbaaz/decision_module/build/o5
[11.849s] Level 1:colcon.colcon_core.environment:create_environment_scripts_only(o5)
[11.849s] DEBUG:colcon.colcon_core.event_handler.log_command:Invoked command in '/home/arbaaz/decision_module/build/o5' returned '0': CMAKE_PREFIX_PATH=${CMAKE_PREFIX_PATH}:/home/arbaaz/decision_module/install/simulation_pkg:/opt/ros/humble /usr/bin/cmake --install /home/arbaaz/decision_module/build/o5
[11.850s] Level 1:colcon.colcon_core.environment:checking '/home/arbaaz/decision_module/install/o5' for CMake module files
[11.851s] Level 1:colcon.colcon_core.environment:checking '/home/arbaaz/decision_module/install/o5' for CMake config files
[11.851s] Level 1:colcon.colcon_core.shell:create_environment_hook('o5', 'cmake_prefix_path')
[11.851s] INFO:colcon.colcon_core.shell:Creating environment hook '/home/arbaaz/decision_module/install/o5/share/o5/hook/cmake_prefix_path.ps1'
[11.853s] INFO:colcon.colcon_core.shell:Creating environment descriptor '/home/arbaaz/decision_module/install/o5/share/o5/hook/cmake_prefix_path.dsv'
[11.854s] INFO:colcon.colcon_core.shell:Creating environment hook '/home/arbaaz/decision_module/install/o5/share/o5/hook/cmake_prefix_path.sh'
[11.855s] Level 1:colcon.colcon_core.environment:checking '/home/arbaaz/decision_module/install/o5/lib'
[11.855s] Level 1:colcon.colcon_core.environment:checking '/home/arbaaz/decision_module/install/o5/bin'
[11.855s] Level 1:colcon.colcon_core.environment:checking '/home/arbaaz/decision_module/install/o5/lib/pkgconfig/o5.pc'
[11.855s] Level 1:colcon.colcon_core.environment:checking '/home/arbaaz/decision_module/install/o5/lib/python3.10/site-packages'
[11.855s] Level 1:colcon.colcon_core.environment:checking '/home/arbaaz/decision_module/install/o5/bin'
[11.856s] INFO:colcon.colcon_core.shell:Creating package script '/home/arbaaz/decision_module/install/o5/share/o5/package.ps1'
[11.856s] INFO:colcon.colcon_core.shell:Creating package descriptor '/home/arbaaz/decision_module/install/o5/share/o5/package.dsv'
[11.857s] INFO:colcon.colcon_core.shell:Creating package script '/home/arbaaz/decision_module/install/o5/share/o5/package.sh'
[11.857s] INFO:colcon.colcon_core.shell:Creating package script '/home/arbaaz/decision_module/install/o5/share/o5/package.bash'
[11.859s] INFO:colcon.colcon_core.shell:Creating package script '/home/arbaaz/decision_module/install/o5/share/o5/package.zsh'
[11.860s] Level 1:colcon.colcon_core.environment:create_file_with_runtime_dependencies(/home/arbaaz/decision_module/install/o5/share/colcon-core/packages/o5)
[11.860s] Level 1:colcon.colcon_core.environment:create_environment_scripts_only(o5)
[11.861s] Level 1:colcon.colcon_core.environment:checking '/home/arbaaz/decision_module/install/o5' for CMake module files
[11.861s] Level 1:colcon.colcon_core.environment:checking '/home/arbaaz/decision_module/install/o5' for CMake config files
[11.861s] Level 1:colcon.colcon_core.shell:create_environment_hook('o5', 'cmake_prefix_path')
[11.861s] INFO:colcon.colcon_core.shell:Creating environment hook '/home/arbaaz/decision_module/install/o5/share/o5/hook/cmake_prefix_path.ps1'
[11.862s] INFO:colcon.colcon_core.shell:Creating environment descriptor '/home/arbaaz/decision_module/install/o5/share/o5/hook/cmake_prefix_path.dsv'
[11.862s] INFO:colcon.colcon_core.shell:Creating environment hook '/home/arbaaz/decision_module/install/o5/share/o5/hook/cmake_prefix_path.sh'
[11.863s] Level 1:colcon.colcon_core.environment:checking '/home/arbaaz/decision_module/install/o5/lib'
[11.863s] Level 1:colcon.colcon_core.environment:checking '/home/arbaaz/decision_module/install/o5/bin'
[11.863s] Level 1:colcon.colcon_core.environment:checking '/home/arbaaz/decision_module/install/o5/lib/pkgconfig/o5.pc'
[11.863s] Level 1:colcon.colcon_core.environment:checking '/home/arbaaz/decision_module/install/o5/lib/python3.10/site-packages'
[11.863s] Level 1:colcon.colcon_core.environment:checking '/home/arbaaz/decision_module/install/o5/bin'
[11.863s] INFO:colcon.colcon_core.shell:Creating package script '/home/arbaaz/decision_module/install/o5/share/o5/package.ps1'
[11.864s] INFO:colcon.colcon_core.shell:Creating package descriptor '/home/arbaaz/decision_module/install/o5/share/o5/package.dsv'
[11.864s] INFO:colcon.colcon_core.shell:Creating package script '/home/arbaaz/decision_module/install/o5/share/o5/package.sh'
[11.865s] INFO:colcon.colcon_core.shell:Creating package script '/home/arbaaz/decision_module/install/o5/share/o5/package.bash'
[11.865s] INFO:colcon.colcon_core.shell:Creating package script '/home/arbaaz/decision_module/install/o5/share/o5/package.zsh'
[11.865s] Level 1:colcon.colcon_core.environment:create_file_with_runtime_dependencies(/home/arbaaz/decision_module/install/o5/share/colcon-core/packages/o5)
[11.865s] DEBUG:colcon.colcon_core.executor.sequential:run_until_complete 'o5' finished with '0'
[11.866s] DEBUG:colcon.colcon_core.executor.sequential:run_until_complete 'simulation_pkg'
[11.866s] INFO:colcon.colcon_ros.task.ament_python.build:Building ROS package in '/home/arbaaz/decision_module/src/simulation_pkg' with build type 'ament_python'
[11.866s] Level 1:colcon.colcon_core.shell:create_environment_hook('simulation_pkg', 'ament_prefix_path')
[11.866s] INFO:colcon.colcon_core.shell:Creating environment hook '/home/arbaaz/decision_module/install/simulation_pkg/share/simulation_pkg/hook/ament_prefix_path.ps1'
[11.867s] INFO:colcon.colcon_core.shell:Creating environment descriptor '/home/arbaaz/decision_module/install/simulation_pkg/share/simulation_pkg/hook/ament_prefix_path.dsv'
[11.867s] INFO:colcon.colcon_core.shell:Creating environment hook '/home/arbaaz/decision_module/install/simulation_pkg/share/simulation_pkg/hook/ament_prefix_path.sh'
[11.868s] INFO:colcon.colcon_core.shell:Skip shell extension 'powershell' for command environment: Not usable outside of PowerShell
[11.868s] DEBUG:colcon.colcon_core.shell:Skip shell extension 'dsv' for command environment
[12.310s] INFO:colcon.colcon_core.task.python.build:Building Python package in '/home/arbaaz/decision_module/src/simulation_pkg'
[12.311s] INFO:colcon.colcon_core.shell:Skip shell extension 'powershell' for command environment: Not usable outside of PowerShell
[12.311s] DEBUG:colcon.colcon_core.shell:Skip shell extension 'dsv' for command environment
[12.723s] DEBUG:colcon.colcon_core.event_handler.log_command:Invoking command in '/home/arbaaz/decision_module/src/simulation_pkg': PYTHONPATH=/home/arbaaz/decision_module/build/simulation_pkg/prefix_override:/usr/lib/python3/dist-packages/colcon_core/task/python/colcon_distutils_commands:/home/arbaaz/decision_module/install/simulation_pkg/lib/python3.10/site-packages:${PYTHONPATH} /usr/bin/python3 -W ignore:setup.py install is deprecated -W ignore:easy_install command is deprecated setup.py egg_info --egg-base ../../build/simulation_pkg build --build-base /home/arbaaz/decision_module/build/simulation_pkg/build install --record /home/arbaaz/decision_module/build/simulation_pkg/install.log --single-version-externally-managed install_data
[13.040s] Level 1:colcon.colcon_core.environment:checking '/home/arbaaz/decision_module/install/simulation_pkg' for CMake module files
[13.041s] DEBUG:colcon.colcon_core.event_handler.log_command:Invoked command in '/home/arbaaz/decision_module/src/simulation_pkg' returned '0': PYTHONPATH=/home/arbaaz/decision_module/build/simulation_pkg/prefix_override:/usr/lib/python3/dist-packages/colcon_core/task/python/colcon_distutils_commands:/home/arbaaz/decision_module/install/simulation_pkg/lib/python3.10/site-packages:${PYTHONPATH} /usr/bin/python3 -W ignore:setup.py install is deprecated -W ignore:easy_install command is deprecated setup.py egg_info --egg-base ../../build/simulation_pkg build --build-base /home/arbaaz/decision_module/build/simulation_pkg/build install --record /home/arbaaz/decision_module/build/simulation_pkg/install.log --single-version-externally-managed install_data
[13.041s] Level 1:colcon.colcon_core.environment:checking '/home/arbaaz/decision_module/install/simulation_pkg' for CMake config files
[13.042s] Level 1:colcon.colcon_core.environment:checking '/home/arbaaz/decision_module/install/simulation_pkg/lib'
[13.042s] Level 1:colcon.colcon_core.environment:checking '/home/arbaaz/decision_module/install/simulation_pkg/bin'
[13.042s] Level 1:colcon.colcon_core.environment:checking '/home/arbaaz/decision_module/install/simulation_pkg/lib/pkgconfig/simulation_pkg.pc'
[13.042s] Level 1:colcon.colcon_core.environment:checking '/home/arbaaz/decision_module/install/simulation_pkg/lib/python3.10/site-packages'
[13.042s] Level 1:colcon.colcon_core.shell:create_environment_hook('simulation_pkg', 'pythonpath')
[13.043s] INFO:colcon.colcon_core.shell:Creating environment hook '/home/arbaaz/decision_module/install/simulation_pkg/share/simulation_pkg/hook/pythonpath.ps1'
[13.043s] INFO:colcon.colcon_core.shell:Creating environment descriptor '/home/arbaaz/decision_module/install/simulation_pkg/share/simulation_pkg/hook/pythonpath.dsv'
[13.043s] INFO:colcon.colcon_core.shell:Creating environment hook '/home/arbaaz/decision_module/install/simulation_pkg/share/simulation_pkg/hook/pythonpath.sh'
[13.044s] Level 1:colcon.colcon_core.environment:checking '/home/arbaaz/decision_module/install/simulation_pkg/bin'
[13.044s] Level 1:colcon.colcon_core.environment:create_environment_scripts_only(simulation_pkg)
[13.044s] INFO:colcon.colcon_core.shell:Creating package script '/home/arbaaz/decision_module/install/simulation_pkg/share/simulation_pkg/package.ps1'
[13.045s] INFO:colcon.colcon_core.shell:Creating package descriptor '/home/arbaaz/decision_module/install/simulation_pkg/share/simulation_pkg/package.dsv'
[13.045s] INFO:colcon.colcon_core.shell:Creating package script '/home/arbaaz/decision_module/install/simulation_pkg/share/simulation_pkg/package.sh'
[13.045s] INFO:colcon.colcon_core.shell:Creating package script '/home/arbaaz/decision_module/install/simulation_pkg/share/simulation_pkg/package.bash'
[13.046s] INFO:colcon.colcon_core.shell:Creating package script '/home/arbaaz/decision_module/install/simulation_pkg/share/simulation_pkg/package.zsh'
[13.046s] Level 1:colcon.colcon_core.environment:create_file_with_runtime_dependencies(/home/arbaaz/decision_module/install/simulation_pkg/share/colcon-core/packages/simulation_pkg)
[13.046s] DEBUG:colcon.colcon_core.executor.sequential:run_until_complete 'simulation_pkg' finished with '0'
[13.046s] DEBUG:colcon.colcon_core.executor.sequential:closing loop
[13.046s] DEBUG:colcon.colcon_core.executor.sequential:loop closed
[13.047s] DEBUG:colcon.colcon_core.event_reactor:joining thread
[13.064s] INFO:colcon.colcon_core.plugin_system:Skipping extension 'colcon_notification.desktop_notification.terminal_notifier': Not used on non-Darwin systems
[13.064s] INFO:colcon.colcon_core.plugin_system:Skipping extension 'colcon_notification.desktop_notification.win32': Not used on non-Windows systems
[13.064s] INFO:colcon.colcon_notification.desktop_notification:Sending desktop notification using 'notify2'
[13.150s] DEBUG:colcon.colcon_core.event_reactor:joined thread
[13.151s] INFO:colcon.colcon_core.shell:Creating prefix script '/home/arbaaz/decision_module/install/local_setup.ps1'
[13.152s] INFO:colcon.colcon_core.shell:Creating prefix util module '/home/arbaaz/decision_module/install/_local_setup_util_ps1.py'
[13.153s] INFO:colcon.colcon_core.shell:Creating prefix chain script '/home/arbaaz/decision_module/install/setup.ps1'
[13.155s] INFO:colcon.colcon_core.shell:Creating prefix script '/home/arbaaz/decision_module/install/local_setup.sh'
[13.155s] INFO:colcon.colcon_core.shell:Creating prefix util module '/home/arbaaz/decision_module/install/_local_setup_util_sh.py'
[13.156s] INFO:colcon.colcon_core.shell:Creating prefix chain script '/home/arbaaz/decision_module/install/setup.sh'
[13.157s] INFO:colcon.colcon_core.shell:Creating prefix script '/home/arbaaz/decision_module/install/local_setup.bash'
[13.157s] INFO:colcon.colcon_core.shell:Creating prefix chain script '/home/arbaaz/decision_module/install/setup.bash'
[13.159s] INFO:colcon.colcon_core.shell:Creating prefix script '/home/arbaaz/decision_module/install/local_setup.zsh'
[13.159s] INFO:colcon.colcon_core.shell:Creating prefix chain script '/home/arbaaz/decision_module/install/setup.zsh'
