running egg_info
creating ../../build/simulation_pkg/simulation_pkg.egg-info
writing ../../build/simulation_pkg/simulation_pkg.egg-info/PKG-INFO
writing dependency_links to ../../build/simulation_pkg/simulation_pkg.egg-info/dependency_links.txt
writing entry points to ../../build/simulation_pkg/simulation_pkg.egg-info/entry_points.txt
writing requirements to ../../build/simulation_pkg/simulation_pkg.egg-info/requires.txt
writing top-level names to ../../build/simulation_pkg/simulation_pkg.egg-info/top_level.txt
writing manifest file '../../build/simulation_pkg/simulation_pkg.egg-info/SOURCES.txt'
reading manifest file '../../build/simulation_pkg/simulation_pkg.egg-info/SOURCES.txt'
writing manifest file '../../build/simulation_pkg/simulation_pkg.egg-info/SOURCES.txt'
running build
running build_py
creating /home/arbaaz/decision_module/build/simulation_pkg/build
creating /home/arbaaz/decision_module/build/simulation_pkg/build/lib
creating /home/arbaaz/decision_module/build/simulation_pkg/build/lib/simulation_pkg
copying simulation_pkg/linear_controller.py -> /home/arbaaz/decision_module/build/simulation_pkg/build/lib/simulation_pkg
copying simulation_pkg/joystick_controller.py -> /home/arbaaz/decision_module/build/simulation_pkg/build/lib/simulation_pkg
copying simulation_pkg/robot_sim.py -> /home/arbaaz/decision_module/build/simulation_pkg/build/lib/simulation_pkg
copying simulation_pkg/__init__.py -> /home/arbaaz/decision_module/build/simulation_pkg/build/lib/simulation_pkg
running install
running install_lib
creating /home/arbaaz/decision_module/install/simulation_pkg/lib/python3.10/site-packages/simulation_pkg
copying /home/arbaaz/decision_module/build/simulation_pkg/build/lib/simulation_pkg/linear_controller.py -> /home/arbaaz/decision_module/install/simulation_pkg/lib/python3.10/site-packages/simulation_pkg
copying /home/arbaaz/decision_module/build/simulation_pkg/build/lib/simulation_pkg/joystick_controller.py -> /home/arbaaz/decision_module/install/simulation_pkg/lib/python3.10/site-packages/simulation_pkg
copying /home/arbaaz/decision_module/build/simulation_pkg/build/lib/simulation_pkg/robot_sim.py -> /home/arbaaz/decision_module/install/simulation_pkg/lib/python3.10/site-packages/simulation_pkg
copying /home/arbaaz/decision_module/build/simulation_pkg/build/lib/simulation_pkg/__init__.py -> /home/arbaaz/decision_module/install/simulation_pkg/lib/python3.10/site-packages/simulation_pkg
byte-compiling /home/arbaaz/decision_module/install/simulation_pkg/lib/python3.10/site-packages/simulation_pkg/linear_controller.py to linear_controller.cpython-310.pyc
byte-compiling /home/arbaaz/decision_module/install/simulation_pkg/lib/python3.10/site-packages/simulation_pkg/joystick_controller.py to joystick_controller.cpython-310.pyc
byte-compiling /home/arbaaz/decision_module/install/simulation_pkg/lib/python3.10/site-packages/simulation_pkg/robot_sim.py to robot_sim.cpython-310.pyc
byte-compiling /home/arbaaz/decision_module/install/simulation_pkg/lib/python3.10/site-packages/simulation_pkg/__init__.py to __init__.cpython-310.pyc
running install_data
creating /home/arbaaz/decision_module/install/simulation_pkg/share/ament_index
creating /home/arbaaz/decision_module/install/simulation_pkg/share/ament_index/resource_index
creating /home/arbaaz/decision_module/install/simulation_pkg/share/ament_index/resource_index/packages
copying resource/simulation_pkg -> /home/arbaaz/decision_module/install/simulation_pkg/share/ament_index/resource_index/packages
copying package.xml -> /home/arbaaz/decision_module/install/simulation_pkg/share/simulation_pkg
creating /home/arbaaz/decision_module/install/simulation_pkg/share/simulation_pkg/launch
copying launch/decision.launch.py -> /home/arbaaz/decision_module/install/simulation_pkg/share/simulation_pkg/launch
running install_egg_info
Copying ../../build/simulation_pkg/simulation_pkg.egg-info to /home/arbaaz/decision_module/install/simulation_pkg/lib/python3.10/site-packages/simulation_pkg-0.0.1-py3.10.egg-info
running install_scripts
Installing bot_simulation script to /home/arbaaz/decision_module/install/simulation_pkg/lib/simulation_pkg
Installing joystick_controller script to /home/arbaaz/decision_module/install/simulation_pkg/lib/simulation_pkg
writing list of installed files to '/home/arbaaz/decision_module/build/simulation_pkg/install.log'
