[0.945s] Invoking command in '/home/arbaaz/decision_module/src/simulation_pkg': PYTHONPATH=/home/arbaaz/decision_module/build/simulation_pkg/prefix_override:/usr/lib/python3/dist-packages/colcon_core/task/python/colcon_distutils_commands:/home/arbaaz/decision_module/install/simulation_pkg/lib/python3.10/site-packages:${PYTHONPATH} /usr/bin/python3 -W ignore:setup.py install is deprecated -W ignore:easy_install command is deprecated setup.py egg_info --egg-base ../../build/simulation_pkg build --build-base /home/arbaaz/decision_module/build/simulation_pkg/build install --record /home/arbaaz/decision_module/build/simulation_pkg/install.log --single-version-externally-managed install_data
[1.161s] running egg_info
[1.161s] creating ../../build/simulation_pkg/simulation_pkg.egg-info
[1.162s] writing ../../build/simulation_pkg/simulation_pkg.egg-info/PKG-INFO
[1.162s] writing dependency_links to ../../build/simulation_pkg/simulation_pkg.egg-info/dependency_links.txt
[1.162s] writing entry points to ../../build/simulation_pkg/simulation_pkg.egg-info/entry_points.txt
[1.162s] writing requirements to ../../build/simulation_pkg/simulation_pkg.egg-info/requires.txt
[1.162s] writing top-level names to ../../build/simulation_pkg/simulation_pkg.egg-info/top_level.txt
[1.162s] writing manifest file '../../build/simulation_pkg/simulation_pkg.egg-info/SOURCES.txt'
[1.175s] reading manifest file '../../build/simulation_pkg/simulation_pkg.egg-info/SOURCES.txt'
[1.175s] writing manifest file '../../build/simulation_pkg/simulation_pkg.egg-info/SOURCES.txt'
[1.175s] running build
[1.175s] running build_py
[1.176s] creating /home/arbaaz/decision_module/build/simulation_pkg/build
[1.176s] creating /home/arbaaz/decision_module/build/simulation_pkg/build/lib
[1.176s] creating /home/arbaaz/decision_module/build/simulation_pkg/build/lib/simulation_pkg
[1.176s] copying simulation_pkg/linear_controller.py -> /home/arbaaz/decision_module/build/simulation_pkg/build/lib/simulation_pkg
[1.176s] copying simulation_pkg/joystick_controller.py -> /home/arbaaz/decision_module/build/simulation_pkg/build/lib/simulation_pkg
[1.176s] copying simulation_pkg/robot_sim.py -> /home/arbaaz/decision_module/build/simulation_pkg/build/lib/simulation_pkg
[1.177s] copying simulation_pkg/__init__.py -> /home/arbaaz/decision_module/build/simulation_pkg/build/lib/simulation_pkg
[1.177s] running install
[1.177s] running install_lib
[1.177s] creating /home/arbaaz/decision_module/install/simulation_pkg/lib/python3.10/site-packages/simulation_pkg
[1.178s] copying /home/arbaaz/decision_module/build/simulation_pkg/build/lib/simulation_pkg/linear_controller.py -> /home/arbaaz/decision_module/install/simulation_pkg/lib/python3.10/site-packages/simulation_pkg
[1.178s] copying /home/arbaaz/decision_module/build/simulation_pkg/build/lib/simulation_pkg/joystick_controller.py -> /home/arbaaz/decision_module/install/simulation_pkg/lib/python3.10/site-packages/simulation_pkg
[1.178s] copying /home/arbaaz/decision_module/build/simulation_pkg/build/lib/simulation_pkg/robot_sim.py -> /home/arbaaz/decision_module/install/simulation_pkg/lib/python3.10/site-packages/simulation_pkg
[1.178s] copying /home/arbaaz/decision_module/build/simulation_pkg/build/lib/simulation_pkg/__init__.py -> /home/arbaaz/decision_module/install/simulation_pkg/lib/python3.10/site-packages/simulation_pkg
[1.179s] byte-compiling /home/arbaaz/decision_module/install/simulation_pkg/lib/python3.10/site-packages/simulation_pkg/linear_controller.py to linear_controller.cpython-310.pyc
[1.180s] byte-compiling /home/arbaaz/decision_module/install/simulation_pkg/lib/python3.10/site-packages/simulation_pkg/joystick_controller.py to joystick_controller.cpython-310.pyc
[1.180s] byte-compiling /home/arbaaz/decision_module/install/simulation_pkg/lib/python3.10/site-packages/simulation_pkg/robot_sim.py to robot_sim.cpython-310.pyc
[1.185s] byte-compiling /home/arbaaz/decision_module/install/simulation_pkg/lib/python3.10/site-packages/simulation_pkg/__init__.py to __init__.cpython-310.pyc
[1.185s] running install_data
[1.185s] creating /home/arbaaz/decision_module/install/simulation_pkg/share/ament_index
[1.185s] creating /home/arbaaz/decision_module/install/simulation_pkg/share/ament_index/resource_index
[1.185s] creating /home/arbaaz/decision_module/install/simulation_pkg/share/ament_index/resource_index/packages
[1.185s] copying resource/simulation_pkg -> /home/arbaaz/decision_module/install/simulation_pkg/share/ament_index/resource_index/packages
[1.186s] copying package.xml -> /home/arbaaz/decision_module/install/simulation_pkg/share/simulation_pkg
[1.186s] creating /home/arbaaz/decision_module/install/simulation_pkg/share/simulation_pkg/launch
[1.186s] copying launch/decision.launch.py -> /home/arbaaz/decision_module/install/simulation_pkg/share/simulation_pkg/launch
[1.186s] running install_egg_info
[1.187s] Copying ../../build/simulation_pkg/simulation_pkg.egg-info to /home/arbaaz/decision_module/install/simulation_pkg/lib/python3.10/site-packages/simulation_pkg-0.0.1-py3.10.egg-info
[1.188s] running install_scripts
[1.205s] Installing bot_simulation script to /home/arbaaz/decision_module/install/simulation_pkg/lib/simulation_pkg
[1.205s] Installing joystick_controller script to /home/arbaaz/decision_module/install/simulation_pkg/lib/simulation_pkg
[1.205s] writing list of installed files to '/home/arbaaz/decision_module/build/simulation_pkg/install.log'
[1.239s] Invoked command in '/home/arbaaz/decision_module/src/simulation_pkg' returned '0': PYTHONPATH=/home/arbaaz/decision_module/build/simulation_pkg/prefix_override:/usr/lib/python3/dist-packages/colcon_core/task/python/colcon_distutils_commands:/home/arbaaz/decision_module/install/simulation_pkg/lib/python3.10/site-packages:${PYTHONPATH} /usr/bin/python3 -W ignore:setup.py install is deprecated -W ignore:easy_install command is deprecated setup.py egg_info --egg-base ../../build/simulation_pkg build --build-base /home/arbaaz/decision_module/build/simulation_pkg/build install --record /home/arbaaz/decision_module/build/simulation_pkg/install.log --single-version-externally-managed install_data
