[0.102s] DEBUG:colcon:Command line arguments: ['/usr/bin/colcon', 'build', '--executor', 'sequential']
[0.102s] DEBUG:colcon:Parsed command line arguments: Namespace(log_base=None, log_level=None, verb_name='build', build_base='build', install_base='install', merge_install=False, symlink_install=False, test_result_base=None, continue_on_error=False, executor='sequential', parallel_workers=12, event_handlers=None, ignore_user_meta=False, metas=['./colcon.meta'], base_paths=['.'], packages_ignore=None, packages_ignore_regex=None, paths=None, packages_up_to=None, packages_up_to_regex=None, packages_above=None, packages_above_and_dependencies=None, packages_above_depth=None, packages_select_by_dep=None, packages_skip_by_dep=None, packages_skip_up_to=None, packages_select_build_failed=False, packages_skip_build_finished=False, packages_select_test_failures=False, packages_skip_test_passed=False, packages_select=None, packages_skip=None, packages_select_regex=None, packages_skip_regex=None, packages_start=None, packages_end=None, allow_overriding=[], cmake_args=None, cmake_target=None, cmake_target_skip_unavailable=False, cmake_clean_cache=False, cmake_clean_first=False, cmake_force_configure=False, ament_cmake_args=None, catkin_cmake_args=None, catkin_skip_building_tests=False, mixin_files=None, mixin=None, verb_parser=<colcon_mixin.mixin.mixin_argument.MixinArgumentDecorator object at 0x712b01966860>, verb_extension=<colcon_core.verb.build.BuildVerb object at 0x712b019663b0>, main=<bound method BuildVerb.main of <colcon_core.verb.build.BuildVerb object at 0x712b019663b0>>, mixin_verb=('build',))
[0.263s] Level 1:colcon.colcon_core.package_discovery:discover_packages(colcon_meta) check parameters
[0.263s] Level 1:colcon.colcon_core.package_discovery:discover_packages(recursive) check parameters
[0.263s] Level 1:colcon.colcon_core.package_discovery:discover_packages(ignore) check parameters
[0.263s] Level 1:colcon.colcon_core.package_discovery:discover_packages(path) check parameters
[0.263s] Level 1:colcon.colcon_core.package_discovery:discover_packages(colcon_meta) discover
[0.263s] Level 1:colcon.colcon_core.package_discovery:discover_packages(recursive) discover
[0.263s] INFO:colcon.colcon_core.package_discovery:Crawling recursively for packages in '/home/arbaaz/decision_module'
[0.263s] Level 1:colcon.colcon_core.package_identification:_identify(.) by extensions ['ignore', 'ignore_ament_install']
[0.263s] Level 1:colcon.colcon_core.package_identification:_identify(.) by extension 'ignore'
[0.264s] Level 1:colcon.colcon_core.package_identification:_identify(.) by extension 'ignore_ament_install'
[0.264s] Level 1:colcon.colcon_core.package_identification:_identify(.) by extensions ['colcon_pkg']
[0.264s] Level 1:colcon.colcon_core.package_identification:_identify(.) by extension 'colcon_pkg'
[0.264s] Level 1:colcon.colcon_core.package_identification:_identify(.) by extensions ['colcon_meta']
[0.264s] Level 1:colcon.colcon_core.package_identification:_identify(.) by extension 'colcon_meta'
[0.264s] Level 1:colcon.colcon_core.package_identification:_identify(.) by extensions ['ros']
[0.264s] Level 1:colcon.colcon_core.package_identification:_identify(.) by extension 'ros'
[0.274s] Level 1:colcon.colcon_core.package_identification:_identify(.) by extensions ['cmake', 'python']
[0.274s] Level 1:colcon.colcon_core.package_identification:_identify(.) by extension 'cmake'
[0.274s] Level 1:colcon.colcon_core.package_identification:_identify(.) by extension 'python'
[0.274s] Level 1:colcon.colcon_core.package_identification:_identify(.) by extensions ['python_setup_py']
[0.274s] Level 1:colcon.colcon_core.package_identification:_identify(.) by extension 'python_setup_py'
[0.274s] Level 1:colcon.colcon_core.package_identification:_identify(build) by extensions ['ignore', 'ignore_ament_install']
[0.274s] Level 1:colcon.colcon_core.package_identification:_identify(build) by extension 'ignore'
[0.274s] Level 1:colcon.colcon_core.package_identification:_identify(build) ignored
[0.274s] Level 1:colcon.colcon_core.package_identification:_identify(install) by extensions ['ignore', 'ignore_ament_install']
[0.274s] Level 1:colcon.colcon_core.package_identification:_identify(install) by extension 'ignore'
[0.274s] Level 1:colcon.colcon_core.package_identification:_identify(install) ignored
[0.274s] Level 1:colcon.colcon_core.package_identification:_identify(log) by extensions ['ignore', 'ignore_ament_install']
[0.275s] Level 1:colcon.colcon_core.package_identification:_identify(log) by extension 'ignore'
[0.275s] Level 1:colcon.colcon_core.package_identification:_identify(log) ignored
[0.275s] Level 1:colcon.colcon_core.package_identification:_identify(src) by extensions ['ignore', 'ignore_ament_install']
[0.275s] Level 1:colcon.colcon_core.package_identification:_identify(src) by extension 'ignore'
[0.275s] Level 1:colcon.colcon_core.package_identification:_identify(src) by extension 'ignore_ament_install'
[0.275s] Level 1:colcon.colcon_core.package_identification:_identify(src) by extensions ['colcon_pkg']
[0.275s] Level 1:colcon.colcon_core.package_identification:_identify(src) by extension 'colcon_pkg'
[0.275s] Level 1:colcon.colcon_core.package_identification:_identify(src) by extensions ['colcon_meta']
[0.275s] Level 1:colcon.colcon_core.package_identification:_identify(src) by extension 'colcon_meta'
[0.275s] Level 1:colcon.colcon_core.package_identification:_identify(src) by extensions ['ros']
[0.275s] Level 1:colcon.colcon_core.package_identification:_identify(src) by extension 'ros'
[0.275s] Level 1:colcon.colcon_core.package_identification:_identify(src) by extensions ['cmake', 'python']
[0.275s] Level 1:colcon.colcon_core.package_identification:_identify(src) by extension 'cmake'
[0.275s] Level 1:colcon.colcon_core.package_identification:_identify(src) by extension 'python'
[0.275s] Level 1:colcon.colcon_core.package_identification:_identify(src) by extensions ['python_setup_py']
[0.275s] Level 1:colcon.colcon_core.package_identification:_identify(src) by extension 'python_setup_py'
[0.275s] Level 1:colcon.colcon_core.package_identification:_identify(src/o1) by extensions ['ignore', 'ignore_ament_install']
[0.275s] Level 1:colcon.colcon_core.package_identification:_identify(src/o1) by extension 'ignore'
[0.275s] Level 1:colcon.colcon_core.package_identification:_identify(src/o1) by extension 'ignore_ament_install'
[0.275s] Level 1:colcon.colcon_core.package_identification:_identify(src/o1) by extensions ['colcon_pkg']
[0.275s] Level 1:colcon.colcon_core.package_identification:_identify(src/o1) by extension 'colcon_pkg'
[0.275s] Level 1:colcon.colcon_core.package_identification:_identify(src/o1) by extensions ['colcon_meta']
[0.275s] Level 1:colcon.colcon_core.package_identification:_identify(src/o1) by extension 'colcon_meta'
[0.275s] Level 1:colcon.colcon_core.package_identification:_identify(src/o1) by extensions ['ros']
[0.275s] Level 1:colcon.colcon_core.package_identification:_identify(src/o1) by extension 'ros'
[0.278s] DEBUG:colcon.colcon_core.package_identification:Package 'src/o1' with type 'ros.ament_cmake' and name 'o1'
[0.278s] Level 1:colcon.colcon_core.package_identification:_identify(src/o2) by extensions ['ignore', 'ignore_ament_install']
[0.278s] Level 1:colcon.colcon_core.package_identification:_identify(src/o2) by extension 'ignore'
[0.278s] Level 1:colcon.colcon_core.package_identification:_identify(src/o2) by extension 'ignore_ament_install'
[0.278s] Level 1:colcon.colcon_core.package_identification:_identify(src/o2) by extensions ['colcon_pkg']
[0.278s] Level 1:colcon.colcon_core.package_identification:_identify(src/o2) by extension 'colcon_pkg'
[0.278s] Level 1:colcon.colcon_core.package_identification:_identify(src/o2) by extensions ['colcon_meta']
[0.278s] Level 1:colcon.colcon_core.package_identification:_identify(src/o2) by extension 'colcon_meta'
[0.278s] Level 1:colcon.colcon_core.package_identification:_identify(src/o2) by extensions ['ros']
[0.278s] Level 1:colcon.colcon_core.package_identification:_identify(src/o2) by extension 'ros'
[0.279s] DEBUG:colcon.colcon_core.package_identification:Package 'src/o2' with type 'ros.ament_cmake' and name 'o2'
[0.279s] Level 1:colcon.colcon_core.package_identification:_identify(src/o3) by extensions ['ignore', 'ignore_ament_install']
[0.279s] Level 1:colcon.colcon_core.package_identification:_identify(src/o3) by extension 'ignore'
[0.279s] Level 1:colcon.colcon_core.package_identification:_identify(src/o3) by extension 'ignore_ament_install'
[0.279s] Level 1:colcon.colcon_core.package_identification:_identify(src/o3) by extensions ['colcon_pkg']
[0.279s] Level 1:colcon.colcon_core.package_identification:_identify(src/o3) by extension 'colcon_pkg'
[0.279s] Level 1:colcon.colcon_core.package_identification:_identify(src/o3) by extensions ['colcon_meta']
[0.279s] Level 1:colcon.colcon_core.package_identification:_identify(src/o3) by extension 'colcon_meta'
[0.279s] Level 1:colcon.colcon_core.package_identification:_identify(src/o3) by extensions ['ros']
[0.279s] Level 1:colcon.colcon_core.package_identification:_identify(src/o3) by extension 'ros'
[0.280s] DEBUG:colcon.colcon_core.package_identification:Package 'src/o3' with type 'ros.ament_cmake' and name 'o3'
[0.280s] Level 1:colcon.colcon_core.package_identification:_identify(src/o4) by extensions ['ignore', 'ignore_ament_install']
[0.280s] Level 1:colcon.colcon_core.package_identification:_identify(src/o4) by extension 'ignore'
[0.280s] Level 1:colcon.colcon_core.package_identification:_identify(src/o4) by extension 'ignore_ament_install'
[0.280s] Level 1:colcon.colcon_core.package_identification:_identify(src/o4) by extensions ['colcon_pkg']
[0.280s] Level 1:colcon.colcon_core.package_identification:_identify(src/o4) by extension 'colcon_pkg'
[0.280s] Level 1:colcon.colcon_core.package_identification:_identify(src/o4) by extensions ['colcon_meta']
[0.280s] Level 1:colcon.colcon_core.package_identification:_identify(src/o4) by extension 'colcon_meta'
[0.280s] Level 1:colcon.colcon_core.package_identification:_identify(src/o4) by extensions ['ros']
[0.280s] Level 1:colcon.colcon_core.package_identification:_identify(src/o4) by extension 'ros'
[0.283s] DEBUG:colcon.colcon_core.package_identification:Package 'src/o4' with type 'ros.ament_cmake' and name 'o4'
[0.283s] Level 1:colcon.colcon_core.package_identification:_identify(src/o5) by extensions ['ignore', 'ignore_ament_install']
[0.283s] Level 1:colcon.colcon_core.package_identification:_identify(src/o5) by extension 'ignore'
[0.283s] Level 1:colcon.colcon_core.package_identification:_identify(src/o5) by extension 'ignore_ament_install'
[0.283s] Level 1:colcon.colcon_core.package_identification:_identify(src/o5) by extensions ['colcon_pkg']
[0.283s] Level 1:colcon.colcon_core.package_identification:_identify(src/o5) by extension 'colcon_pkg'
[0.283s] Level 1:colcon.colcon_core.package_identification:_identify(src/o5) by extensions ['colcon_meta']
[0.283s] Level 1:colcon.colcon_core.package_identification:_identify(src/o5) by extension 'colcon_meta'
[0.283s] Level 1:colcon.colcon_core.package_identification:_identify(src/o5) by extensions ['ros']
[0.283s] Level 1:colcon.colcon_core.package_identification:_identify(src/o5) by extension 'ros'
[0.284s] DEBUG:colcon.colcon_core.package_identification:Package 'src/o5' with type 'ros.ament_cmake' and name 'o5'
[0.284s] Level 1:colcon.colcon_core.package_identification:_identify(src/simulation_pkg) by extensions ['ignore', 'ignore_ament_install']
[0.284s] Level 1:colcon.colcon_core.package_identification:_identify(src/simulation_pkg) by extension 'ignore'
[0.284s] Level 1:colcon.colcon_core.package_identification:_identify(src/simulation_pkg) by extension 'ignore_ament_install'
[0.284s] Level 1:colcon.colcon_core.package_identification:_identify(src/simulation_pkg) by extensions ['colcon_pkg']
[0.284s] Level 1:colcon.colcon_core.package_identification:_identify(src/simulation_pkg) by extension 'colcon_pkg'
[0.284s] Level 1:colcon.colcon_core.package_identification:_identify(src/simulation_pkg) by extensions ['colcon_meta']
[0.284s] Level 1:colcon.colcon_core.package_identification:_identify(src/simulation_pkg) by extension 'colcon_meta'
[0.284s] Level 1:colcon.colcon_core.package_identification:_identify(src/simulation_pkg) by extensions ['ros']
[0.284s] Level 1:colcon.colcon_core.package_identification:_identify(src/simulation_pkg) by extension 'ros'
[0.285s] DEBUG:colcon.colcon_core.package_identification:Package 'src/simulation_pkg' with type 'ros.ament_python' and name 'simulation_pkg'
[0.285s] Level 1:colcon.colcon_core.package_discovery:discover_packages(recursive) using defaults
[0.285s] Level 1:colcon.colcon_core.package_discovery:discover_packages(ignore) discover
[0.285s] Level 1:colcon.colcon_core.package_discovery:discover_packages(ignore) using defaults
[0.285s] Level 1:colcon.colcon_core.package_discovery:discover_packages(path) discover
[0.285s] Level 1:colcon.colcon_core.package_discovery:discover_packages(path) using defaults
[0.331s] Level 1:colcon.colcon_core.package_discovery:discover_packages(prefix_path) check parameters
[0.331s] Level 1:colcon.colcon_core.package_discovery:discover_packages(prefix_path) discover
[0.333s] DEBUG:colcon.colcon_installed_package_information.package_discovery:Found 6 installed packages in /home/arbaaz/decision_module/install
[0.335s] DEBUG:colcon.colcon_installed_package_information.package_discovery:Found 328 installed packages in /opt/ros/humble
[0.336s] Level 1:colcon.colcon_core.package_discovery:discover_packages(prefix_path) using defaults
[0.373s] Level 5:colcon.colcon_core.verb:set package 'o1' build argument 'cmake_args' from command line to 'None'
[0.373s] Level 5:colcon.colcon_core.verb:set package 'o1' build argument 'cmake_target' from command line to 'None'
[0.373s] Level 5:colcon.colcon_core.verb:set package 'o1' build argument 'cmake_target_skip_unavailable' from command line to 'False'
[0.373s] Level 5:colcon.colcon_core.verb:set package 'o1' build argument 'cmake_clean_cache' from command line to 'False'
[0.373s] Level 5:colcon.colcon_core.verb:set package 'o1' build argument 'cmake_clean_first' from command line to 'False'
[0.373s] Level 5:colcon.colcon_core.verb:set package 'o1' build argument 'cmake_force_configure' from command line to 'False'
[0.373s] Level 5:colcon.colcon_core.verb:set package 'o1' build argument 'ament_cmake_args' from command line to 'None'
[0.373s] Level 5:colcon.colcon_core.verb:set package 'o1' build argument 'catkin_cmake_args' from command line to 'None'
[0.373s] Level 5:colcon.colcon_core.verb:set package 'o1' build argument 'catkin_skip_building_tests' from command line to 'False'
[0.373s] DEBUG:colcon.colcon_core.verb:Building package 'o1' with the following arguments: {'ament_cmake_args': None, 'build_base': '/home/arbaaz/decision_module/build/o1', 'catkin_cmake_args': None, 'catkin_skip_building_tests': False, 'cmake_args': None, 'cmake_clean_cache': False, 'cmake_clean_first': False, 'cmake_force_configure': False, 'cmake_target': None, 'cmake_target_skip_unavailable': False, 'install_base': '/home/arbaaz/decision_module/install/o1', 'merge_install': False, 'path': '/home/arbaaz/decision_module/src/o1', 'symlink_install': False, 'test_result_base': None}
[0.373s] Level 5:colcon.colcon_core.verb:set package 'o2' build argument 'cmake_args' from command line to 'None'
[0.373s] Level 5:colcon.colcon_core.verb:set package 'o2' build argument 'cmake_target' from command line to 'None'
[0.373s] Level 5:colcon.colcon_core.verb:set package 'o2' build argument 'cmake_target_skip_unavailable' from command line to 'False'
[0.373s] Level 5:colcon.colcon_core.verb:set package 'o2' build argument 'cmake_clean_cache' from command line to 'False'
[0.373s] Level 5:colcon.colcon_core.verb:set package 'o2' build argument 'cmake_clean_first' from command line to 'False'
[0.373s] Level 5:colcon.colcon_core.verb:set package 'o2' build argument 'cmake_force_configure' from command line to 'False'
[0.373s] Level 5:colcon.colcon_core.verb:set package 'o2' build argument 'ament_cmake_args' from command line to 'None'
[0.373s] Level 5:colcon.colcon_core.verb:set package 'o2' build argument 'catkin_cmake_args' from command line to 'None'
[0.373s] Level 5:colcon.colcon_core.verb:set package 'o2' build argument 'catkin_skip_building_tests' from command line to 'False'
[0.373s] DEBUG:colcon.colcon_core.verb:Building package 'o2' with the following arguments: {'ament_cmake_args': None, 'build_base': '/home/arbaaz/decision_module/build/o2', 'catkin_cmake_args': None, 'catkin_skip_building_tests': False, 'cmake_args': None, 'cmake_clean_cache': False, 'cmake_clean_first': False, 'cmake_force_configure': False, 'cmake_target': None, 'cmake_target_skip_unavailable': False, 'install_base': '/home/arbaaz/decision_module/install/o2', 'merge_install': False, 'path': '/home/arbaaz/decision_module/src/o2', 'symlink_install': False, 'test_result_base': None}
[0.374s] Level 5:colcon.colcon_core.verb:set package 'o3' build argument 'cmake_args' from command line to 'None'
[0.374s] Level 5:colcon.colcon_core.verb:set package 'o3' build argument 'cmake_target' from command line to 'None'
[0.374s] Level 5:colcon.colcon_core.verb:set package 'o3' build argument 'cmake_target_skip_unavailable' from command line to 'False'
[0.374s] Level 5:colcon.colcon_core.verb:set package 'o3' build argument 'cmake_clean_cache' from command line to 'False'
[0.374s] Level 5:colcon.colcon_core.verb:set package 'o3' build argument 'cmake_clean_first' from command line to 'False'
[0.374s] Level 5:colcon.colcon_core.verb:set package 'o3' build argument 'cmake_force_configure' from command line to 'False'
[0.374s] Level 5:colcon.colcon_core.verb:set package 'o3' build argument 'ament_cmake_args' from command line to 'None'
[0.374s] Level 5:colcon.colcon_core.verb:set package 'o3' build argument 'catkin_cmake_args' from command line to 'None'
[0.374s] Level 5:colcon.colcon_core.verb:set package 'o3' build argument 'catkin_skip_building_tests' from command line to 'False'
[0.374s] DEBUG:colcon.colcon_core.verb:Building package 'o3' with the following arguments: {'ament_cmake_args': None, 'build_base': '/home/arbaaz/decision_module/build/o3', 'catkin_cmake_args': None, 'catkin_skip_building_tests': False, 'cmake_args': None, 'cmake_clean_cache': False, 'cmake_clean_first': False, 'cmake_force_configure': False, 'cmake_target': None, 'cmake_target_skip_unavailable': False, 'install_base': '/home/arbaaz/decision_module/install/o3', 'merge_install': False, 'path': '/home/arbaaz/decision_module/src/o3', 'symlink_install': False, 'test_result_base': None}
[0.374s] Level 5:colcon.colcon_core.verb:set package 'o4' build argument 'cmake_args' from command line to 'None'
[0.374s] Level 5:colcon.colcon_core.verb:set package 'o4' build argument 'cmake_target' from command line to 'None'
[0.374s] Level 5:colcon.colcon_core.verb:set package 'o4' build argument 'cmake_target_skip_unavailable' from command line to 'False'
[0.374s] Level 5:colcon.colcon_core.verb:set package 'o4' build argument 'cmake_clean_cache' from command line to 'False'
[0.374s] Level 5:colcon.colcon_core.verb:set package 'o4' build argument 'cmake_clean_first' from command line to 'False'
[0.374s] Level 5:colcon.colcon_core.verb:set package 'o4' build argument 'cmake_force_configure' from command line to 'False'
[0.374s] Level 5:colcon.colcon_core.verb:set package 'o4' build argument 'ament_cmake_args' from command line to 'None'
[0.374s] Level 5:colcon.colcon_core.verb:set package 'o4' build argument 'catkin_cmake_args' from command line to 'None'
[0.374s] Level 5:colcon.colcon_core.verb:set package 'o4' build argument 'catkin_skip_building_tests' from command line to 'False'
[0.374s] DEBUG:colcon.colcon_core.verb:Building package 'o4' with the following arguments: {'ament_cmake_args': None, 'build_base': '/home/arbaaz/decision_module/build/o4', 'catkin_cmake_args': None, 'catkin_skip_building_tests': False, 'cmake_args': None, 'cmake_clean_cache': False, 'cmake_clean_first': False, 'cmake_force_configure': False, 'cmake_target': None, 'cmake_target_skip_unavailable': False, 'install_base': '/home/arbaaz/decision_module/install/o4', 'merge_install': False, 'path': '/home/arbaaz/decision_module/src/o4', 'symlink_install': False, 'test_result_base': None}
[0.375s] Level 5:colcon.colcon_core.verb:set package 'o5' build argument 'cmake_args' from command line to 'None'
[0.375s] Level 5:colcon.colcon_core.verb:set package 'o5' build argument 'cmake_target' from command line to 'None'
[0.375s] Level 5:colcon.colcon_core.verb:set package 'o5' build argument 'cmake_target_skip_unavailable' from command line to 'False'
[0.375s] Level 5:colcon.colcon_core.verb:set package 'o5' build argument 'cmake_clean_cache' from command line to 'False'
[0.375s] Level 5:colcon.colcon_core.verb:set package 'o5' build argument 'cmake_clean_first' from command line to 'False'
[0.375s] Level 5:colcon.colcon_core.verb:set package 'o5' build argument 'cmake_force_configure' from command line to 'False'
[0.375s] Level 5:colcon.colcon_core.verb:set package 'o5' build argument 'ament_cmake_args' from command line to 'None'
[0.375s] Level 5:colcon.colcon_core.verb:set package 'o5' build argument 'catkin_cmake_args' from command line to 'None'
[0.375s] Level 5:colcon.colcon_core.verb:set package 'o5' build argument 'catkin_skip_building_tests' from command line to 'False'
[0.375s] DEBUG:colcon.colcon_core.verb:Building package 'o5' with the following arguments: {'ament_cmake_args': None, 'build_base': '/home/arbaaz/decision_module/build/o5', 'catkin_cmake_args': None, 'catkin_skip_building_tests': False, 'cmake_args': None, 'cmake_clean_cache': False, 'cmake_clean_first': False, 'cmake_force_configure': False, 'cmake_target': None, 'cmake_target_skip_unavailable': False, 'install_base': '/home/arbaaz/decision_module/install/o5', 'merge_install': False, 'path': '/home/arbaaz/decision_module/src/o5', 'symlink_install': False, 'test_result_base': None}
[0.375s] Level 5:colcon.colcon_core.verb:set package 'simulation_pkg' build argument 'cmake_args' from command line to 'None'
[0.375s] Level 5:colcon.colcon_core.verb:set package 'simulation_pkg' build argument 'cmake_target' from command line to 'None'
[0.375s] Level 5:colcon.colcon_core.verb:set package 'simulation_pkg' build argument 'cmake_target_skip_unavailable' from command line to 'False'
[0.375s] Level 5:colcon.colcon_core.verb:set package 'simulation_pkg' build argument 'cmake_clean_cache' from command line to 'False'
[0.375s] Level 5:colcon.colcon_core.verb:set package 'simulation_pkg' build argument 'cmake_clean_first' from command line to 'False'
[0.375s] Level 5:colcon.colcon_core.verb:set package 'simulation_pkg' build argument 'cmake_force_configure' from command line to 'False'
[0.375s] Level 5:colcon.colcon_core.verb:set package 'simulation_pkg' build argument 'ament_cmake_args' from command line to 'None'
[0.375s] Level 5:colcon.colcon_core.verb:set package 'simulation_pkg' build argument 'catkin_cmake_args' from command line to 'None'
[0.375s] Level 5:colcon.colcon_core.verb:set package 'simulation_pkg' build argument 'catkin_skip_building_tests' from command line to 'False'
[0.375s] DEBUG:colcon.colcon_core.verb:Building package 'simulation_pkg' with the following arguments: {'ament_cmake_args': None, 'build_base': '/home/arbaaz/decision_module/build/simulation_pkg', 'catkin_cmake_args': None, 'catkin_skip_building_tests': False, 'cmake_args': None, 'cmake_clean_cache': False, 'cmake_clean_first': False, 'cmake_force_configure': False, 'cmake_target': None, 'cmake_target_skip_unavailable': False, 'install_base': '/home/arbaaz/decision_module/install/simulation_pkg', 'merge_install': False, 'path': '/home/arbaaz/decision_module/src/simulation_pkg', 'symlink_install': False, 'test_result_base': None}
[0.375s] INFO:colcon.colcon_core.executor:Executing jobs using 'sequential' executor
[0.377s] DEBUG:colcon.colcon_core.executor.sequential:run_until_complete 'o1'
[0.377s] INFO:colcon.colcon_ros.task.ament_cmake.build:Building ROS package in '/home/arbaaz/decision_module/src/o1' with build type 'ament_cmake'
[0.377s] INFO:colcon.colcon_cmake.task.cmake.build:Building CMake package in '/home/arbaaz/decision_module/src/o1'
[0.379s] INFO:colcon.colcon_core.plugin_system:Skipping extension 'colcon_core.shell.bat': Not used on non-Windows systems
[0.380s] INFO:colcon.colcon_core.shell:Skip shell extension 'powershell' for command environment: Not usable outside of PowerShell
[0.380s] DEBUG:colcon.colcon_core.shell:Skip shell extension 'dsv' for command environment
[0.392s] DEBUG:colcon.colcon_core.event_handler.log_command:Invoking command in '/home/arbaaz/decision_module/build/o1': CMAKE_PREFIX_PATH=${CMAKE_PREFIX_PATH}:/home/arbaaz/decision_module/install/simulation_pkg:/opt/ros/humble /usr/bin/cmake --build /home/arbaaz/decision_module/build/o1 -- -j12 -l12
[0.498s] DEBUG:colcon.colcon_core.event_handler.log_command:Invoked command in '/home/arbaaz/decision_module/build/o1' returned '0': CMAKE_PREFIX_PATH=${CMAKE_PREFIX_PATH}:/home/arbaaz/decision_module/install/simulation_pkg:/opt/ros/humble /usr/bin/cmake --build /home/arbaaz/decision_module/build/o1 -- -j12 -l12
[0.514s] DEBUG:colcon.colcon_core.event_handler.log_command:Invoking command in '/home/arbaaz/decision_module/build/o1': CMAKE_PREFIX_PATH=${CMAKE_PREFIX_PATH}:/home/arbaaz/decision_module/install/simulation_pkg:/opt/ros/humble /usr/bin/cmake --install /home/arbaaz/decision_module/build/o1
[0.528s] Level 1:colcon.colcon_core.environment:create_environment_scripts_only(o1)
[0.529s] DEBUG:colcon.colcon_core.event_handler.log_command:Invoked command in '/home/arbaaz/decision_module/build/o1' returned '0': CMAKE_PREFIX_PATH=${CMAKE_PREFIX_PATH}:/home/arbaaz/decision_module/install/simulation_pkg:/opt/ros/humble /usr/bin/cmake --install /home/arbaaz/decision_module/build/o1
[0.531s] Level 1:colcon.colcon_core.environment:checking '/home/arbaaz/decision_module/install/o1' for CMake module files
[0.532s] Level 1:colcon.colcon_core.environment:checking '/home/arbaaz/decision_module/install/o1' for CMake config files
[0.532s] Level 1:colcon.colcon_core.shell:create_environment_hook('o1', 'cmake_prefix_path')
[0.532s] INFO:colcon.colcon_core.shell:Creating environment hook '/home/arbaaz/decision_module/install/o1/share/o1/hook/cmake_prefix_path.ps1'
[0.533s] INFO:colcon.colcon_core.shell:Creating environment descriptor '/home/arbaaz/decision_module/install/o1/share/o1/hook/cmake_prefix_path.dsv'
[0.533s] INFO:colcon.colcon_core.shell:Creating environment hook '/home/arbaaz/decision_module/install/o1/share/o1/hook/cmake_prefix_path.sh'
[0.534s] Level 1:colcon.colcon_core.environment:checking '/home/arbaaz/decision_module/install/o1/lib'
[0.535s] Level 1:colcon.colcon_core.environment:checking '/home/arbaaz/decision_module/install/o1/bin'
[0.535s] Level 1:colcon.colcon_core.environment:checking '/home/arbaaz/decision_module/install/o1/lib/pkgconfig/o1.pc'
[0.535s] Level 1:colcon.colcon_core.environment:checking '/home/arbaaz/decision_module/install/o1/lib/python3.10/site-packages'
[0.535s] Level 1:colcon.colcon_core.environment:checking '/home/arbaaz/decision_module/install/o1/bin'
[0.535s] INFO:colcon.colcon_core.shell:Creating package script '/home/arbaaz/decision_module/install/o1/share/o1/package.ps1'
[0.536s] INFO:colcon.colcon_core.shell:Creating package descriptor '/home/arbaaz/decision_module/install/o1/share/o1/package.dsv'
[0.537s] INFO:colcon.colcon_core.shell:Creating package script '/home/arbaaz/decision_module/install/o1/share/o1/package.sh'
[0.537s] INFO:colcon.colcon_core.shell:Creating package script '/home/arbaaz/decision_module/install/o1/share/o1/package.bash'
[0.538s] INFO:colcon.colcon_core.shell:Creating package script '/home/arbaaz/decision_module/install/o1/share/o1/package.zsh'
[0.538s] Level 1:colcon.colcon_core.environment:create_file_with_runtime_dependencies(/home/arbaaz/decision_module/install/o1/share/colcon-core/packages/o1)
[0.539s] Level 1:colcon.colcon_core.environment:create_environment_scripts_only(o1)
[0.539s] Level 1:colcon.colcon_core.environment:checking '/home/arbaaz/decision_module/install/o1' for CMake module files
[0.540s] Level 1:colcon.colcon_core.environment:checking '/home/arbaaz/decision_module/install/o1' for CMake config files
[0.540s] Level 1:colcon.colcon_core.shell:create_environment_hook('o1', 'cmake_prefix_path')
[0.540s] INFO:colcon.colcon_core.shell:Creating environment hook '/home/arbaaz/decision_module/install/o1/share/o1/hook/cmake_prefix_path.ps1'
[0.540s] INFO:colcon.colcon_core.shell:Creating environment descriptor '/home/arbaaz/decision_module/install/o1/share/o1/hook/cmake_prefix_path.dsv'
[0.541s] INFO:colcon.colcon_core.shell:Creating environment hook '/home/arbaaz/decision_module/install/o1/share/o1/hook/cmake_prefix_path.sh'
[0.541s] Level 1:colcon.colcon_core.environment:checking '/home/arbaaz/decision_module/install/o1/lib'
[0.541s] Level 1:colcon.colcon_core.environment:checking '/home/arbaaz/decision_module/install/o1/bin'
[0.541s] Level 1:colcon.colcon_core.environment:checking '/home/arbaaz/decision_module/install/o1/lib/pkgconfig/o1.pc'
[0.541s] Level 1:colcon.colcon_core.environment:checking '/home/arbaaz/decision_module/install/o1/lib/python3.10/site-packages'
[0.542s] Level 1:colcon.colcon_core.environment:checking '/home/arbaaz/decision_module/install/o1/bin'
[0.542s] INFO:colcon.colcon_core.shell:Creating package script '/home/arbaaz/decision_module/install/o1/share/o1/package.ps1'
[0.542s] INFO:colcon.colcon_core.shell:Creating package descriptor '/home/arbaaz/decision_module/install/o1/share/o1/package.dsv'
[0.543s] INFO:colcon.colcon_core.shell:Creating package script '/home/arbaaz/decision_module/install/o1/share/o1/package.sh'
[0.543s] INFO:colcon.colcon_core.shell:Creating package script '/home/arbaaz/decision_module/install/o1/share/o1/package.bash'
[0.544s] INFO:colcon.colcon_core.shell:Creating package script '/home/arbaaz/decision_module/install/o1/share/o1/package.zsh'
[0.544s] Level 1:colcon.colcon_core.environment:create_file_with_runtime_dependencies(/home/arbaaz/decision_module/install/o1/share/colcon-core/packages/o1)
[0.544s] DEBUG:colcon.colcon_core.executor.sequential:run_until_complete 'o1' finished with '0'
[0.544s] DEBUG:colcon.colcon_core.executor.sequential:run_until_complete 'o2'
[0.544s] INFO:colcon.colcon_ros.task.ament_cmake.build:Building ROS package in '/home/arbaaz/decision_module/src/o2' with build type 'ament_cmake'
[0.545s] INFO:colcon.colcon_cmake.task.cmake.build:Building CMake package in '/home/arbaaz/decision_module/src/o2'
[0.545s] INFO:colcon.colcon_core.shell:Skip shell extension 'powershell' for command environment: Not usable outside of PowerShell
[0.545s] DEBUG:colcon.colcon_core.shell:Skip shell extension 'dsv' for command environment
[0.557s] DEBUG:colcon.colcon_core.event_handler.log_command:Invoking command in '/home/arbaaz/decision_module/build/o2': CMAKE_PREFIX_PATH=${CMAKE_PREFIX_PATH}:/home/arbaaz/decision_module/install/simulation_pkg:/opt/ros/humble /usr/bin/cmake --build /home/arbaaz/decision_module/build/o2 -- -j12 -l12
[0.659s] DEBUG:colcon.colcon_core.event_handler.log_command:Invoked command in '/home/arbaaz/decision_module/build/o2' returned '0': CMAKE_PREFIX_PATH=${CMAKE_PREFIX_PATH}:/home/arbaaz/decision_module/install/simulation_pkg:/opt/ros/humble /usr/bin/cmake --build /home/arbaaz/decision_module/build/o2 -- -j12 -l12
[0.662s] DEBUG:colcon.colcon_core.event_handler.log_command:Invoking command in '/home/arbaaz/decision_module/build/o2': CMAKE_PREFIX_PATH=${CMAKE_PREFIX_PATH}:/home/arbaaz/decision_module/install/simulation_pkg:/opt/ros/humble /usr/bin/cmake --install /home/arbaaz/decision_module/build/o2
[0.675s] Level 1:colcon.colcon_core.environment:create_environment_scripts_only(o2)
[0.676s] Level 1:colcon.colcon_core.environment:checking '/home/arbaaz/decision_module/install/o2' for CMake module files
[0.676s] DEBUG:colcon.colcon_core.event_handler.log_command:Invoked command in '/home/arbaaz/decision_module/build/o2' returned '0': CMAKE_PREFIX_PATH=${CMAKE_PREFIX_PATH}:/home/arbaaz/decision_module/install/simulation_pkg:/opt/ros/humble /usr/bin/cmake --install /home/arbaaz/decision_module/build/o2
[0.677s] Level 1:colcon.colcon_core.environment:checking '/home/arbaaz/decision_module/install/o2' for CMake config files
[0.677s] Level 1:colcon.colcon_core.shell:create_environment_hook('o2', 'cmake_prefix_path')
[0.677s] INFO:colcon.colcon_core.shell:Creating environment hook '/home/arbaaz/decision_module/install/o2/share/o2/hook/cmake_prefix_path.ps1'
[0.678s] INFO:colcon.colcon_core.shell:Creating environment descriptor '/home/arbaaz/decision_module/install/o2/share/o2/hook/cmake_prefix_path.dsv'
[0.678s] INFO:colcon.colcon_core.shell:Creating environment hook '/home/arbaaz/decision_module/install/o2/share/o2/hook/cmake_prefix_path.sh'
[0.679s] Level 1:colcon.colcon_core.environment:checking '/home/arbaaz/decision_module/install/o2/lib'
[0.679s] Level 1:colcon.colcon_core.environment:checking '/home/arbaaz/decision_module/install/o2/bin'
[0.679s] Level 1:colcon.colcon_core.environment:checking '/home/arbaaz/decision_module/install/o2/lib/pkgconfig/o2.pc'
[0.679s] Level 1:colcon.colcon_core.environment:checking '/home/arbaaz/decision_module/install/o2/lib/python3.10/site-packages'
[0.679s] Level 1:colcon.colcon_core.environment:checking '/home/arbaaz/decision_module/install/o2/bin'
[0.680s] INFO:colcon.colcon_core.shell:Creating package script '/home/arbaaz/decision_module/install/o2/share/o2/package.ps1'
[0.680s] INFO:colcon.colcon_core.shell:Creating package descriptor '/home/arbaaz/decision_module/install/o2/share/o2/package.dsv'
[0.680s] INFO:colcon.colcon_core.shell:Creating package script '/home/arbaaz/decision_module/install/o2/share/o2/package.sh'
[0.681s] INFO:colcon.colcon_core.shell:Creating package script '/home/arbaaz/decision_module/install/o2/share/o2/package.bash'
[0.681s] INFO:colcon.colcon_core.shell:Creating package script '/home/arbaaz/decision_module/install/o2/share/o2/package.zsh'
[0.681s] Level 1:colcon.colcon_core.environment:create_file_with_runtime_dependencies(/home/arbaaz/decision_module/install/o2/share/colcon-core/packages/o2)
[0.682s] Level 1:colcon.colcon_core.environment:create_environment_scripts_only(o2)
[0.682s] Level 1:colcon.colcon_core.environment:checking '/home/arbaaz/decision_module/install/o2' for CMake module files
[0.682s] Level 1:colcon.colcon_core.environment:checking '/home/arbaaz/decision_module/install/o2' for CMake config files
[0.683s] Level 1:colcon.colcon_core.shell:create_environment_hook('o2', 'cmake_prefix_path')
[0.683s] INFO:colcon.colcon_core.shell:Creating environment hook '/home/arbaaz/decision_module/install/o2/share/o2/hook/cmake_prefix_path.ps1'
[0.683s] INFO:colcon.colcon_core.shell:Creating environment descriptor '/home/arbaaz/decision_module/install/o2/share/o2/hook/cmake_prefix_path.dsv'
[0.684s] INFO:colcon.colcon_core.shell:Creating environment hook '/home/arbaaz/decision_module/install/o2/share/o2/hook/cmake_prefix_path.sh'
[0.684s] Level 1:colcon.colcon_core.environment:checking '/home/arbaaz/decision_module/install/o2/lib'
[0.684s] Level 1:colcon.colcon_core.environment:checking '/home/arbaaz/decision_module/install/o2/bin'
[0.684s] Level 1:colcon.colcon_core.environment:checking '/home/arbaaz/decision_module/install/o2/lib/pkgconfig/o2.pc'
[0.684s] Level 1:colcon.colcon_core.environment:checking '/home/arbaaz/decision_module/install/o2/lib/python3.10/site-packages'
[0.684s] Level 1:colcon.colcon_core.environment:checking '/home/arbaaz/decision_module/install/o2/bin'
[0.685s] INFO:colcon.colcon_core.shell:Creating package script '/home/arbaaz/decision_module/install/o2/share/o2/package.ps1'
[0.685s] INFO:colcon.colcon_core.shell:Creating package descriptor '/home/arbaaz/decision_module/install/o2/share/o2/package.dsv'
[0.686s] INFO:colcon.colcon_core.shell:Creating package script '/home/arbaaz/decision_module/install/o2/share/o2/package.sh'
[0.686s] INFO:colcon.colcon_core.shell:Creating package script '/home/arbaaz/decision_module/install/o2/share/o2/package.bash'
[0.686s] INFO:colcon.colcon_core.shell:Creating package script '/home/arbaaz/decision_module/install/o2/share/o2/package.zsh'
[0.687s] Level 1:colcon.colcon_core.environment:create_file_with_runtime_dependencies(/home/arbaaz/decision_module/install/o2/share/colcon-core/packages/o2)
[0.687s] DEBUG:colcon.colcon_core.executor.sequential:run_until_complete 'o2' finished with '0'
[0.687s] DEBUG:colcon.colcon_core.executor.sequential:run_until_complete 'o3'
[0.687s] INFO:colcon.colcon_ros.task.ament_cmake.build:Building ROS package in '/home/arbaaz/decision_module/src/o3' with build type 'ament_cmake'
[0.687s] INFO:colcon.colcon_cmake.task.cmake.build:Building CMake package in '/home/arbaaz/decision_module/src/o3'
[0.688s] INFO:colcon.colcon_core.shell:Skip shell extension 'powershell' for command environment: Not usable outside of PowerShell
[0.688s] DEBUG:colcon.colcon_core.shell:Skip shell extension 'dsv' for command environment
[0.698s] DEBUG:colcon.colcon_core.event_handler.log_command:Invoking command in '/home/arbaaz/decision_module/build/o3': CMAKE_PREFIX_PATH=${CMAKE_PREFIX_PATH}:/home/arbaaz/decision_module/install/simulation_pkg:/opt/ros/humble /usr/bin/cmake --build /home/arbaaz/decision_module/build/o3 -- -j12 -l12
[0.803s] DEBUG:colcon.colcon_core.event_handler.log_command:Invoked command in '/home/arbaaz/decision_module/build/o3' returned '0': CMAKE_PREFIX_PATH=${CMAKE_PREFIX_PATH}:/home/arbaaz/decision_module/install/simulation_pkg:/opt/ros/humble /usr/bin/cmake --build /home/arbaaz/decision_module/build/o3 -- -j12 -l12
[0.806s] DEBUG:colcon.colcon_core.event_handler.log_command:Invoking command in '/home/arbaaz/decision_module/build/o3': CMAKE_PREFIX_PATH=${CMAKE_PREFIX_PATH}:/home/arbaaz/decision_module/install/simulation_pkg:/opt/ros/humble /usr/bin/cmake --install /home/arbaaz/decision_module/build/o3
[0.819s] Level 1:colcon.colcon_core.environment:create_environment_scripts_only(o3)
[0.819s] Level 1:colcon.colcon_core.environment:checking '/home/arbaaz/decision_module/install/o3' for CMake module files
[0.820s] DEBUG:colcon.colcon_core.event_handler.log_command:Invoked command in '/home/arbaaz/decision_module/build/o3' returned '0': CMAKE_PREFIX_PATH=${CMAKE_PREFIX_PATH}:/home/arbaaz/decision_module/install/simulation_pkg:/opt/ros/humble /usr/bin/cmake --install /home/arbaaz/decision_module/build/o3
[0.820s] Level 1:colcon.colcon_core.environment:checking '/home/arbaaz/decision_module/install/o3' for CMake config files
[0.821s] Level 1:colcon.colcon_core.shell:create_environment_hook('o3', 'cmake_prefix_path')
[0.821s] INFO:colcon.colcon_core.shell:Creating environment hook '/home/arbaaz/decision_module/install/o3/share/o3/hook/cmake_prefix_path.ps1'
[0.822s] INFO:colcon.colcon_core.shell:Creating environment descriptor '/home/arbaaz/decision_module/install/o3/share/o3/hook/cmake_prefix_path.dsv'
[0.822s] INFO:colcon.colcon_core.shell:Creating environment hook '/home/arbaaz/decision_module/install/o3/share/o3/hook/cmake_prefix_path.sh'
[0.823s] Level 1:colcon.colcon_core.environment:checking '/home/arbaaz/decision_module/install/o3/lib'
[0.823s] Level 1:colcon.colcon_core.environment:checking '/home/arbaaz/decision_module/install/o3/bin'
[0.823s] Level 1:colcon.colcon_core.environment:checking '/home/arbaaz/decision_module/install/o3/lib/pkgconfig/o3.pc'
[0.823s] Level 1:colcon.colcon_core.environment:checking '/home/arbaaz/decision_module/install/o3/lib/python3.10/site-packages'
[0.823s] Level 1:colcon.colcon_core.environment:checking '/home/arbaaz/decision_module/install/o3/bin'
[0.823s] INFO:colcon.colcon_core.shell:Creating package script '/home/arbaaz/decision_module/install/o3/share/o3/package.ps1'
[0.824s] INFO:colcon.colcon_core.shell:Creating package descriptor '/home/arbaaz/decision_module/install/o3/share/o3/package.dsv'
[0.824s] INFO:colcon.colcon_core.shell:Creating package script '/home/arbaaz/decision_module/install/o3/share/o3/package.sh'
[0.825s] INFO:colcon.colcon_core.shell:Creating package script '/home/arbaaz/decision_module/install/o3/share/o3/package.bash'
[0.825s] INFO:colcon.colcon_core.shell:Creating package script '/home/arbaaz/decision_module/install/o3/share/o3/package.zsh'
[0.825s] Level 1:colcon.colcon_core.environment:create_file_with_runtime_dependencies(/home/arbaaz/decision_module/install/o3/share/colcon-core/packages/o3)
[0.826s] Level 1:colcon.colcon_core.environment:create_environment_scripts_only(o3)
[0.826s] Level 1:colcon.colcon_core.environment:checking '/home/arbaaz/decision_module/install/o3' for CMake module files
[0.826s] Level 1:colcon.colcon_core.environment:checking '/home/arbaaz/decision_module/install/o3' for CMake config files
[0.827s] Level 1:colcon.colcon_core.shell:create_environment_hook('o3', 'cmake_prefix_path')
[0.827s] INFO:colcon.colcon_core.shell:Creating environment hook '/home/arbaaz/decision_module/install/o3/share/o3/hook/cmake_prefix_path.ps1'
[0.827s] INFO:colcon.colcon_core.shell:Creating environment descriptor '/home/arbaaz/decision_module/install/o3/share/o3/hook/cmake_prefix_path.dsv'
[0.827s] INFO:colcon.colcon_core.shell:Creating environment hook '/home/arbaaz/decision_module/install/o3/share/o3/hook/cmake_prefix_path.sh'
[0.828s] Level 1:colcon.colcon_core.environment:checking '/home/arbaaz/decision_module/install/o3/lib'
[0.828s] Level 1:colcon.colcon_core.environment:checking '/home/arbaaz/decision_module/install/o3/bin'
[0.828s] Level 1:colcon.colcon_core.environment:checking '/home/arbaaz/decision_module/install/o3/lib/pkgconfig/o3.pc'
[0.828s] Level 1:colcon.colcon_core.environment:checking '/home/arbaaz/decision_module/install/o3/lib/python3.10/site-packages'
[0.828s] Level 1:colcon.colcon_core.environment:checking '/home/arbaaz/decision_module/install/o3/bin'
[0.829s] INFO:colcon.colcon_core.shell:Creating package script '/home/arbaaz/decision_module/install/o3/share/o3/package.ps1'
[0.829s] INFO:colcon.colcon_core.shell:Creating package descriptor '/home/arbaaz/decision_module/install/o3/share/o3/package.dsv'
[0.830s] INFO:colcon.colcon_core.shell:Creating package script '/home/arbaaz/decision_module/install/o3/share/o3/package.sh'
[0.830s] INFO:colcon.colcon_core.shell:Creating package script '/home/arbaaz/decision_module/install/o3/share/o3/package.bash'
[0.830s] INFO:colcon.colcon_core.shell:Creating package script '/home/arbaaz/decision_module/install/o3/share/o3/package.zsh'
[0.831s] Level 1:colcon.colcon_core.environment:create_file_with_runtime_dependencies(/home/arbaaz/decision_module/install/o3/share/colcon-core/packages/o3)
[0.831s] DEBUG:colcon.colcon_core.executor.sequential:run_until_complete 'o3' finished with '0'
[0.831s] DEBUG:colcon.colcon_core.executor.sequential:run_until_complete 'o4'
[0.831s] INFO:colcon.colcon_ros.task.ament_cmake.build:Building ROS package in '/home/arbaaz/decision_module/src/o4' with build type 'ament_cmake'
[0.831s] INFO:colcon.colcon_cmake.task.cmake.build:Building CMake package in '/home/arbaaz/decision_module/src/o4'
[0.832s] INFO:colcon.colcon_core.shell:Skip shell extension 'powershell' for command environment: Not usable outside of PowerShell
[0.832s] DEBUG:colcon.colcon_core.shell:Skip shell extension 'dsv' for command environment
[0.844s] DEBUG:colcon.colcon_core.event_handler.log_command:Invoking command in '/home/arbaaz/decision_module/build/o4': CMAKE_PREFIX_PATH=${CMAKE_PREFIX_PATH}:/home/arbaaz/decision_module/install/simulation_pkg:/opt/ros/humble /usr/bin/cmake --build /home/arbaaz/decision_module/build/o4 -- -j12 -l12
[0.950s] DEBUG:colcon.colcon_core.event_handler.log_command:Invoked command in '/home/arbaaz/decision_module/build/o4' returned '0': CMAKE_PREFIX_PATH=${CMAKE_PREFIX_PATH}:/home/arbaaz/decision_module/install/simulation_pkg:/opt/ros/humble /usr/bin/cmake --build /home/arbaaz/decision_module/build/o4 -- -j12 -l12
[0.952s] DEBUG:colcon.colcon_core.event_handler.log_command:Invoking command in '/home/arbaaz/decision_module/build/o4': CMAKE_PREFIX_PATH=${CMAKE_PREFIX_PATH}:/home/arbaaz/decision_module/install/simulation_pkg:/opt/ros/humble /usr/bin/cmake --install /home/arbaaz/decision_module/build/o4
[0.965s] Level 1:colcon.colcon_core.environment:create_environment_scripts_only(o4)
[0.965s] DEBUG:colcon.colcon_core.event_handler.log_command:Invoked command in '/home/arbaaz/decision_module/build/o4' returned '0': CMAKE_PREFIX_PATH=${CMAKE_PREFIX_PATH}:/home/arbaaz/decision_module/install/simulation_pkg:/opt/ros/humble /usr/bin/cmake --install /home/arbaaz/decision_module/build/o4
[0.966s] Level 1:colcon.colcon_core.environment:checking '/home/arbaaz/decision_module/install/o4' for CMake module files
[0.966s] Level 1:colcon.colcon_core.environment:checking '/home/arbaaz/decision_module/install/o4' for CMake config files
[0.966s] Level 1:colcon.colcon_core.shell:create_environment_hook('o4', 'cmake_prefix_path')
[0.966s] INFO:colcon.colcon_core.shell:Creating environment hook '/home/arbaaz/decision_module/install/o4/share/o4/hook/cmake_prefix_path.ps1'
[0.967s] INFO:colcon.colcon_core.shell:Creating environment descriptor '/home/arbaaz/decision_module/install/o4/share/o4/hook/cmake_prefix_path.dsv'
[0.967s] INFO:colcon.colcon_core.shell:Creating environment hook '/home/arbaaz/decision_module/install/o4/share/o4/hook/cmake_prefix_path.sh'
[0.968s] Level 1:colcon.colcon_core.environment:checking '/home/arbaaz/decision_module/install/o4/lib'
[0.968s] Level 1:colcon.colcon_core.environment:checking '/home/arbaaz/decision_module/install/o4/bin'
[0.968s] Level 1:colcon.colcon_core.environment:checking '/home/arbaaz/decision_module/install/o4/lib/pkgconfig/o4.pc'
[0.968s] Level 1:colcon.colcon_core.environment:checking '/home/arbaaz/decision_module/install/o4/lib/python3.10/site-packages'
[0.968s] Level 1:colcon.colcon_core.environment:checking '/home/arbaaz/decision_module/install/o4/bin'
[0.969s] INFO:colcon.colcon_core.shell:Creating package script '/home/arbaaz/decision_module/install/o4/share/o4/package.ps1'
[0.969s] INFO:colcon.colcon_core.shell:Creating package descriptor '/home/arbaaz/decision_module/install/o4/share/o4/package.dsv'
[0.969s] INFO:colcon.colcon_core.shell:Creating package script '/home/arbaaz/decision_module/install/o4/share/o4/package.sh'
[0.970s] INFO:colcon.colcon_core.shell:Creating package script '/home/arbaaz/decision_module/install/o4/share/o4/package.bash'
[0.970s] INFO:colcon.colcon_core.shell:Creating package script '/home/arbaaz/decision_module/install/o4/share/o4/package.zsh'
[0.970s] Level 1:colcon.colcon_core.environment:create_file_with_runtime_dependencies(/home/arbaaz/decision_module/install/o4/share/colcon-core/packages/o4)
[0.971s] Level 1:colcon.colcon_core.environment:create_environment_scripts_only(o4)
[0.971s] Level 1:colcon.colcon_core.environment:checking '/home/arbaaz/decision_module/install/o4' for CMake module files
[0.971s] Level 1:colcon.colcon_core.environment:checking '/home/arbaaz/decision_module/install/o4' for CMake config files
[0.972s] Level 1:colcon.colcon_core.shell:create_environment_hook('o4', 'cmake_prefix_path')
[0.972s] INFO:colcon.colcon_core.shell:Creating environment hook '/home/arbaaz/decision_module/install/o4/share/o4/hook/cmake_prefix_path.ps1'
[0.972s] INFO:colcon.colcon_core.shell:Creating environment descriptor '/home/arbaaz/decision_module/install/o4/share/o4/hook/cmake_prefix_path.dsv'
[0.973s] INFO:colcon.colcon_core.shell:Creating environment hook '/home/arbaaz/decision_module/install/o4/share/o4/hook/cmake_prefix_path.sh'
[0.973s] Level 1:colcon.colcon_core.environment:checking '/home/arbaaz/decision_module/install/o4/lib'
[0.973s] Level 1:colcon.colcon_core.environment:checking '/home/arbaaz/decision_module/install/o4/bin'
[0.973s] Level 1:colcon.colcon_core.environment:checking '/home/arbaaz/decision_module/install/o4/lib/pkgconfig/o4.pc'
[0.973s] Level 1:colcon.colcon_core.environment:checking '/home/arbaaz/decision_module/install/o4/lib/python3.10/site-packages'
[0.973s] Level 1:colcon.colcon_core.environment:checking '/home/arbaaz/decision_module/install/o4/bin'
[0.974s] INFO:colcon.colcon_core.shell:Creating package script '/home/arbaaz/decision_module/install/o4/share/o4/package.ps1'
[0.974s] INFO:colcon.colcon_core.shell:Creating package descriptor '/home/arbaaz/decision_module/install/o4/share/o4/package.dsv'
[0.975s] INFO:colcon.colcon_core.shell:Creating package script '/home/arbaaz/decision_module/install/o4/share/o4/package.sh'
[0.975s] INFO:colcon.colcon_core.shell:Creating package script '/home/arbaaz/decision_module/install/o4/share/o4/package.bash'
[0.975s] INFO:colcon.colcon_core.shell:Creating package script '/home/arbaaz/decision_module/install/o4/share/o4/package.zsh'
[0.976s] Level 1:colcon.colcon_core.environment:create_file_with_runtime_dependencies(/home/arbaaz/decision_module/install/o4/share/colcon-core/packages/o4)
[0.976s] DEBUG:colcon.colcon_core.executor.sequential:run_until_complete 'o4' finished with '0'
[0.976s] DEBUG:colcon.colcon_core.executor.sequential:run_until_complete 'o5'
[0.976s] INFO:colcon.colcon_ros.task.ament_cmake.build:Building ROS package in '/home/arbaaz/decision_module/src/o5' with build type 'ament_cmake'
[0.976s] INFO:colcon.colcon_cmake.task.cmake.build:Building CMake package in '/home/arbaaz/decision_module/src/o5'
[0.977s] INFO:colcon.colcon_core.shell:Skip shell extension 'powershell' for command environment: Not usable outside of PowerShell
[0.977s] DEBUG:colcon.colcon_core.shell:Skip shell extension 'dsv' for command environment
[0.990s] DEBUG:colcon.colcon_core.event_handler.log_command:Invoking command in '/home/arbaaz/decision_module/build/o5': CMAKE_PREFIX_PATH=${CMAKE_PREFIX_PATH}:/home/arbaaz/decision_module/install/simulation_pkg:/opt/ros/humble /usr/bin/cmake --build /home/arbaaz/decision_module/build/o5 -- -j12 -l12
[1.096s] DEBUG:colcon.colcon_core.event_handler.log_command:Invoked command in '/home/arbaaz/decision_module/build/o5' returned '0': CMAKE_PREFIX_PATH=${CMAKE_PREFIX_PATH}:/home/arbaaz/decision_module/install/simulation_pkg:/opt/ros/humble /usr/bin/cmake --build /home/arbaaz/decision_module/build/o5 -- -j12 -l12
[1.098s] DEBUG:colcon.colcon_core.event_handler.log_command:Invoking command in '/home/arbaaz/decision_module/build/o5': CMAKE_PREFIX_PATH=${CMAKE_PREFIX_PATH}:/home/arbaaz/decision_module/install/simulation_pkg:/opt/ros/humble /usr/bin/cmake --install /home/arbaaz/decision_module/build/o5
[1.113s] Level 1:colcon.colcon_core.environment:create_environment_scripts_only(o5)
[1.114s] Level 1:colcon.colcon_core.environment:checking '/home/arbaaz/decision_module/install/o5' for CMake module files
[1.114s] DEBUG:colcon.colcon_core.event_handler.log_command:Invoked command in '/home/arbaaz/decision_module/build/o5' returned '0': CMAKE_PREFIX_PATH=${CMAKE_PREFIX_PATH}:/home/arbaaz/decision_module/install/simulation_pkg:/opt/ros/humble /usr/bin/cmake --install /home/arbaaz/decision_module/build/o5
[1.115s] Level 1:colcon.colcon_core.environment:checking '/home/arbaaz/decision_module/install/o5' for CMake config files
[1.115s] Level 1:colcon.colcon_core.shell:create_environment_hook('o5', 'cmake_prefix_path')
[1.115s] INFO:colcon.colcon_core.shell:Creating environment hook '/home/arbaaz/decision_module/install/o5/share/o5/hook/cmake_prefix_path.ps1'
[1.116s] INFO:colcon.colcon_core.shell:Creating environment descriptor '/home/arbaaz/decision_module/install/o5/share/o5/hook/cmake_prefix_path.dsv'
[1.116s] INFO:colcon.colcon_core.shell:Creating environment hook '/home/arbaaz/decision_module/install/o5/share/o5/hook/cmake_prefix_path.sh'
[1.117s] Level 1:colcon.colcon_core.environment:checking '/home/arbaaz/decision_module/install/o5/lib'
[1.117s] Level 1:colcon.colcon_core.environment:checking '/home/arbaaz/decision_module/install/o5/bin'
[1.117s] Level 1:colcon.colcon_core.environment:checking '/home/arbaaz/decision_module/install/o5/lib/pkgconfig/o5.pc'
[1.117s] Level 1:colcon.colcon_core.environment:checking '/home/arbaaz/decision_module/install/o5/lib/python3.10/site-packages'
[1.117s] Level 1:colcon.colcon_core.environment:checking '/home/arbaaz/decision_module/install/o5/bin'
[1.118s] INFO:colcon.colcon_core.shell:Creating package script '/home/arbaaz/decision_module/install/o5/share/o5/package.ps1'
[1.118s] INFO:colcon.colcon_core.shell:Creating package descriptor '/home/arbaaz/decision_module/install/o5/share/o5/package.dsv'
[1.118s] INFO:colcon.colcon_core.shell:Creating package script '/home/arbaaz/decision_module/install/o5/share/o5/package.sh'
[1.119s] INFO:colcon.colcon_core.shell:Creating package script '/home/arbaaz/decision_module/install/o5/share/o5/package.bash'
[1.119s] INFO:colcon.colcon_core.shell:Creating package script '/home/arbaaz/decision_module/install/o5/share/o5/package.zsh'
[1.119s] Level 1:colcon.colcon_core.environment:create_file_with_runtime_dependencies(/home/arbaaz/decision_module/install/o5/share/colcon-core/packages/o5)
[1.120s] Level 1:colcon.colcon_core.environment:create_environment_scripts_only(o5)
[1.120s] Level 1:colcon.colcon_core.environment:checking '/home/arbaaz/decision_module/install/o5' for CMake module files
[1.121s] Level 1:colcon.colcon_core.environment:checking '/home/arbaaz/decision_module/install/o5' for CMake config files
[1.121s] Level 1:colcon.colcon_core.shell:create_environment_hook('o5', 'cmake_prefix_path')
[1.121s] INFO:colcon.colcon_core.shell:Creating environment hook '/home/arbaaz/decision_module/install/o5/share/o5/hook/cmake_prefix_path.ps1'
[1.122s] INFO:colcon.colcon_core.shell:Creating environment descriptor '/home/arbaaz/decision_module/install/o5/share/o5/hook/cmake_prefix_path.dsv'
[1.122s] INFO:colcon.colcon_core.shell:Creating environment hook '/home/arbaaz/decision_module/install/o5/share/o5/hook/cmake_prefix_path.sh'
[1.123s] Level 1:colcon.colcon_core.environment:checking '/home/arbaaz/decision_module/install/o5/lib'
[1.123s] Level 1:colcon.colcon_core.environment:checking '/home/arbaaz/decision_module/install/o5/bin'
[1.123s] Level 1:colcon.colcon_core.environment:checking '/home/arbaaz/decision_module/install/o5/lib/pkgconfig/o5.pc'
[1.123s] Level 1:colcon.colcon_core.environment:checking '/home/arbaaz/decision_module/install/o5/lib/python3.10/site-packages'
[1.123s] Level 1:colcon.colcon_core.environment:checking '/home/arbaaz/decision_module/install/o5/bin'
[1.124s] INFO:colcon.colcon_core.shell:Creating package script '/home/arbaaz/decision_module/install/o5/share/o5/package.ps1'
[1.124s] INFO:colcon.colcon_core.shell:Creating package descriptor '/home/arbaaz/decision_module/install/o5/share/o5/package.dsv'
[1.124s] INFO:colcon.colcon_core.shell:Creating package script '/home/arbaaz/decision_module/install/o5/share/o5/package.sh'
[1.125s] INFO:colcon.colcon_core.shell:Creating package script '/home/arbaaz/decision_module/install/o5/share/o5/package.bash'
[1.125s] INFO:colcon.colcon_core.shell:Creating package script '/home/arbaaz/decision_module/install/o5/share/o5/package.zsh'
[1.126s] Level 1:colcon.colcon_core.environment:create_file_with_runtime_dependencies(/home/arbaaz/decision_module/install/o5/share/colcon-core/packages/o5)
[1.126s] DEBUG:colcon.colcon_core.executor.sequential:run_until_complete 'o5' finished with '0'
[1.126s] DEBUG:colcon.colcon_core.executor.sequential:run_until_complete 'simulation_pkg'
[1.126s] INFO:colcon.colcon_ros.task.ament_python.build:Building ROS package in '/home/arbaaz/decision_module/src/simulation_pkg' with build type 'ament_python'
[1.127s] Level 1:colcon.colcon_core.shell:create_environment_hook('simulation_pkg', 'ament_prefix_path')
[1.127s] INFO:colcon.colcon_core.shell:Creating environment hook '/home/arbaaz/decision_module/install/simulation_pkg/share/simulation_pkg/hook/ament_prefix_path.ps1'
[1.127s] INFO:colcon.colcon_core.shell:Creating environment descriptor '/home/arbaaz/decision_module/install/simulation_pkg/share/simulation_pkg/hook/ament_prefix_path.dsv'
[1.128s] INFO:colcon.colcon_core.shell:Creating environment hook '/home/arbaaz/decision_module/install/simulation_pkg/share/simulation_pkg/hook/ament_prefix_path.sh'
[1.129s] INFO:colcon.colcon_core.shell:Skip shell extension 'powershell' for command environment: Not usable outside of PowerShell
[1.129s] DEBUG:colcon.colcon_core.shell:Skip shell extension 'dsv' for command environment
[1.420s] INFO:colcon.colcon_core.task.python.build:Building Python package in '/home/arbaaz/decision_module/src/simulation_pkg'
[1.421s] INFO:colcon.colcon_core.shell:Skip shell extension 'powershell' for command environment: Not usable outside of PowerShell
[1.421s] DEBUG:colcon.colcon_core.shell:Skip shell extension 'dsv' for command environment
[1.813s] DEBUG:colcon.colcon_core.event_handler.log_command:Invoking command in '/home/arbaaz/decision_module/src/simulation_pkg': PYTHONPATH=/home/arbaaz/decision_module/build/simulation_pkg/prefix_override:/usr/lib/python3/dist-packages/colcon_core/task/python/colcon_distutils_commands:/home/arbaaz/decision_module/install/simulation_pkg/lib/python3.10/site-packages:${PYTHONPATH} /usr/bin/python3 -W ignore:setup.py install is deprecated -W ignore:easy_install command is deprecated setup.py egg_info --egg-base ../../build/simulation_pkg build --build-base /home/arbaaz/decision_module/build/simulation_pkg/build install --record /home/arbaaz/decision_module/build/simulation_pkg/install.log --single-version-externally-managed install_data
[2.123s] Level 1:colcon.colcon_core.environment:checking '/home/arbaaz/decision_module/install/simulation_pkg' for CMake module files
[2.124s] DEBUG:colcon.colcon_core.event_handler.log_command:Invoked command in '/home/arbaaz/decision_module/src/simulation_pkg' returned '0': PYTHONPATH=/home/arbaaz/decision_module/build/simulation_pkg/prefix_override:/usr/lib/python3/dist-packages/colcon_core/task/python/colcon_distutils_commands:/home/arbaaz/decision_module/install/simulation_pkg/lib/python3.10/site-packages:${PYTHONPATH} /usr/bin/python3 -W ignore:setup.py install is deprecated -W ignore:easy_install command is deprecated setup.py egg_info --egg-base ../../build/simulation_pkg build --build-base /home/arbaaz/decision_module/build/simulation_pkg/build install --record /home/arbaaz/decision_module/build/simulation_pkg/install.log --single-version-externally-managed install_data
[2.124s] Level 1:colcon.colcon_core.environment:checking '/home/arbaaz/decision_module/install/simulation_pkg' for CMake config files
[2.125s] Level 1:colcon.colcon_core.environment:checking '/home/arbaaz/decision_module/install/simulation_pkg/lib'
[2.125s] Level 1:colcon.colcon_core.environment:checking '/home/arbaaz/decision_module/install/simulation_pkg/bin'
[2.125s] Level 1:colcon.colcon_core.environment:checking '/home/arbaaz/decision_module/install/simulation_pkg/lib/pkgconfig/simulation_pkg.pc'
[2.125s] Level 1:colcon.colcon_core.environment:checking '/home/arbaaz/decision_module/install/simulation_pkg/lib/python3.10/site-packages'
[2.125s] Level 1:colcon.colcon_core.shell:create_environment_hook('simulation_pkg', 'pythonpath')
[2.125s] INFO:colcon.colcon_core.shell:Creating environment hook '/home/arbaaz/decision_module/install/simulation_pkg/share/simulation_pkg/hook/pythonpath.ps1'
[2.126s] INFO:colcon.colcon_core.shell:Creating environment descriptor '/home/arbaaz/decision_module/install/simulation_pkg/share/simulation_pkg/hook/pythonpath.dsv'
[2.126s] INFO:colcon.colcon_core.shell:Creating environment hook '/home/arbaaz/decision_module/install/simulation_pkg/share/simulation_pkg/hook/pythonpath.sh'
[2.127s] Level 1:colcon.colcon_core.environment:checking '/home/arbaaz/decision_module/install/simulation_pkg/bin'
[2.127s] Level 1:colcon.colcon_core.environment:create_environment_scripts_only(simulation_pkg)
[2.127s] INFO:colcon.colcon_core.shell:Creating package script '/home/arbaaz/decision_module/install/simulation_pkg/share/simulation_pkg/package.ps1'
[2.127s] INFO:colcon.colcon_core.shell:Creating package descriptor '/home/arbaaz/decision_module/install/simulation_pkg/share/simulation_pkg/package.dsv'
[2.128s] INFO:colcon.colcon_core.shell:Creating package script '/home/arbaaz/decision_module/install/simulation_pkg/share/simulation_pkg/package.sh'
[2.128s] INFO:colcon.colcon_core.shell:Creating package script '/home/arbaaz/decision_module/install/simulation_pkg/share/simulation_pkg/package.bash'
[2.129s] INFO:colcon.colcon_core.shell:Creating package script '/home/arbaaz/decision_module/install/simulation_pkg/share/simulation_pkg/package.zsh'
[2.129s] Level 1:colcon.colcon_core.environment:create_file_with_runtime_dependencies(/home/arbaaz/decision_module/install/simulation_pkg/share/colcon-core/packages/simulation_pkg)
[2.129s] DEBUG:colcon.colcon_core.executor.sequential:run_until_complete 'simulation_pkg' finished with '0'
[2.129s] DEBUG:colcon.colcon_core.executor.sequential:closing loop
[2.130s] DEBUG:colcon.colcon_core.executor.sequential:loop closed
[2.130s] DEBUG:colcon.colcon_core.event_reactor:joining thread
[2.136s] INFO:colcon.colcon_core.plugin_system:Skipping extension 'colcon_notification.desktop_notification.terminal_notifier': Not used on non-Darwin systems
[2.136s] INFO:colcon.colcon_core.plugin_system:Skipping extension 'colcon_notification.desktop_notification.win32': Not used on non-Windows systems
[2.136s] INFO:colcon.colcon_notification.desktop_notification:Sending desktop notification using 'notify2'
[2.157s] DEBUG:colcon.colcon_core.event_reactor:joined thread
[2.157s] INFO:colcon.colcon_core.shell:Creating prefix script '/home/arbaaz/decision_module/install/local_setup.ps1'
[2.160s] INFO:colcon.colcon_core.shell:Creating prefix util module '/home/arbaaz/decision_module/install/_local_setup_util_ps1.py'
[2.162s] INFO:colcon.colcon_core.shell:Creating prefix chain script '/home/arbaaz/decision_module/install/setup.ps1'
[2.163s] INFO:colcon.colcon_core.shell:Creating prefix script '/home/arbaaz/decision_module/install/local_setup.sh'
[2.163s] INFO:colcon.colcon_core.shell:Creating prefix util module '/home/arbaaz/decision_module/install/_local_setup_util_sh.py'
[2.164s] INFO:colcon.colcon_core.shell:Creating prefix chain script '/home/arbaaz/decision_module/install/setup.sh'
[2.165s] INFO:colcon.colcon_core.shell:Creating prefix script '/home/arbaaz/decision_module/install/local_setup.bash'
[2.165s] INFO:colcon.colcon_core.shell:Creating prefix chain script '/home/arbaaz/decision_module/install/setup.bash'
[2.166s] INFO:colcon.colcon_core.shell:Creating prefix script '/home/arbaaz/decision_module/install/local_setup.zsh'
[2.166s] INFO:colcon.colcon_core.shell:Creating prefix chain script '/home/arbaaz/decision_module/install/setup.zsh'
