[ 20%] [32mBuilding CXX object CMakeFiles/controller5.dir/src/controller5.cpp.o[0m
[ 80%] Built target main5
[100%] [32m[1mLinking CXX executable controller5[0m
[100%] Built target controller5
-- Install configuration: ""
-- Up-to-date: /home/arbaaz/decision_module/install/o5/lib/o5/main5
-- Installing: /home/arbaaz/decision_module/install/o5/lib/o5/controller5
-- Set runtime path of "/home/arbaaz/decision_module/install/o5/lib/o5/controller5" to ""
-- Up-to-date: /home/arbaaz/decision_module/install/o5/share/ament_index/resource_index/package_run_dependencies/o5
-- Up-to-date: /home/arbaaz/decision_module/install/o5/share/ament_index/resource_index/parent_prefix_path/o5
-- Up-to-date: /home/arbaaz/decision_module/install/o5/share/o5/environment/ament_prefix_path.sh
-- Up-to-date: /home/arbaaz/decision_module/install/o5/share/o5/environment/ament_prefix_path.dsv
-- Up-to-date: /home/arbaaz/decision_module/install/o5/share/o5/environment/path.sh
-- Up-to-date: /home/arbaaz/decision_module/install/o5/share/o5/environment/path.dsv
-- Up-to-date: /home/arbaaz/decision_module/install/o5/share/o5/local_setup.bash
-- Up-to-date: /home/arbaaz/decision_module/install/o5/share/o5/local_setup.sh
-- Up-to-date: /home/arbaaz/decision_module/install/o5/share/o5/local_setup.zsh
-- Up-to-date: /home/arbaaz/decision_module/install/o5/share/o5/local_setup.dsv
-- Installing: /home/arbaaz/decision_module/install/o5/share/o5/package.dsv
-- Up-to-date: /home/arbaaz/decision_module/install/o5/share/ament_index/resource_index/packages/o5
-- Up-to-date: /home/arbaaz/decision_module/install/o5/share/o5/cmake/o5Config.cmake
-- Up-to-date: /home/arbaaz/decision_module/install/o5/share/o5/cmake/o5Config-version.cmake
-- Up-to-date: /home/arbaaz/decision_module/install/o5/share/o5/package.xml
