[0.008s] Invoking command in '/home/arbaaz/decision_module/build/o3': CMAKE_PREFIX_PATH=${CMAKE_PREFIX_PATH}:/home/arbaaz/decision_module/install/simulation_pkg:/opt/ros/humble /usr/bin/cmake --build /home/arbaaz/decision_module/build/o3 -- -j12 -l12
[0.075s] [ 40%] Built target controller3
[0.083s] [100%] Built target main3
[0.096s] Invoked command in '/home/arbaaz/decision_module/build/o3' returned '0': CMAKE_PREFIX_PATH=${CMAKE_PREFIX_PATH}:/home/arbaaz/decision_module/install/simulation_pkg:/opt/ros/humble /usr/bin/cmake --build /home/arbaaz/decision_module/build/o3 -- -j12 -l12
[0.098s] Invoking command in '/home/arbaaz/decision_module/build/o3': CMAKE_PREFIX_PATH=${CMAKE_PREFIX_PATH}:/home/arbaaz/decision_module/install/simulation_pkg:/opt/ros/humble /usr/bin/cmake --install /home/arbaaz/decision_module/build/o3
[0.106s] -- Install configuration: ""
[0.107s] -- Up-to-date: /home/arbaaz/decision_module/install/o3/lib/o3/main3
[0.108s] -- Up-to-date: /home/arbaaz/decision_module/install/o3/lib/o3/controller3
[0.108s] -- Up-to-date: /home/arbaaz/decision_module/install/o3/share/ament_index/resource_index/package_run_dependencies/o3
[0.108s] -- Up-to-date: /home/arbaaz/decision_module/install/o3/share/ament_index/resource_index/parent_prefix_path/o3
[0.108s] -- Up-to-date: /home/arbaaz/decision_module/install/o3/share/o3/environment/ament_prefix_path.sh
[0.109s] -- Up-to-date: /home/arbaaz/decision_module/install/o3/share/o3/environment/ament_prefix_path.dsv
[0.109s] -- Up-to-date: /home/arbaaz/decision_module/install/o3/share/o3/environment/path.sh
[0.109s] -- Up-to-date: /home/arbaaz/decision_module/install/o3/share/o3/environment/path.dsv
[0.109s] -- Up-to-date: /home/arbaaz/decision_module/install/o3/share/o3/local_setup.bash
[0.109s] -- Up-to-date: /home/arbaaz/decision_module/install/o3/share/o3/local_setup.sh
[0.109s] -- Up-to-date: /home/arbaaz/decision_module/install/o3/share/o3/local_setup.zsh
[0.109s] -- Up-to-date: /home/arbaaz/decision_module/install/o3/share/o3/local_setup.dsv
[0.109s] -- Installing: /home/arbaaz/decision_module/install/o3/share/o3/package.dsv
[0.109s] -- Up-to-date: /home/arbaaz/decision_module/install/o3/share/ament_index/resource_index/packages/o3
[0.109s] -- Up-to-date: /home/arbaaz/decision_module/install/o3/share/o3/cmake/o3Config.cmake
[0.109s] -- Up-to-date: /home/arbaaz/decision_module/install/o3/share/o3/cmake/o3Config-version.cmake
[0.109s] -- Up-to-date: /home/arbaaz/decision_module/install/o3/share/o3/package.xml
[0.111s] Invoked command in '/home/arbaaz/decision_module/build/o3' returned '0': CMAKE_PREFIX_PATH=${CMAKE_PREFIX_PATH}:/home/arbaaz/decision_module/install/simulation_pkg:/opt/ros/humble /usr/bin/cmake --install /home/arbaaz/decision_module/build/o3
