[35m[1mConsolidate compiler generated dependencies of target main1[0m
[ 20%] [32mBuilding CXX object CMakeFiles/main1.dir/src/main1.cpp.o[0m
[ 40%] [32m[1mLinking CXX executable main1[0m
[ 60%] Built target main1
[ 80%] [32mBuilding CXX object CMakeFiles/controller1.dir/src/controller1.cpp.o[0m
[100%] [32m[1mLinking CXX executable controller1[0m
[100%] Built target controller1
-- Install configuration: ""
-- Installing: /home/arbaaz/decision_module/install/o1/lib/o1/main1
-- Set runtime path of "/home/arbaaz/decision_module/install/o1/lib/o1/main1" to ""
-- Installing: /home/arbaaz/decision_module/install/o1/lib/o1/controller1
-- Set runtime path of "/home/arbaaz/decision_module/install/o1/lib/o1/controller1" to ""
-- Up-to-date: /home/arbaaz/decision_module/install/o1/share/ament_index/resource_index/package_run_dependencies/o1
-- Up-to-date: /home/arbaaz/decision_module/install/o1/share/ament_index/resource_index/parent_prefix_path/o1
-- Up-to-date: /home/arbaaz/decision_module/install/o1/share/o1/environment/ament_prefix_path.sh
-- Up-to-date: /home/arbaaz/decision_module/install/o1/share/o1/environment/ament_prefix_path.dsv
-- Up-to-date: /home/arbaaz/decision_module/install/o1/share/o1/environment/path.sh
-- Up-to-date: /home/arbaaz/decision_module/install/o1/share/o1/environment/path.dsv
-- Up-to-date: /home/arbaaz/decision_module/install/o1/share/o1/local_setup.bash
-- Up-to-date: /home/arbaaz/decision_module/install/o1/share/o1/local_setup.sh
-- Up-to-date: /home/arbaaz/decision_module/install/o1/share/o1/local_setup.zsh
-- Up-to-date: /home/arbaaz/decision_module/install/o1/share/o1/local_setup.dsv
-- Installing: /home/arbaaz/decision_module/install/o1/share/o1/package.dsv
-- Up-to-date: /home/arbaaz/decision_module/install/o1/share/ament_index/resource_index/packages/o1
-- Up-to-date: /home/arbaaz/decision_module/install/o1/share/o1/cmake/o1Config.cmake
-- Up-to-date: /home/arbaaz/decision_module/install/o1/share/o1/cmake/o1Config-version.cmake
-- Up-to-date: /home/arbaaz/decision_module/install/o1/share/o1/package.xml
