[35m[1mConsolidate compiler generated dependencies of target controller5[0m
[35m[1mConsolidate compiler generated dependencies of target main5[0m
[ 40%] Built target controller5
[100%] Built target main5
-- Install configuration: ""
-- Up-to-date: /home/arbaaz/decision_module/install/o5/lib/o5/main5
-- Up-to-date: /home/arbaaz/decision_module/install/o5/lib/o5/controller5
-- Up-to-date: /home/arbaaz/decision_module/install/o5/share/ament_index/resource_index/package_run_dependencies/o5
-- Up-to-date: /home/arbaaz/decision_module/install/o5/share/ament_index/resource_index/parent_prefix_path/o5
-- Up-to-date: /home/arbaaz/decision_module/install/o5/share/o5/environment/ament_prefix_path.sh
-- Up-to-date: /home/arbaaz/decision_module/install/o5/share/o5/environment/ament_prefix_path.dsv
-- Up-to-date: /home/arbaaz/decision_module/install/o5/share/o5/environment/path.sh
-- Up-to-date: /home/arbaaz/decision_module/install/o5/share/o5/environment/path.dsv
-- Up-to-date: /home/arbaaz/decision_module/install/o5/share/o5/local_setup.bash
-- Up-to-date: /home/arbaaz/decision_module/install/o5/share/o5/local_setup.sh
-- Up-to-date: /home/arbaaz/decision_module/install/o5/share/o5/local_setup.zsh
-- Up-to-date: /home/arbaaz/decision_module/install/o5/share/o5/local_setup.dsv
-- Installing: /home/arbaaz/decision_module/install/o5/share/o5/package.dsv
-- Up-to-date: /home/arbaaz/decision_module/install/o5/share/ament_index/resource_index/packages/o5
-- Up-to-date: /home/arbaaz/decision_module/install/o5/share/o5/cmake/o5Config.cmake
-- Up-to-date: /home/arbaaz/decision_module/install/o5/share/o5/cmake/o5Config-version.cmake
-- Up-to-date: /home/arbaaz/decision_module/install/o5/share/o5/package.xml
