[0.277s] DEBUG:colcon:Command line arguments: ['/usr/bin/colcon', 'build', '--executor', 'sequential']
[0.278s] DEBUG:colcon:Parsed command line arguments: Namespace(log_base=None, log_level=None, verb_name='build', build_base='build', install_base='install', merge_install=False, symlink_install=False, test_result_base=None, continue_on_error=False, executor='sequential', parallel_workers=12, event_handlers=None, ignore_user_meta=False, metas=['./colcon.meta'], base_paths=['.'], packages_ignore=None, packages_ignore_regex=None, paths=None, packages_up_to=None, packages_up_to_regex=None, packages_above=None, packages_above_and_dependencies=None, packages_above_depth=None, packages_select_by_dep=None, packages_skip_by_dep=None, packages_skip_up_to=None, packages_select_build_failed=False, packages_skip_build_finished=False, packages_select_test_failures=False, packages_skip_test_passed=False, packages_select=None, packages_skip=None, packages_select_regex=None, packages_skip_regex=None, packages_start=None, packages_end=None, allow_overriding=[], cmake_args=None, cmake_target=None, cmake_target_skip_unavailable=False, cmake_clean_cache=False, cmake_clean_first=False, cmake_force_configure=False, ament_cmake_args=None, catkin_cmake_args=None, catkin_skip_building_tests=False, mixin_files=None, mixin=None, verb_parser=<colcon_mixin.mixin.mixin_argument.MixinArgumentDecorator object at 0x725315e76860>, verb_extension=<colcon_core.verb.build.BuildVerb object at 0x725315e763b0>, main=<bound method BuildVerb.main of <colcon_core.verb.build.BuildVerb object at 0x725315e763b0>>, mixin_verb=('build',))
[0.527s] Level 1:colcon.colcon_core.package_discovery:discover_packages(colcon_meta) check parameters
[0.527s] Level 1:colcon.colcon_core.package_discovery:discover_packages(recursive) check parameters
[0.527s] Level 1:colcon.colcon_core.package_discovery:discover_packages(ignore) check parameters
[0.527s] Level 1:colcon.colcon_core.package_discovery:discover_packages(path) check parameters
[0.527s] Level 1:colcon.colcon_core.package_discovery:discover_packages(colcon_meta) discover
[0.527s] Level 1:colcon.colcon_core.package_discovery:discover_packages(recursive) discover
[0.527s] INFO:colcon.colcon_core.package_discovery:Crawling recursively for packages in '/home/arbaaz/decision_module'
[0.527s] Level 1:colcon.colcon_core.package_identification:_identify(.) by extensions ['ignore', 'ignore_ament_install']
[0.527s] Level 1:colcon.colcon_core.package_identification:_identify(.) by extension 'ignore'
[0.528s] Level 1:colcon.colcon_core.package_identification:_identify(.) by extension 'ignore_ament_install'
[0.528s] Level 1:colcon.colcon_core.package_identification:_identify(.) by extensions ['colcon_pkg']
[0.528s] Level 1:colcon.colcon_core.package_identification:_identify(.) by extension 'colcon_pkg'
[0.528s] Level 1:colcon.colcon_core.package_identification:_identify(.) by extensions ['colcon_meta']
[0.528s] Level 1:colcon.colcon_core.package_identification:_identify(.) by extension 'colcon_meta'
[0.528s] Level 1:colcon.colcon_core.package_identification:_identify(.) by extensions ['ros']
[0.528s] Level 1:colcon.colcon_core.package_identification:_identify(.) by extension 'ros'
[0.540s] Level 1:colcon.colcon_core.package_identification:_identify(.) by extensions ['cmake', 'python']
[0.541s] Level 1:colcon.colcon_core.package_identification:_identify(.) by extension 'cmake'
[0.541s] Level 1:colcon.colcon_core.package_identification:_identify(.) by extension 'python'
[0.541s] Level 1:colcon.colcon_core.package_identification:_identify(.) by extensions ['python_setup_py']
[0.541s] Level 1:colcon.colcon_core.package_identification:_identify(.) by extension 'python_setup_py'
[0.541s] Level 1:colcon.colcon_core.package_identification:_identify(build) by extensions ['ignore', 'ignore_ament_install']
[0.541s] Level 1:colcon.colcon_core.package_identification:_identify(build) by extension 'ignore'
[0.541s] Level 1:colcon.colcon_core.package_identification:_identify(build) ignored
[0.541s] Level 1:colcon.colcon_core.package_identification:_identify(install) by extensions ['ignore', 'ignore_ament_install']
[0.541s] Level 1:colcon.colcon_core.package_identification:_identify(install) by extension 'ignore'
[0.541s] Level 1:colcon.colcon_core.package_identification:_identify(install) ignored
[0.541s] Level 1:colcon.colcon_core.package_identification:_identify(log) by extensions ['ignore', 'ignore_ament_install']
[0.541s] Level 1:colcon.colcon_core.package_identification:_identify(log) by extension 'ignore'
[0.541s] Level 1:colcon.colcon_core.package_identification:_identify(log) ignored
[0.541s] Level 1:colcon.colcon_core.package_identification:_identify(src) by extensions ['ignore', 'ignore_ament_install']
[0.541s] Level 1:colcon.colcon_core.package_identification:_identify(src) by extension 'ignore'
[0.542s] Level 1:colcon.colcon_core.package_identification:_identify(src) by extension 'ignore_ament_install'
[0.542s] Level 1:colcon.colcon_core.package_identification:_identify(src) by extensions ['colcon_pkg']
[0.542s] Level 1:colcon.colcon_core.package_identification:_identify(src) by extension 'colcon_pkg'
[0.542s] Level 1:colcon.colcon_core.package_identification:_identify(src) by extensions ['colcon_meta']
[0.542s] Level 1:colcon.colcon_core.package_identification:_identify(src) by extension 'colcon_meta'
[0.542s] Level 1:colcon.colcon_core.package_identification:_identify(src) by extensions ['ros']
[0.542s] Level 1:colcon.colcon_core.package_identification:_identify(src) by extension 'ros'
[0.542s] Level 1:colcon.colcon_core.package_identification:_identify(src) by extensions ['cmake', 'python']
[0.542s] Level 1:colcon.colcon_core.package_identification:_identify(src) by extension 'cmake'
[0.542s] Level 1:colcon.colcon_core.package_identification:_identify(src) by extension 'python'
[0.542s] Level 1:colcon.colcon_core.package_identification:_identify(src) by extensions ['python_setup_py']
[0.542s] Level 1:colcon.colcon_core.package_identification:_identify(src) by extension 'python_setup_py'
[0.542s] Level 1:colcon.colcon_core.package_identification:_identify(src/o1) by extensions ['ignore', 'ignore_ament_install']
[0.542s] Level 1:colcon.colcon_core.package_identification:_identify(src/o1) by extension 'ignore'
[0.542s] Level 1:colcon.colcon_core.package_identification:_identify(src/o1) by extension 'ignore_ament_install'
[0.542s] Level 1:colcon.colcon_core.package_identification:_identify(src/o1) by extensions ['colcon_pkg']
[0.542s] Level 1:colcon.colcon_core.package_identification:_identify(src/o1) by extension 'colcon_pkg'
[0.542s] Level 1:colcon.colcon_core.package_identification:_identify(src/o1) by extensions ['colcon_meta']
[0.542s] Level 1:colcon.colcon_core.package_identification:_identify(src/o1) by extension 'colcon_meta'
[0.542s] Level 1:colcon.colcon_core.package_identification:_identify(src/o1) by extensions ['ros']
[0.542s] Level 1:colcon.colcon_core.package_identification:_identify(src/o1) by extension 'ros'
[0.546s] DEBUG:colcon.colcon_core.package_identification:Package 'src/o1' with type 'ros.ament_cmake' and name 'o1'
[0.546s] Level 1:colcon.colcon_core.package_identification:_identify(src/o2) by extensions ['ignore', 'ignore_ament_install']
[0.546s] Level 1:colcon.colcon_core.package_identification:_identify(src/o2) by extension 'ignore'
[0.546s] Level 1:colcon.colcon_core.package_identification:_identify(src/o2) by extension 'ignore_ament_install'
[0.546s] Level 1:colcon.colcon_core.package_identification:_identify(src/o2) by extensions ['colcon_pkg']
[0.546s] Level 1:colcon.colcon_core.package_identification:_identify(src/o2) by extension 'colcon_pkg'
[0.547s] Level 1:colcon.colcon_core.package_identification:_identify(src/o2) by extensions ['colcon_meta']
[0.547s] Level 1:colcon.colcon_core.package_identification:_identify(src/o2) by extension 'colcon_meta'
[0.547s] Level 1:colcon.colcon_core.package_identification:_identify(src/o2) by extensions ['ros']
[0.547s] Level 1:colcon.colcon_core.package_identification:_identify(src/o2) by extension 'ros'
[0.547s] DEBUG:colcon.colcon_core.package_identification:Package 'src/o2' with type 'ros.ament_cmake' and name 'o2'
[0.548s] Level 1:colcon.colcon_core.package_identification:_identify(src/o3) by extensions ['ignore', 'ignore_ament_install']
[0.548s] Level 1:colcon.colcon_core.package_identification:_identify(src/o3) by extension 'ignore'
[0.548s] Level 1:colcon.colcon_core.package_identification:_identify(src/o3) by extension 'ignore_ament_install'
[0.548s] Level 1:colcon.colcon_core.package_identification:_identify(src/o3) by extensions ['colcon_pkg']
[0.548s] Level 1:colcon.colcon_core.package_identification:_identify(src/o3) by extension 'colcon_pkg'
[0.548s] Level 1:colcon.colcon_core.package_identification:_identify(src/o3) by extensions ['colcon_meta']
[0.548s] Level 1:colcon.colcon_core.package_identification:_identify(src/o3) by extension 'colcon_meta'
[0.548s] Level 1:colcon.colcon_core.package_identification:_identify(src/o3) by extensions ['ros']
[0.548s] Level 1:colcon.colcon_core.package_identification:_identify(src/o3) by extension 'ros'
[0.549s] DEBUG:colcon.colcon_core.package_identification:Package 'src/o3' with type 'ros.ament_cmake' and name 'o3'
[0.550s] Level 1:colcon.colcon_core.package_identification:_identify(src/o4) by extensions ['ignore', 'ignore_ament_install']
[0.550s] Level 1:colcon.colcon_core.package_identification:_identify(src/o4) by extension 'ignore'
[0.550s] Level 1:colcon.colcon_core.package_identification:_identify(src/o4) by extension 'ignore_ament_install'
[0.550s] Level 1:colcon.colcon_core.package_identification:_identify(src/o4) by extensions ['colcon_pkg']
[0.550s] Level 1:colcon.colcon_core.package_identification:_identify(src/o4) by extension 'colcon_pkg'
[0.550s] Level 1:colcon.colcon_core.package_identification:_identify(src/o4) by extensions ['colcon_meta']
[0.550s] Level 1:colcon.colcon_core.package_identification:_identify(src/o4) by extension 'colcon_meta'
[0.550s] Level 1:colcon.colcon_core.package_identification:_identify(src/o4) by extensions ['ros']
[0.550s] Level 1:colcon.colcon_core.package_identification:_identify(src/o4) by extension 'ros'
[0.552s] DEBUG:colcon.colcon_core.package_identification:Package 'src/o4' with type 'ros.ament_cmake' and name 'o4'
[0.552s] Level 1:colcon.colcon_core.package_identification:_identify(src/o5) by extensions ['ignore', 'ignore_ament_install']
[0.553s] Level 1:colcon.colcon_core.package_identification:_identify(src/o5) by extension 'ignore'
[0.553s] Level 1:colcon.colcon_core.package_identification:_identify(src/o5) by extension 'ignore_ament_install'
[0.553s] Level 1:colcon.colcon_core.package_identification:_identify(src/o5) by extensions ['colcon_pkg']
[0.553s] Level 1:colcon.colcon_core.package_identification:_identify(src/o5) by extension 'colcon_pkg'
[0.553s] Level 1:colcon.colcon_core.package_identification:_identify(src/o5) by extensions ['colcon_meta']
[0.553s] Level 1:colcon.colcon_core.package_identification:_identify(src/o5) by extension 'colcon_meta'
[0.553s] Level 1:colcon.colcon_core.package_identification:_identify(src/o5) by extensions ['ros']
[0.553s] Level 1:colcon.colcon_core.package_identification:_identify(src/o5) by extension 'ros'
[0.554s] DEBUG:colcon.colcon_core.package_identification:Package 'src/o5' with type 'ros.ament_cmake' and name 'o5'
[0.554s] Level 1:colcon.colcon_core.package_identification:_identify(src/simulation_pkg) by extensions ['ignore', 'ignore_ament_install']
[0.554s] Level 1:colcon.colcon_core.package_identification:_identify(src/simulation_pkg) by extension 'ignore'
[0.554s] Level 1:colcon.colcon_core.package_identification:_identify(src/simulation_pkg) by extension 'ignore_ament_install'
[0.554s] Level 1:colcon.colcon_core.package_identification:_identify(src/simulation_pkg) by extensions ['colcon_pkg']
[0.554s] Level 1:colcon.colcon_core.package_identification:_identify(src/simulation_pkg) by extension 'colcon_pkg'
[0.554s] Level 1:colcon.colcon_core.package_identification:_identify(src/simulation_pkg) by extensions ['colcon_meta']
[0.554s] Level 1:colcon.colcon_core.package_identification:_identify(src/simulation_pkg) by extension 'colcon_meta'
[0.554s] Level 1:colcon.colcon_core.package_identification:_identify(src/simulation_pkg) by extensions ['ros']
[0.554s] Level 1:colcon.colcon_core.package_identification:_identify(src/simulation_pkg) by extension 'ros'
[0.555s] DEBUG:colcon.colcon_core.package_identification:Package 'src/simulation_pkg' with type 'ros.ament_python' and name 'simulation_pkg'
[0.555s] Level 1:colcon.colcon_core.package_discovery:discover_packages(recursive) using defaults
[0.555s] Level 1:colcon.colcon_core.package_discovery:discover_packages(ignore) discover
[0.555s] Level 1:colcon.colcon_core.package_discovery:discover_packages(ignore) using defaults
[0.555s] Level 1:colcon.colcon_core.package_discovery:discover_packages(path) discover
[0.555s] Level 1:colcon.colcon_core.package_discovery:discover_packages(path) using defaults
[0.596s] Level 1:colcon.colcon_core.package_discovery:discover_packages(prefix_path) check parameters
[0.597s] Level 1:colcon.colcon_core.package_discovery:discover_packages(prefix_path) discover
[0.605s] DEBUG:colcon.colcon_installed_package_information.package_discovery:Found 6 installed packages in /home/arbaaz/decision_module/install
[0.609s] DEBUG:colcon.colcon_installed_package_information.package_discovery:Found 328 installed packages in /opt/ros/humble
[0.610s] Level 1:colcon.colcon_core.package_discovery:discover_packages(prefix_path) using defaults
[0.697s] Level 5:colcon.colcon_core.verb:set package 'o1' build argument 'cmake_args' from command line to 'None'
[0.697s] Level 5:colcon.colcon_core.verb:set package 'o1' build argument 'cmake_target' from command line to 'None'
[0.697s] Level 5:colcon.colcon_core.verb:set package 'o1' build argument 'cmake_target_skip_unavailable' from command line to 'False'
[0.698s] Level 5:colcon.colcon_core.verb:set package 'o1' build argument 'cmake_clean_cache' from command line to 'False'
[0.698s] Level 5:colcon.colcon_core.verb:set package 'o1' build argument 'cmake_clean_first' from command line to 'False'
[0.698s] Level 5:colcon.colcon_core.verb:set package 'o1' build argument 'cmake_force_configure' from command line to 'False'
[0.698s] Level 5:colcon.colcon_core.verb:set package 'o1' build argument 'ament_cmake_args' from command line to 'None'
[0.698s] Level 5:colcon.colcon_core.verb:set package 'o1' build argument 'catkin_cmake_args' from command line to 'None'
[0.698s] Level 5:colcon.colcon_core.verb:set package 'o1' build argument 'catkin_skip_building_tests' from command line to 'False'
[0.698s] DEBUG:colcon.colcon_core.verb:Building package 'o1' with the following arguments: {'ament_cmake_args': None, 'build_base': '/home/arbaaz/decision_module/build/o1', 'catkin_cmake_args': None, 'catkin_skip_building_tests': False, 'cmake_args': None, 'cmake_clean_cache': False, 'cmake_clean_first': False, 'cmake_force_configure': False, 'cmake_target': None, 'cmake_target_skip_unavailable': False, 'install_base': '/home/arbaaz/decision_module/install/o1', 'merge_install': False, 'path': '/home/arbaaz/decision_module/src/o1', 'symlink_install': False, 'test_result_base': None}
[0.698s] Level 5:colcon.colcon_core.verb:set package 'o2' build argument 'cmake_args' from command line to 'None'
[0.698s] Level 5:colcon.colcon_core.verb:set package 'o2' build argument 'cmake_target' from command line to 'None'
[0.698s] Level 5:colcon.colcon_core.verb:set package 'o2' build argument 'cmake_target_skip_unavailable' from command line to 'False'
[0.698s] Level 5:colcon.colcon_core.verb:set package 'o2' build argument 'cmake_clean_cache' from command line to 'False'
[0.698s] Level 5:colcon.colcon_core.verb:set package 'o2' build argument 'cmake_clean_first' from command line to 'False'
[0.698s] Level 5:colcon.colcon_core.verb:set package 'o2' build argument 'cmake_force_configure' from command line to 'False'
[0.698s] Level 5:colcon.colcon_core.verb:set package 'o2' build argument 'ament_cmake_args' from command line to 'None'
[0.698s] Level 5:colcon.colcon_core.verb:set package 'o2' build argument 'catkin_cmake_args' from command line to 'None'
[0.698s] Level 5:colcon.colcon_core.verb:set package 'o2' build argument 'catkin_skip_building_tests' from command line to 'False'
[0.698s] DEBUG:colcon.colcon_core.verb:Building package 'o2' with the following arguments: {'ament_cmake_args': None, 'build_base': '/home/arbaaz/decision_module/build/o2', 'catkin_cmake_args': None, 'catkin_skip_building_tests': False, 'cmake_args': None, 'cmake_clean_cache': False, 'cmake_clean_first': False, 'cmake_force_configure': False, 'cmake_target': None, 'cmake_target_skip_unavailable': False, 'install_base': '/home/arbaaz/decision_module/install/o2', 'merge_install': False, 'path': '/home/arbaaz/decision_module/src/o2', 'symlink_install': False, 'test_result_base': None}
[0.698s] Level 5:colcon.colcon_core.verb:set package 'o3' build argument 'cmake_args' from command line to 'None'
[0.698s] Level 5:colcon.colcon_core.verb:set package 'o3' build argument 'cmake_target' from command line to 'None'
[0.698s] Level 5:colcon.colcon_core.verb:set package 'o3' build argument 'cmake_target_skip_unavailable' from command line to 'False'
[0.699s] Level 5:colcon.colcon_core.verb:set package 'o3' build argument 'cmake_clean_cache' from command line to 'False'
[0.699s] Level 5:colcon.colcon_core.verb:set package 'o3' build argument 'cmake_clean_first' from command line to 'False'
[0.699s] Level 5:colcon.colcon_core.verb:set package 'o3' build argument 'cmake_force_configure' from command line to 'False'
[0.699s] Level 5:colcon.colcon_core.verb:set package 'o3' build argument 'ament_cmake_args' from command line to 'None'
[0.699s] Level 5:colcon.colcon_core.verb:set package 'o3' build argument 'catkin_cmake_args' from command line to 'None'
[0.699s] Level 5:colcon.colcon_core.verb:set package 'o3' build argument 'catkin_skip_building_tests' from command line to 'False'
[0.699s] DEBUG:colcon.colcon_core.verb:Building package 'o3' with the following arguments: {'ament_cmake_args': None, 'build_base': '/home/arbaaz/decision_module/build/o3', 'catkin_cmake_args': None, 'catkin_skip_building_tests': False, 'cmake_args': None, 'cmake_clean_cache': False, 'cmake_clean_first': False, 'cmake_force_configure': False, 'cmake_target': None, 'cmake_target_skip_unavailable': False, 'install_base': '/home/arbaaz/decision_module/install/o3', 'merge_install': False, 'path': '/home/arbaaz/decision_module/src/o3', 'symlink_install': False, 'test_result_base': None}
[0.699s] Level 5:colcon.colcon_core.verb:set package 'o4' build argument 'cmake_args' from command line to 'None'
[0.699s] Level 5:colcon.colcon_core.verb:set package 'o4' build argument 'cmake_target' from command line to 'None'
[0.699s] Level 5:colcon.colcon_core.verb:set package 'o4' build argument 'cmake_target_skip_unavailable' from command line to 'False'
[0.699s] Level 5:colcon.colcon_core.verb:set package 'o4' build argument 'cmake_clean_cache' from command line to 'False'
[0.699s] Level 5:colcon.colcon_core.verb:set package 'o4' build argument 'cmake_clean_first' from command line to 'False'
[0.699s] Level 5:colcon.colcon_core.verb:set package 'o4' build argument 'cmake_force_configure' from command line to 'False'
[0.699s] Level 5:colcon.colcon_core.verb:set package 'o4' build argument 'ament_cmake_args' from command line to 'None'
[0.699s] Level 5:colcon.colcon_core.verb:set package 'o4' build argument 'catkin_cmake_args' from command line to 'None'
[0.699s] Level 5:colcon.colcon_core.verb:set package 'o4' build argument 'catkin_skip_building_tests' from command line to 'False'
[0.699s] DEBUG:colcon.colcon_core.verb:Building package 'o4' with the following arguments: {'ament_cmake_args': None, 'build_base': '/home/arbaaz/decision_module/build/o4', 'catkin_cmake_args': None, 'catkin_skip_building_tests': False, 'cmake_args': None, 'cmake_clean_cache': False, 'cmake_clean_first': False, 'cmake_force_configure': False, 'cmake_target': None, 'cmake_target_skip_unavailable': False, 'install_base': '/home/arbaaz/decision_module/install/o4', 'merge_install': False, 'path': '/home/arbaaz/decision_module/src/o4', 'symlink_install': False, 'test_result_base': None}
[0.699s] Level 5:colcon.colcon_core.verb:set package 'o5' build argument 'cmake_args' from command line to 'None'
[0.699s] Level 5:colcon.colcon_core.verb:set package 'o5' build argument 'cmake_target' from command line to 'None'
[0.699s] Level 5:colcon.colcon_core.verb:set package 'o5' build argument 'cmake_target_skip_unavailable' from command line to 'False'
[0.699s] Level 5:colcon.colcon_core.verb:set package 'o5' build argument 'cmake_clean_cache' from command line to 'False'
[0.699s] Level 5:colcon.colcon_core.verb:set package 'o5' build argument 'cmake_clean_first' from command line to 'False'
[0.699s] Level 5:colcon.colcon_core.verb:set package 'o5' build argument 'cmake_force_configure' from command line to 'False'
[0.699s] Level 5:colcon.colcon_core.verb:set package 'o5' build argument 'ament_cmake_args' from command line to 'None'
[0.699s] Level 5:colcon.colcon_core.verb:set package 'o5' build argument 'catkin_cmake_args' from command line to 'None'
[0.700s] Level 5:colcon.colcon_core.verb:set package 'o5' build argument 'catkin_skip_building_tests' from command line to 'False'
[0.700s] DEBUG:colcon.colcon_core.verb:Building package 'o5' with the following arguments: {'ament_cmake_args': None, 'build_base': '/home/arbaaz/decision_module/build/o5', 'catkin_cmake_args': None, 'catkin_skip_building_tests': False, 'cmake_args': None, 'cmake_clean_cache': False, 'cmake_clean_first': False, 'cmake_force_configure': False, 'cmake_target': None, 'cmake_target_skip_unavailable': False, 'install_base': '/home/arbaaz/decision_module/install/o5', 'merge_install': False, 'path': '/home/arbaaz/decision_module/src/o5', 'symlink_install': False, 'test_result_base': None}
[0.700s] Level 5:colcon.colcon_core.verb:set package 'simulation_pkg' build argument 'cmake_args' from command line to 'None'
[0.700s] Level 5:colcon.colcon_core.verb:set package 'simulation_pkg' build argument 'cmake_target' from command line to 'None'
[0.700s] Level 5:colcon.colcon_core.verb:set package 'simulation_pkg' build argument 'cmake_target_skip_unavailable' from command line to 'False'
[0.700s] Level 5:colcon.colcon_core.verb:set package 'simulation_pkg' build argument 'cmake_clean_cache' from command line to 'False'
[0.700s] Level 5:colcon.colcon_core.verb:set package 'simulation_pkg' build argument 'cmake_clean_first' from command line to 'False'
[0.700s] Level 5:colcon.colcon_core.verb:set package 'simulation_pkg' build argument 'cmake_force_configure' from command line to 'False'
[0.700s] Level 5:colcon.colcon_core.verb:set package 'simulation_pkg' build argument 'ament_cmake_args' from command line to 'None'
[0.700s] Level 5:colcon.colcon_core.verb:set package 'simulation_pkg' build argument 'catkin_cmake_args' from command line to 'None'
[0.700s] Level 5:colcon.colcon_core.verb:set package 'simulation_pkg' build argument 'catkin_skip_building_tests' from command line to 'False'
[0.700s] DEBUG:colcon.colcon_core.verb:Building package 'simulation_pkg' with the following arguments: {'ament_cmake_args': None, 'build_base': '/home/arbaaz/decision_module/build/simulation_pkg', 'catkin_cmake_args': None, 'catkin_skip_building_tests': False, 'cmake_args': None, 'cmake_clean_cache': False, 'cmake_clean_first': False, 'cmake_force_configure': False, 'cmake_target': None, 'cmake_target_skip_unavailable': False, 'install_base': '/home/arbaaz/decision_module/install/simulation_pkg', 'merge_install': False, 'path': '/home/arbaaz/decision_module/src/simulation_pkg', 'symlink_install': False, 'test_result_base': None}
[0.700s] INFO:colcon.colcon_core.executor:Executing jobs using 'sequential' executor
[0.701s] DEBUG:colcon.colcon_core.executor.sequential:run_until_complete 'o1'
[0.701s] INFO:colcon.colcon_ros.task.ament_cmake.build:Building ROS package in '/home/arbaaz/decision_module/src/o1' with build type 'ament_cmake'
[0.701s] INFO:colcon.colcon_cmake.task.cmake.build:Building CMake package in '/home/arbaaz/decision_module/src/o1'
[0.707s] INFO:colcon.colcon_core.plugin_system:Skipping extension 'colcon_core.shell.bat': Not used on non-Windows systems
[0.707s] INFO:colcon.colcon_core.shell:Skip shell extension 'powershell' for command environment: Not usable outside of PowerShell
[0.707s] DEBUG:colcon.colcon_core.shell:Skip shell extension 'dsv' for command environment
[0.719s] DEBUG:colcon.colcon_core.event_handler.log_command:Invoking command in '/home/arbaaz/decision_module/build/o1': CMAKE_PREFIX_PATH=${CMAKE_PREFIX_PATH}:/home/arbaaz/decision_module/install/simulation_pkg:/opt/ros/humble /usr/bin/cmake --build /home/arbaaz/decision_module/build/o1 -- -j12 -l12
[0.943s] DEBUG:colcon.colcon_core.event_handler.log_command:Invoked command in '/home/arbaaz/decision_module/build/o1' returned '0': CMAKE_PREFIX_PATH=${CMAKE_PREFIX_PATH}:/home/arbaaz/decision_module/install/simulation_pkg:/opt/ros/humble /usr/bin/cmake --build /home/arbaaz/decision_module/build/o1 -- -j12 -l12
[0.956s] DEBUG:colcon.colcon_core.event_handler.log_command:Invoking command in '/home/arbaaz/decision_module/build/o1': CMAKE_PREFIX_PATH=${CMAKE_PREFIX_PATH}:/home/arbaaz/decision_module/install/simulation_pkg:/opt/ros/humble /usr/bin/cmake --install /home/arbaaz/decision_module/build/o1
[0.971s] Level 1:colcon.colcon_core.environment:create_environment_scripts_only(o1)
[0.971s] DEBUG:colcon.colcon_core.event_handler.log_command:Invoked command in '/home/arbaaz/decision_module/build/o1' returned '0': CMAKE_PREFIX_PATH=${CMAKE_PREFIX_PATH}:/home/arbaaz/decision_module/install/simulation_pkg:/opt/ros/humble /usr/bin/cmake --install /home/arbaaz/decision_module/build/o1
[0.977s] Level 1:colcon.colcon_core.environment:checking '/home/arbaaz/decision_module/install/o1' for CMake module files
[0.978s] Level 1:colcon.colcon_core.environment:checking '/home/arbaaz/decision_module/install/o1' for CMake config files
[0.978s] Level 1:colcon.colcon_core.shell:create_environment_hook('o1', 'cmake_prefix_path')
[0.979s] INFO:colcon.colcon_core.shell:Creating environment hook '/home/arbaaz/decision_module/install/o1/share/o1/hook/cmake_prefix_path.ps1'
[0.980s] INFO:colcon.colcon_core.shell:Creating environment descriptor '/home/arbaaz/decision_module/install/o1/share/o1/hook/cmake_prefix_path.dsv'
[0.980s] INFO:colcon.colcon_core.shell:Creating environment hook '/home/arbaaz/decision_module/install/o1/share/o1/hook/cmake_prefix_path.sh'
[0.981s] Level 1:colcon.colcon_core.environment:checking '/home/arbaaz/decision_module/install/o1/lib'
[0.981s] Level 1:colcon.colcon_core.environment:checking '/home/arbaaz/decision_module/install/o1/bin'
[0.981s] Level 1:colcon.colcon_core.environment:checking '/home/arbaaz/decision_module/install/o1/lib/pkgconfig/o1.pc'
[0.982s] Level 1:colcon.colcon_core.environment:checking '/home/arbaaz/decision_module/install/o1/lib/python3.10/site-packages'
[0.982s] Level 1:colcon.colcon_core.environment:checking '/home/arbaaz/decision_module/install/o1/bin'
[0.982s] INFO:colcon.colcon_core.shell:Creating package script '/home/arbaaz/decision_module/install/o1/share/o1/package.ps1'
[0.983s] INFO:colcon.colcon_core.shell:Creating package descriptor '/home/arbaaz/decision_module/install/o1/share/o1/package.dsv'
[0.984s] INFO:colcon.colcon_core.shell:Creating package script '/home/arbaaz/decision_module/install/o1/share/o1/package.sh'
[0.984s] INFO:colcon.colcon_core.shell:Creating package script '/home/arbaaz/decision_module/install/o1/share/o1/package.bash'
[0.985s] INFO:colcon.colcon_core.shell:Creating package script '/home/arbaaz/decision_module/install/o1/share/o1/package.zsh'
[0.986s] Level 1:colcon.colcon_core.environment:create_file_with_runtime_dependencies(/home/arbaaz/decision_module/install/o1/share/colcon-core/packages/o1)
[0.986s] Level 1:colcon.colcon_core.environment:create_environment_scripts_only(o1)
[0.987s] Level 1:colcon.colcon_core.environment:checking '/home/arbaaz/decision_module/install/o1' for CMake module files
[0.987s] Level 1:colcon.colcon_core.environment:checking '/home/arbaaz/decision_module/install/o1' for CMake config files
[0.987s] Level 1:colcon.colcon_core.shell:create_environment_hook('o1', 'cmake_prefix_path')
[0.987s] INFO:colcon.colcon_core.shell:Creating environment hook '/home/arbaaz/decision_module/install/o1/share/o1/hook/cmake_prefix_path.ps1'
[0.988s] INFO:colcon.colcon_core.shell:Creating environment descriptor '/home/arbaaz/decision_module/install/o1/share/o1/hook/cmake_prefix_path.dsv'
[0.988s] INFO:colcon.colcon_core.shell:Creating environment hook '/home/arbaaz/decision_module/install/o1/share/o1/hook/cmake_prefix_path.sh'
[0.988s] Level 1:colcon.colcon_core.environment:checking '/home/arbaaz/decision_module/install/o1/lib'
[0.989s] Level 1:colcon.colcon_core.environment:checking '/home/arbaaz/decision_module/install/o1/bin'
[0.989s] Level 1:colcon.colcon_core.environment:checking '/home/arbaaz/decision_module/install/o1/lib/pkgconfig/o1.pc'
[0.989s] Level 1:colcon.colcon_core.environment:checking '/home/arbaaz/decision_module/install/o1/lib/python3.10/site-packages'
[0.989s] Level 1:colcon.colcon_core.environment:checking '/home/arbaaz/decision_module/install/o1/bin'
[0.989s] INFO:colcon.colcon_core.shell:Creating package script '/home/arbaaz/decision_module/install/o1/share/o1/package.ps1'
[0.990s] INFO:colcon.colcon_core.shell:Creating package descriptor '/home/arbaaz/decision_module/install/o1/share/o1/package.dsv'
[0.990s] INFO:colcon.colcon_core.shell:Creating package script '/home/arbaaz/decision_module/install/o1/share/o1/package.sh'
[0.990s] INFO:colcon.colcon_core.shell:Creating package script '/home/arbaaz/decision_module/install/o1/share/o1/package.bash'
[0.991s] INFO:colcon.colcon_core.shell:Creating package script '/home/arbaaz/decision_module/install/o1/share/o1/package.zsh'
[0.991s] Level 1:colcon.colcon_core.environment:create_file_with_runtime_dependencies(/home/arbaaz/decision_module/install/o1/share/colcon-core/packages/o1)
[0.991s] DEBUG:colcon.colcon_core.executor.sequential:run_until_complete 'o1' finished with '0'
[0.991s] DEBUG:colcon.colcon_core.executor.sequential:run_until_complete 'o2'
[0.991s] INFO:colcon.colcon_ros.task.ament_cmake.build:Building ROS package in '/home/arbaaz/decision_module/src/o2' with build type 'ament_cmake'
[0.991s] INFO:colcon.colcon_cmake.task.cmake.build:Building CMake package in '/home/arbaaz/decision_module/src/o2'
[0.992s] INFO:colcon.colcon_core.shell:Skip shell extension 'powershell' for command environment: Not usable outside of PowerShell
[0.992s] DEBUG:colcon.colcon_core.shell:Skip shell extension 'dsv' for command environment
[1.002s] DEBUG:colcon.colcon_core.event_handler.log_command:Invoking command in '/home/arbaaz/decision_module/build/o2': CMAKE_PREFIX_PATH=${CMAKE_PREFIX_PATH}:/home/arbaaz/decision_module/install/simulation_pkg:/opt/ros/humble /usr/bin/cmake --build /home/arbaaz/decision_module/build/o2 -- -j12 -l12
[1.096s] DEBUG:colcon.colcon_core.event_handler.log_command:Invoked command in '/home/arbaaz/decision_module/build/o2' returned '0': CMAKE_PREFIX_PATH=${CMAKE_PREFIX_PATH}:/home/arbaaz/decision_module/install/simulation_pkg:/opt/ros/humble /usr/bin/cmake --build /home/arbaaz/decision_module/build/o2 -- -j12 -l12
[1.099s] DEBUG:colcon.colcon_core.event_handler.log_command:Invoking command in '/home/arbaaz/decision_module/build/o2': CMAKE_PREFIX_PATH=${CMAKE_PREFIX_PATH}:/home/arbaaz/decision_module/install/simulation_pkg:/opt/ros/humble /usr/bin/cmake --install /home/arbaaz/decision_module/build/o2
[1.113s] Level 1:colcon.colcon_core.environment:create_environment_scripts_only(o2)
[1.114s] Level 1:colcon.colcon_core.environment:checking '/home/arbaaz/decision_module/install/o2' for CMake module files
[1.114s] DEBUG:colcon.colcon_core.event_handler.log_command:Invoked command in '/home/arbaaz/decision_module/build/o2' returned '0': CMAKE_PREFIX_PATH=${CMAKE_PREFIX_PATH}:/home/arbaaz/decision_module/install/simulation_pkg:/opt/ros/humble /usr/bin/cmake --install /home/arbaaz/decision_module/build/o2
[1.114s] Level 1:colcon.colcon_core.environment:checking '/home/arbaaz/decision_module/install/o2' for CMake config files
[1.115s] Level 1:colcon.colcon_core.shell:create_environment_hook('o2', 'cmake_prefix_path')
[1.115s] INFO:colcon.colcon_core.shell:Creating environment hook '/home/arbaaz/decision_module/install/o2/share/o2/hook/cmake_prefix_path.ps1'
[1.116s] INFO:colcon.colcon_core.shell:Creating environment descriptor '/home/arbaaz/decision_module/install/o2/share/o2/hook/cmake_prefix_path.dsv'
[1.116s] INFO:colcon.colcon_core.shell:Creating environment hook '/home/arbaaz/decision_module/install/o2/share/o2/hook/cmake_prefix_path.sh'
[1.116s] Level 1:colcon.colcon_core.environment:checking '/home/arbaaz/decision_module/install/o2/lib'
[1.116s] Level 1:colcon.colcon_core.environment:checking '/home/arbaaz/decision_module/install/o2/bin'
[1.116s] Level 1:colcon.colcon_core.environment:checking '/home/arbaaz/decision_module/install/o2/lib/pkgconfig/o2.pc'
[1.117s] Level 1:colcon.colcon_core.environment:checking '/home/arbaaz/decision_module/install/o2/lib/python3.10/site-packages'
[1.117s] Level 1:colcon.colcon_core.environment:checking '/home/arbaaz/decision_module/install/o2/bin'
[1.117s] INFO:colcon.colcon_core.shell:Creating package script '/home/arbaaz/decision_module/install/o2/share/o2/package.ps1'
[1.117s] INFO:colcon.colcon_core.shell:Creating package descriptor '/home/arbaaz/decision_module/install/o2/share/o2/package.dsv'
[1.118s] INFO:colcon.colcon_core.shell:Creating package script '/home/arbaaz/decision_module/install/o2/share/o2/package.sh'
[1.118s] INFO:colcon.colcon_core.shell:Creating package script '/home/arbaaz/decision_module/install/o2/share/o2/package.bash'
[1.118s] INFO:colcon.colcon_core.shell:Creating package script '/home/arbaaz/decision_module/install/o2/share/o2/package.zsh'
[1.119s] Level 1:colcon.colcon_core.environment:create_file_with_runtime_dependencies(/home/arbaaz/decision_module/install/o2/share/colcon-core/packages/o2)
[1.119s] Level 1:colcon.colcon_core.environment:create_environment_scripts_only(o2)
[1.119s] Level 1:colcon.colcon_core.environment:checking '/home/arbaaz/decision_module/install/o2' for CMake module files
[1.120s] Level 1:colcon.colcon_core.environment:checking '/home/arbaaz/decision_module/install/o2' for CMake config files
[1.120s] Level 1:colcon.colcon_core.shell:create_environment_hook('o2', 'cmake_prefix_path')
[1.120s] INFO:colcon.colcon_core.shell:Creating environment hook '/home/arbaaz/decision_module/install/o2/share/o2/hook/cmake_prefix_path.ps1'
[1.121s] INFO:colcon.colcon_core.shell:Creating environment descriptor '/home/arbaaz/decision_module/install/o2/share/o2/hook/cmake_prefix_path.dsv'
[1.121s] INFO:colcon.colcon_core.shell:Creating environment hook '/home/arbaaz/decision_module/install/o2/share/o2/hook/cmake_prefix_path.sh'
[1.121s] Level 1:colcon.colcon_core.environment:checking '/home/arbaaz/decision_module/install/o2/lib'
[1.121s] Level 1:colcon.colcon_core.environment:checking '/home/arbaaz/decision_module/install/o2/bin'
[1.121s] Level 1:colcon.colcon_core.environment:checking '/home/arbaaz/decision_module/install/o2/lib/pkgconfig/o2.pc'
[1.122s] Level 1:colcon.colcon_core.environment:checking '/home/arbaaz/decision_module/install/o2/lib/python3.10/site-packages'
[1.122s] Level 1:colcon.colcon_core.environment:checking '/home/arbaaz/decision_module/install/o2/bin'
[1.122s] INFO:colcon.colcon_core.shell:Creating package script '/home/arbaaz/decision_module/install/o2/share/o2/package.ps1'
[1.123s] INFO:colcon.colcon_core.shell:Creating package descriptor '/home/arbaaz/decision_module/install/o2/share/o2/package.dsv'
[1.123s] INFO:colcon.colcon_core.shell:Creating package script '/home/arbaaz/decision_module/install/o2/share/o2/package.sh'
[1.124s] INFO:colcon.colcon_core.shell:Creating package script '/home/arbaaz/decision_module/install/o2/share/o2/package.bash'
[1.124s] INFO:colcon.colcon_core.shell:Creating package script '/home/arbaaz/decision_module/install/o2/share/o2/package.zsh'
[1.124s] Level 1:colcon.colcon_core.environment:create_file_with_runtime_dependencies(/home/arbaaz/decision_module/install/o2/share/colcon-core/packages/o2)
[1.124s] DEBUG:colcon.colcon_core.executor.sequential:run_until_complete 'o2' finished with '0'
[1.124s] DEBUG:colcon.colcon_core.executor.sequential:run_until_complete 'o3'
[1.124s] INFO:colcon.colcon_ros.task.ament_cmake.build:Building ROS package in '/home/arbaaz/decision_module/src/o3' with build type 'ament_cmake'
[1.125s] INFO:colcon.colcon_cmake.task.cmake.build:Building CMake package in '/home/arbaaz/decision_module/src/o3'
[1.125s] INFO:colcon.colcon_core.shell:Skip shell extension 'powershell' for command environment: Not usable outside of PowerShell
[1.125s] DEBUG:colcon.colcon_core.shell:Skip shell extension 'dsv' for command environment
[1.135s] DEBUG:colcon.colcon_core.event_handler.log_command:Invoking command in '/home/arbaaz/decision_module/build/o3': CMAKE_PREFIX_PATH=${CMAKE_PREFIX_PATH}:/home/arbaaz/decision_module/install/simulation_pkg:/opt/ros/humble /usr/bin/cmake --build /home/arbaaz/decision_module/build/o3 -- -j12 -l12
[1.229s] DEBUG:colcon.colcon_core.event_handler.log_command:Invoked command in '/home/arbaaz/decision_module/build/o3' returned '0': CMAKE_PREFIX_PATH=${CMAKE_PREFIX_PATH}:/home/arbaaz/decision_module/install/simulation_pkg:/opt/ros/humble /usr/bin/cmake --build /home/arbaaz/decision_module/build/o3 -- -j12 -l12
[1.231s] DEBUG:colcon.colcon_core.event_handler.log_command:Invoking command in '/home/arbaaz/decision_module/build/o3': CMAKE_PREFIX_PATH=${CMAKE_PREFIX_PATH}:/home/arbaaz/decision_module/install/simulation_pkg:/opt/ros/humble /usr/bin/cmake --install /home/arbaaz/decision_module/build/o3
[1.247s] Level 1:colcon.colcon_core.environment:create_environment_scripts_only(o3)
[1.247s] Level 1:colcon.colcon_core.environment:checking '/home/arbaaz/decision_module/install/o3' for CMake module files
[1.248s] DEBUG:colcon.colcon_core.event_handler.log_command:Invoked command in '/home/arbaaz/decision_module/build/o3' returned '0': CMAKE_PREFIX_PATH=${CMAKE_PREFIX_PATH}:/home/arbaaz/decision_module/install/simulation_pkg:/opt/ros/humble /usr/bin/cmake --install /home/arbaaz/decision_module/build/o3
[1.248s] Level 1:colcon.colcon_core.environment:checking '/home/arbaaz/decision_module/install/o3' for CMake config files
[1.249s] Level 1:colcon.colcon_core.shell:create_environment_hook('o3', 'cmake_prefix_path')
[1.249s] INFO:colcon.colcon_core.shell:Creating environment hook '/home/arbaaz/decision_module/install/o3/share/o3/hook/cmake_prefix_path.ps1'
[1.249s] INFO:colcon.colcon_core.shell:Creating environment descriptor '/home/arbaaz/decision_module/install/o3/share/o3/hook/cmake_prefix_path.dsv'
[1.249s] INFO:colcon.colcon_core.shell:Creating environment hook '/home/arbaaz/decision_module/install/o3/share/o3/hook/cmake_prefix_path.sh'
[1.250s] Level 1:colcon.colcon_core.environment:checking '/home/arbaaz/decision_module/install/o3/lib'
[1.250s] Level 1:colcon.colcon_core.environment:checking '/home/arbaaz/decision_module/install/o3/bin'
[1.250s] Level 1:colcon.colcon_core.environment:checking '/home/arbaaz/decision_module/install/o3/lib/pkgconfig/o3.pc'
[1.250s] Level 1:colcon.colcon_core.environment:checking '/home/arbaaz/decision_module/install/o3/lib/python3.10/site-packages'
[1.250s] Level 1:colcon.colcon_core.environment:checking '/home/arbaaz/decision_module/install/o3/bin'
[1.251s] INFO:colcon.colcon_core.shell:Creating package script '/home/arbaaz/decision_module/install/o3/share/o3/package.ps1'
[1.251s] INFO:colcon.colcon_core.shell:Creating package descriptor '/home/arbaaz/decision_module/install/o3/share/o3/package.dsv'
[1.252s] INFO:colcon.colcon_core.shell:Creating package script '/home/arbaaz/decision_module/install/o3/share/o3/package.sh'
[1.252s] INFO:colcon.colcon_core.shell:Creating package script '/home/arbaaz/decision_module/install/o3/share/o3/package.bash'
[1.252s] INFO:colcon.colcon_core.shell:Creating package script '/home/arbaaz/decision_module/install/o3/share/o3/package.zsh'
[1.252s] Level 1:colcon.colcon_core.environment:create_file_with_runtime_dependencies(/home/arbaaz/decision_module/install/o3/share/colcon-core/packages/o3)
[1.253s] Level 1:colcon.colcon_core.environment:create_environment_scripts_only(o3)
[1.253s] Level 1:colcon.colcon_core.environment:checking '/home/arbaaz/decision_module/install/o3' for CMake module files
[1.254s] Level 1:colcon.colcon_core.environment:checking '/home/arbaaz/decision_module/install/o3' for CMake config files
[1.254s] Level 1:colcon.colcon_core.shell:create_environment_hook('o3', 'cmake_prefix_path')
[1.254s] INFO:colcon.colcon_core.shell:Creating environment hook '/home/arbaaz/decision_module/install/o3/share/o3/hook/cmake_prefix_path.ps1'
[1.254s] INFO:colcon.colcon_core.shell:Creating environment descriptor '/home/arbaaz/decision_module/install/o3/share/o3/hook/cmake_prefix_path.dsv'
[1.255s] INFO:colcon.colcon_core.shell:Creating environment hook '/home/arbaaz/decision_module/install/o3/share/o3/hook/cmake_prefix_path.sh'
[1.255s] Level 1:colcon.colcon_core.environment:checking '/home/arbaaz/decision_module/install/o3/lib'
[1.255s] Level 1:colcon.colcon_core.environment:checking '/home/arbaaz/decision_module/install/o3/bin'
[1.255s] Level 1:colcon.colcon_core.environment:checking '/home/arbaaz/decision_module/install/o3/lib/pkgconfig/o3.pc'
[1.255s] Level 1:colcon.colcon_core.environment:checking '/home/arbaaz/decision_module/install/o3/lib/python3.10/site-packages'
[1.255s] Level 1:colcon.colcon_core.environment:checking '/home/arbaaz/decision_module/install/o3/bin'
[1.256s] INFO:colcon.colcon_core.shell:Creating package script '/home/arbaaz/decision_module/install/o3/share/o3/package.ps1'
[1.256s] INFO:colcon.colcon_core.shell:Creating package descriptor '/home/arbaaz/decision_module/install/o3/share/o3/package.dsv'
[1.257s] INFO:colcon.colcon_core.shell:Creating package script '/home/arbaaz/decision_module/install/o3/share/o3/package.sh'
[1.257s] INFO:colcon.colcon_core.shell:Creating package script '/home/arbaaz/decision_module/install/o3/share/o3/package.bash'
[1.257s] INFO:colcon.colcon_core.shell:Creating package script '/home/arbaaz/decision_module/install/o3/share/o3/package.zsh'
[1.258s] Level 1:colcon.colcon_core.environment:create_file_with_runtime_dependencies(/home/arbaaz/decision_module/install/o3/share/colcon-core/packages/o3)
[1.258s] DEBUG:colcon.colcon_core.executor.sequential:run_until_complete 'o3' finished with '0'
[1.258s] DEBUG:colcon.colcon_core.executor.sequential:run_until_complete 'o4'
[1.258s] INFO:colcon.colcon_ros.task.ament_cmake.build:Building ROS package in '/home/arbaaz/decision_module/src/o4' with build type 'ament_cmake'
[1.258s] INFO:colcon.colcon_cmake.task.cmake.build:Building CMake package in '/home/arbaaz/decision_module/src/o4'
[1.258s] INFO:colcon.colcon_core.shell:Skip shell extension 'powershell' for command environment: Not usable outside of PowerShell
[1.258s] DEBUG:colcon.colcon_core.shell:Skip shell extension 'dsv' for command environment
[1.269s] DEBUG:colcon.colcon_core.event_handler.log_command:Invoking command in '/home/arbaaz/decision_module/build/o4': CMAKE_PREFIX_PATH=${CMAKE_PREFIX_PATH}:/home/arbaaz/decision_module/install/simulation_pkg:/opt/ros/humble /usr/bin/cmake --build /home/arbaaz/decision_module/build/o4 -- -j12 -l12
[1.364s] DEBUG:colcon.colcon_core.event_handler.log_command:Invoked command in '/home/arbaaz/decision_module/build/o4' returned '0': CMAKE_PREFIX_PATH=${CMAKE_PREFIX_PATH}:/home/arbaaz/decision_module/install/simulation_pkg:/opt/ros/humble /usr/bin/cmake --build /home/arbaaz/decision_module/build/o4 -- -j12 -l12
[1.366s] DEBUG:colcon.colcon_core.event_handler.log_command:Invoking command in '/home/arbaaz/decision_module/build/o4': CMAKE_PREFIX_PATH=${CMAKE_PREFIX_PATH}:/home/arbaaz/decision_module/install/simulation_pkg:/opt/ros/humble /usr/bin/cmake --install /home/arbaaz/decision_module/build/o4
[1.381s] Level 1:colcon.colcon_core.environment:create_environment_scripts_only(o4)
[1.381s] DEBUG:colcon.colcon_core.event_handler.log_command:Invoked command in '/home/arbaaz/decision_module/build/o4' returned '0': CMAKE_PREFIX_PATH=${CMAKE_PREFIX_PATH}:/home/arbaaz/decision_module/install/simulation_pkg:/opt/ros/humble /usr/bin/cmake --install /home/arbaaz/decision_module/build/o4
[1.381s] Level 1:colcon.colcon_core.environment:checking '/home/arbaaz/decision_module/install/o4' for CMake module files
[1.382s] Level 1:colcon.colcon_core.environment:checking '/home/arbaaz/decision_module/install/o4' for CMake config files
[1.382s] Level 1:colcon.colcon_core.shell:create_environment_hook('o4', 'cmake_prefix_path')
[1.382s] INFO:colcon.colcon_core.shell:Creating environment hook '/home/arbaaz/decision_module/install/o4/share/o4/hook/cmake_prefix_path.ps1'
[1.383s] INFO:colcon.colcon_core.shell:Creating environment descriptor '/home/arbaaz/decision_module/install/o4/share/o4/hook/cmake_prefix_path.dsv'
[1.383s] INFO:colcon.colcon_core.shell:Creating environment hook '/home/arbaaz/decision_module/install/o4/share/o4/hook/cmake_prefix_path.sh'
[1.384s] Level 1:colcon.colcon_core.environment:checking '/home/arbaaz/decision_module/install/o4/lib'
[1.384s] Level 1:colcon.colcon_core.environment:checking '/home/arbaaz/decision_module/install/o4/bin'
[1.384s] Level 1:colcon.colcon_core.environment:checking '/home/arbaaz/decision_module/install/o4/lib/pkgconfig/o4.pc'
[1.384s] Level 1:colcon.colcon_core.environment:checking '/home/arbaaz/decision_module/install/o4/lib/python3.10/site-packages'
[1.384s] Level 1:colcon.colcon_core.environment:checking '/home/arbaaz/decision_module/install/o4/bin'
[1.384s] INFO:colcon.colcon_core.shell:Creating package script '/home/arbaaz/decision_module/install/o4/share/o4/package.ps1'
[1.385s] INFO:colcon.colcon_core.shell:Creating package descriptor '/home/arbaaz/decision_module/install/o4/share/o4/package.dsv'
[1.385s] INFO:colcon.colcon_core.shell:Creating package script '/home/arbaaz/decision_module/install/o4/share/o4/package.sh'
[1.386s] INFO:colcon.colcon_core.shell:Creating package script '/home/arbaaz/decision_module/install/o4/share/o4/package.bash'
[1.386s] INFO:colcon.colcon_core.shell:Creating package script '/home/arbaaz/decision_module/install/o4/share/o4/package.zsh'
[1.386s] Level 1:colcon.colcon_core.environment:create_file_with_runtime_dependencies(/home/arbaaz/decision_module/install/o4/share/colcon-core/packages/o4)
[1.387s] Level 1:colcon.colcon_core.environment:create_environment_scripts_only(o4)
[1.387s] Level 1:colcon.colcon_core.environment:checking '/home/arbaaz/decision_module/install/o4' for CMake module files
[1.387s] Level 1:colcon.colcon_core.environment:checking '/home/arbaaz/decision_module/install/o4' for CMake config files
[1.387s] Level 1:colcon.colcon_core.shell:create_environment_hook('o4', 'cmake_prefix_path')
[1.388s] INFO:colcon.colcon_core.shell:Creating environment hook '/home/arbaaz/decision_module/install/o4/share/o4/hook/cmake_prefix_path.ps1'
[1.388s] INFO:colcon.colcon_core.shell:Creating environment descriptor '/home/arbaaz/decision_module/install/o4/share/o4/hook/cmake_prefix_path.dsv'
[1.388s] INFO:colcon.colcon_core.shell:Creating environment hook '/home/arbaaz/decision_module/install/o4/share/o4/hook/cmake_prefix_path.sh'
[1.389s] Level 1:colcon.colcon_core.environment:checking '/home/arbaaz/decision_module/install/o4/lib'
[1.389s] Level 1:colcon.colcon_core.environment:checking '/home/arbaaz/decision_module/install/o4/bin'
[1.389s] Level 1:colcon.colcon_core.environment:checking '/home/arbaaz/decision_module/install/o4/lib/pkgconfig/o4.pc'
[1.389s] Level 1:colcon.colcon_core.environment:checking '/home/arbaaz/decision_module/install/o4/lib/python3.10/site-packages'
[1.389s] Level 1:colcon.colcon_core.environment:checking '/home/arbaaz/decision_module/install/o4/bin'
[1.389s] INFO:colcon.colcon_core.shell:Creating package script '/home/arbaaz/decision_module/install/o4/share/o4/package.ps1'
[1.390s] INFO:colcon.colcon_core.shell:Creating package descriptor '/home/arbaaz/decision_module/install/o4/share/o4/package.dsv'
[1.390s] INFO:colcon.colcon_core.shell:Creating package script '/home/arbaaz/decision_module/install/o4/share/o4/package.sh'
[1.390s] INFO:colcon.colcon_core.shell:Creating package script '/home/arbaaz/decision_module/install/o4/share/o4/package.bash'
[1.391s] INFO:colcon.colcon_core.shell:Creating package script '/home/arbaaz/decision_module/install/o4/share/o4/package.zsh'
[1.391s] Level 1:colcon.colcon_core.environment:create_file_with_runtime_dependencies(/home/arbaaz/decision_module/install/o4/share/colcon-core/packages/o4)
[1.391s] DEBUG:colcon.colcon_core.executor.sequential:run_until_complete 'o4' finished with '0'
[1.391s] DEBUG:colcon.colcon_core.executor.sequential:run_until_complete 'o5'
[1.391s] INFO:colcon.colcon_ros.task.ament_cmake.build:Building ROS package in '/home/arbaaz/decision_module/src/o5' with build type 'ament_cmake'
[1.392s] INFO:colcon.colcon_cmake.task.cmake.build:Building CMake package in '/home/arbaaz/decision_module/src/o5'
[1.392s] INFO:colcon.colcon_core.shell:Skip shell extension 'powershell' for command environment: Not usable outside of PowerShell
[1.392s] DEBUG:colcon.colcon_core.shell:Skip shell extension 'dsv' for command environment
[1.403s] DEBUG:colcon.colcon_core.event_handler.log_command:Invoking command in '/home/arbaaz/decision_module/build/o5': CMAKE_PREFIX_PATH=${CMAKE_PREFIX_PATH}:/home/arbaaz/decision_module/install/simulation_pkg:/opt/ros/humble /usr/bin/cmake --build /home/arbaaz/decision_module/build/o5 -- -j12 -l12
[1.499s] DEBUG:colcon.colcon_core.event_handler.log_command:Invoked command in '/home/arbaaz/decision_module/build/o5' returned '0': CMAKE_PREFIX_PATH=${CMAKE_PREFIX_PATH}:/home/arbaaz/decision_module/install/simulation_pkg:/opt/ros/humble /usr/bin/cmake --build /home/arbaaz/decision_module/build/o5 -- -j12 -l12
[1.501s] DEBUG:colcon.colcon_core.event_handler.log_command:Invoking command in '/home/arbaaz/decision_module/build/o5': CMAKE_PREFIX_PATH=${CMAKE_PREFIX_PATH}:/home/arbaaz/decision_module/install/simulation_pkg:/opt/ros/humble /usr/bin/cmake --install /home/arbaaz/decision_module/build/o5
[1.516s] Level 1:colcon.colcon_core.environment:create_environment_scripts_only(o5)
[1.516s] Level 1:colcon.colcon_core.environment:checking '/home/arbaaz/decision_module/install/o5' for CMake module files
[1.516s] DEBUG:colcon.colcon_core.event_handler.log_command:Invoked command in '/home/arbaaz/decision_module/build/o5' returned '0': CMAKE_PREFIX_PATH=${CMAKE_PREFIX_PATH}:/home/arbaaz/decision_module/install/simulation_pkg:/opt/ros/humble /usr/bin/cmake --install /home/arbaaz/decision_module/build/o5
[1.517s] Level 1:colcon.colcon_core.environment:checking '/home/arbaaz/decision_module/install/o5' for CMake config files
[1.517s] Level 1:colcon.colcon_core.shell:create_environment_hook('o5', 'cmake_prefix_path')
[1.517s] INFO:colcon.colcon_core.shell:Creating environment hook '/home/arbaaz/decision_module/install/o5/share/o5/hook/cmake_prefix_path.ps1'
[1.518s] INFO:colcon.colcon_core.shell:Creating environment descriptor '/home/arbaaz/decision_module/install/o5/share/o5/hook/cmake_prefix_path.dsv'
[1.518s] INFO:colcon.colcon_core.shell:Creating environment hook '/home/arbaaz/decision_module/install/o5/share/o5/hook/cmake_prefix_path.sh'
[1.519s] Level 1:colcon.colcon_core.environment:checking '/home/arbaaz/decision_module/install/o5/lib'
[1.519s] Level 1:colcon.colcon_core.environment:checking '/home/arbaaz/decision_module/install/o5/bin'
[1.519s] Level 1:colcon.colcon_core.environment:checking '/home/arbaaz/decision_module/install/o5/lib/pkgconfig/o5.pc'
[1.519s] Level 1:colcon.colcon_core.environment:checking '/home/arbaaz/decision_module/install/o5/lib/python3.10/site-packages'
[1.519s] Level 1:colcon.colcon_core.environment:checking '/home/arbaaz/decision_module/install/o5/bin'
[1.519s] INFO:colcon.colcon_core.shell:Creating package script '/home/arbaaz/decision_module/install/o5/share/o5/package.ps1'
[1.520s] INFO:colcon.colcon_core.shell:Creating package descriptor '/home/arbaaz/decision_module/install/o5/share/o5/package.dsv'
[1.520s] INFO:colcon.colcon_core.shell:Creating package script '/home/arbaaz/decision_module/install/o5/share/o5/package.sh'
[1.521s] INFO:colcon.colcon_core.shell:Creating package script '/home/arbaaz/decision_module/install/o5/share/o5/package.bash'
[1.521s] INFO:colcon.colcon_core.shell:Creating package script '/home/arbaaz/decision_module/install/o5/share/o5/package.zsh'
[1.521s] Level 1:colcon.colcon_core.environment:create_file_with_runtime_dependencies(/home/arbaaz/decision_module/install/o5/share/colcon-core/packages/o5)
[1.522s] Level 1:colcon.colcon_core.environment:create_environment_scripts_only(o5)
[1.522s] Level 1:colcon.colcon_core.environment:checking '/home/arbaaz/decision_module/install/o5' for CMake module files
[1.522s] Level 1:colcon.colcon_core.environment:checking '/home/arbaaz/decision_module/install/o5' for CMake config files
[1.523s] Level 1:colcon.colcon_core.shell:create_environment_hook('o5', 'cmake_prefix_path')
[1.523s] INFO:colcon.colcon_core.shell:Creating environment hook '/home/arbaaz/decision_module/install/o5/share/o5/hook/cmake_prefix_path.ps1'
[1.523s] INFO:colcon.colcon_core.shell:Creating environment descriptor '/home/arbaaz/decision_module/install/o5/share/o5/hook/cmake_prefix_path.dsv'
[1.523s] INFO:colcon.colcon_core.shell:Creating environment hook '/home/arbaaz/decision_module/install/o5/share/o5/hook/cmake_prefix_path.sh'
[1.524s] Level 1:colcon.colcon_core.environment:checking '/home/arbaaz/decision_module/install/o5/lib'
[1.524s] Level 1:colcon.colcon_core.environment:checking '/home/arbaaz/decision_module/install/o5/bin'
[1.524s] Level 1:colcon.colcon_core.environment:checking '/home/arbaaz/decision_module/install/o5/lib/pkgconfig/o5.pc'
[1.524s] Level 1:colcon.colcon_core.environment:checking '/home/arbaaz/decision_module/install/o5/lib/python3.10/site-packages'
[1.524s] Level 1:colcon.colcon_core.environment:checking '/home/arbaaz/decision_module/install/o5/bin'
[1.525s] INFO:colcon.colcon_core.shell:Creating package script '/home/arbaaz/decision_module/install/o5/share/o5/package.ps1'
[1.525s] INFO:colcon.colcon_core.shell:Creating package descriptor '/home/arbaaz/decision_module/install/o5/share/o5/package.dsv'
[1.525s] INFO:colcon.colcon_core.shell:Creating package script '/home/arbaaz/decision_module/install/o5/share/o5/package.sh'
[1.526s] INFO:colcon.colcon_core.shell:Creating package script '/home/arbaaz/decision_module/install/o5/share/o5/package.bash'
[1.526s] INFO:colcon.colcon_core.shell:Creating package script '/home/arbaaz/decision_module/install/o5/share/o5/package.zsh'
[1.526s] Level 1:colcon.colcon_core.environment:create_file_with_runtime_dependencies(/home/arbaaz/decision_module/install/o5/share/colcon-core/packages/o5)
[1.527s] DEBUG:colcon.colcon_core.executor.sequential:run_until_complete 'o5' finished with '0'
[1.527s] DEBUG:colcon.colcon_core.executor.sequential:run_until_complete 'simulation_pkg'
[1.527s] INFO:colcon.colcon_ros.task.ament_python.build:Building ROS package in '/home/arbaaz/decision_module/src/simulation_pkg' with build type 'ament_python'
[1.527s] Level 1:colcon.colcon_core.shell:create_environment_hook('simulation_pkg', 'ament_prefix_path')
[1.527s] INFO:colcon.colcon_core.shell:Creating environment hook '/home/arbaaz/decision_module/install/simulation_pkg/share/simulation_pkg/hook/ament_prefix_path.ps1'
[1.528s] INFO:colcon.colcon_core.shell:Creating environment descriptor '/home/arbaaz/decision_module/install/simulation_pkg/share/simulation_pkg/hook/ament_prefix_path.dsv'
[1.528s] INFO:colcon.colcon_core.shell:Creating environment hook '/home/arbaaz/decision_module/install/simulation_pkg/share/simulation_pkg/hook/ament_prefix_path.sh'
[1.529s] INFO:colcon.colcon_core.shell:Skip shell extension 'powershell' for command environment: Not usable outside of PowerShell
[1.529s] DEBUG:colcon.colcon_core.shell:Skip shell extension 'dsv' for command environment
[1.787s] INFO:colcon.colcon_core.task.python.build:Building Python package in '/home/arbaaz/decision_module/src/simulation_pkg'
[1.787s] INFO:colcon.colcon_core.shell:Skip shell extension 'powershell' for command environment: Not usable outside of PowerShell
[1.787s] DEBUG:colcon.colcon_core.shell:Skip shell extension 'dsv' for command environment
[2.183s] DEBUG:colcon.colcon_core.event_handler.log_command:Invoking command in '/home/arbaaz/decision_module/src/simulation_pkg': PYTHONPATH=/home/arbaaz/decision_module/build/simulation_pkg/prefix_override:/usr/lib/python3/dist-packages/colcon_core/task/python/colcon_distutils_commands:/home/arbaaz/decision_module/install/simulation_pkg/lib/python3.10/site-packages:${PYTHONPATH} /usr/bin/python3 -W ignore:setup.py install is deprecated -W ignore:easy_install command is deprecated setup.py egg_info --egg-base ../../build/simulation_pkg build --build-base /home/arbaaz/decision_module/build/simulation_pkg/build install --record /home/arbaaz/decision_module/build/simulation_pkg/install.log --single-version-externally-managed install_data
[2.485s] Level 1:colcon.colcon_core.environment:checking '/home/arbaaz/decision_module/install/simulation_pkg' for CMake module files
[2.486s] DEBUG:colcon.colcon_core.event_handler.log_command:Invoked command in '/home/arbaaz/decision_module/src/simulation_pkg' returned '0': PYTHONPATH=/home/arbaaz/decision_module/build/simulation_pkg/prefix_override:/usr/lib/python3/dist-packages/colcon_core/task/python/colcon_distutils_commands:/home/arbaaz/decision_module/install/simulation_pkg/lib/python3.10/site-packages:${PYTHONPATH} /usr/bin/python3 -W ignore:setup.py install is deprecated -W ignore:easy_install command is deprecated setup.py egg_info --egg-base ../../build/simulation_pkg build --build-base /home/arbaaz/decision_module/build/simulation_pkg/build install --record /home/arbaaz/decision_module/build/simulation_pkg/install.log --single-version-externally-managed install_data
[2.486s] Level 1:colcon.colcon_core.environment:checking '/home/arbaaz/decision_module/install/simulation_pkg' for CMake config files
[2.487s] Level 1:colcon.colcon_core.environment:checking '/home/arbaaz/decision_module/install/simulation_pkg/lib'
[2.487s] Level 1:colcon.colcon_core.environment:checking '/home/arbaaz/decision_module/install/simulation_pkg/bin'
[2.487s] Level 1:colcon.colcon_core.environment:checking '/home/arbaaz/decision_module/install/simulation_pkg/lib/pkgconfig/simulation_pkg.pc'
[2.487s] Level 1:colcon.colcon_core.environment:checking '/home/arbaaz/decision_module/install/simulation_pkg/lib/python3.10/site-packages'
[2.487s] Level 1:colcon.colcon_core.shell:create_environment_hook('simulation_pkg', 'pythonpath')
[2.487s] INFO:colcon.colcon_core.shell:Creating environment hook '/home/arbaaz/decision_module/install/simulation_pkg/share/simulation_pkg/hook/pythonpath.ps1'
[2.488s] INFO:colcon.colcon_core.shell:Creating environment descriptor '/home/arbaaz/decision_module/install/simulation_pkg/share/simulation_pkg/hook/pythonpath.dsv'
[2.488s] INFO:colcon.colcon_core.shell:Creating environment hook '/home/arbaaz/decision_module/install/simulation_pkg/share/simulation_pkg/hook/pythonpath.sh'
[2.488s] Level 1:colcon.colcon_core.environment:checking '/home/arbaaz/decision_module/install/simulation_pkg/bin'
[2.489s] Level 1:colcon.colcon_core.environment:create_environment_scripts_only(simulation_pkg)
[2.489s] INFO:colcon.colcon_core.shell:Creating package script '/home/arbaaz/decision_module/install/simulation_pkg/share/simulation_pkg/package.ps1'
[2.489s] INFO:colcon.colcon_core.shell:Creating package descriptor '/home/arbaaz/decision_module/install/simulation_pkg/share/simulation_pkg/package.dsv'
[2.490s] INFO:colcon.colcon_core.shell:Creating package script '/home/arbaaz/decision_module/install/simulation_pkg/share/simulation_pkg/package.sh'
[2.490s] INFO:colcon.colcon_core.shell:Creating package script '/home/arbaaz/decision_module/install/simulation_pkg/share/simulation_pkg/package.bash'
[2.490s] INFO:colcon.colcon_core.shell:Creating package script '/home/arbaaz/decision_module/install/simulation_pkg/share/simulation_pkg/package.zsh'
[2.491s] Level 1:colcon.colcon_core.environment:create_file_with_runtime_dependencies(/home/arbaaz/decision_module/install/simulation_pkg/share/colcon-core/packages/simulation_pkg)
[2.491s] DEBUG:colcon.colcon_core.executor.sequential:run_until_complete 'simulation_pkg' finished with '0'
[2.491s] DEBUG:colcon.colcon_core.executor.sequential:closing loop
[2.491s] DEBUG:colcon.colcon_core.executor.sequential:loop closed
[2.491s] DEBUG:colcon.colcon_core.event_reactor:joining thread
[2.503s] INFO:colcon.colcon_core.plugin_system:Skipping extension 'colcon_notification.desktop_notification.terminal_notifier': Not used on non-Darwin systems
[2.504s] INFO:colcon.colcon_core.plugin_system:Skipping extension 'colcon_notification.desktop_notification.win32': Not used on non-Windows systems
[2.504s] INFO:colcon.colcon_notification.desktop_notification:Sending desktop notification using 'notify2'
[2.522s] DEBUG:colcon.colcon_core.event_reactor:joined thread
[2.523s] INFO:colcon.colcon_core.shell:Creating prefix script '/home/arbaaz/decision_module/install/local_setup.ps1'
[2.525s] INFO:colcon.colcon_core.shell:Creating prefix util module '/home/arbaaz/decision_module/install/_local_setup_util_ps1.py'
[2.526s] INFO:colcon.colcon_core.shell:Creating prefix chain script '/home/arbaaz/decision_module/install/setup.ps1'
[2.527s] INFO:colcon.colcon_core.shell:Creating prefix script '/home/arbaaz/decision_module/install/local_setup.sh'
[2.528s] INFO:colcon.colcon_core.shell:Creating prefix util module '/home/arbaaz/decision_module/install/_local_setup_util_sh.py'
[2.529s] INFO:colcon.colcon_core.shell:Creating prefix chain script '/home/arbaaz/decision_module/install/setup.sh'
[2.530s] INFO:colcon.colcon_core.shell:Creating prefix script '/home/arbaaz/decision_module/install/local_setup.bash'
[2.530s] INFO:colcon.colcon_core.shell:Creating prefix chain script '/home/arbaaz/decision_module/install/setup.bash'
[2.532s] INFO:colcon.colcon_core.shell:Creating prefix script '/home/arbaaz/decision_module/install/local_setup.zsh'
[2.533s] INFO:colcon.colcon_core.shell:Creating prefix chain script '/home/arbaaz/decision_module/install/setup.zsh'
